2016-12-11 08:38:38 GMT: M0SBU-13>APRS,WIDE2-1,qAR,F4DBS-10:!/5"*-NM"/O   /A=028208 |!!M<Z,:g>1!-|
2016-12-11 08:40:14 GMT: M0SBU-13>APRS,WIDE2-1,qAR,F4DBS-10:!/5"jQNMS8O   /A=028572 |!"M3ZC:a>1!E|
2016-12-11 08:40:51 GMT: M0SBU-13>APRS,ARISS,qAR,ON7EQ-10:!/5#(>NMeFO   /A=028707  via ARISS|!#M<[G:[>1!-|
2016-12-11 08:41:26 GMT: M0SBU-13>APRS,WIDE2-1,qAR,MB7UMS:!/5#B#NMw8O   /A=028766 |!$M8Yt:[>1!-|
2016-12-11 08:42:38 GMT: M0SBU-13>APRS,WIDE2-1,qAR,2E0FSI-10:!/5#tpNN?wO   /A=029061 |!%M<X0:R>*!.|
2016-12-11 08:43:14 GMT: M0SBU-13>APRS,ARISS,qAR,ON7EQ-10:!/5$3ENNQ9O   /A=029179  via ARISS|!&M>ZL:O>*!-|
2016-12-11 08:43:50 GMT: M0SBU-13>APRS,WIDE2-1,qAR,MB7USS:!/5$M%NNb6O   /A=029294 |!'M@Yx:J>/!-|
2016-12-11 08:45:02 GMT: M0SBU-13>APRS,WIDE2-1,qAR,MB7UMS:!/5%&)NO(oO   /A=029605 |!(M@ZZ:F>#!.|
2016-12-11 08:45:38 GMT: M0SBU-13>APRS,ARISS,qAR,ON7EQ-10:!/5%@:NO8_O   /A=029727  via ARISS|!)M8YJ:E>&!-|
2016-12-11 08:46:14 GMT: M0SBU-13>APRS,WIDE2-1,qAR,2E0FSI-10:!/5%ZlNOH/O   /A=029907 |!*MBZ7:A>,!-|
2016-12-11 08:47:26 GMT: M0SBU-13>APRS,WIDE2-1,qAR,MB7UMS:!/5&53NOdOO   /A=030268 |!+M>YW:?>&!.|
2016-12-11 08:48:38 GMT: M0SBU-13>APRS,WIDE2-1,qAR,2E0FSI-10:!/5&iONP$BO   /A=030672 |!-M<Wm:#=v!-|
2016-12-11 08:49:50 GMT: M0SBU-13>APRS,WIDE2-1,qAR,F4DBS-10:!/5'=jNP=gO   /A=031134 |!.MD[-:%=f!-|
2016-12-11 08:50:27 GMT: M0SBU-13>APRS,ARISS,qAR,ON7EQ-10:!/5'RBNPJpO   /A=031344  via ARISS|!/MD[E:+=f!-|
2016-12-11 08:51:02 GMT: M0SBU-13>APRS,WIDE2-1,qAR,MB7UMS:!/5'd^NPWyO   /A=031554 |!0MB[M:%=j!-|
2016-12-11 08:52:14 GMT: M0SBU-13>APRS,WIDE2-1,qAR,2E0FSI-10:!/5(*MNPsYO   /A=031932 |!1MDZq9u=f!-|
2016-12-11 08:53:26 GMT: M0SBU-13>APRS,WIDE2-1,qAR,F4DBS-10:!/5(GWNQ6oO   /A=032319 |!3M<[:9p=j!-|
2016-12-11 08:54:38 GMT: M0SBU-13>APRS,WIDE2-1,qAR,F4DBS-10:!/5(d3NQWLO   /A=032706 |!4MM[<9g=d!-|
2016-12-11 08:55:15 GMT: M0SBU-13>APRS,ARISS,qAR,M0REM:!/5(r;NQh-O   /A=032916  via ARISS|!5M<[K9^=h!-|
2016-12-11 08:55:50 GMT: M0SBU-13>APRS,WIDE2-1,qAR,MB7UMS:!/5)%;NQxyO   /A=033093 |!6MB[)9\=m!-|
2016-12-11 08:57:02 GMT: M0SBU-13>APRS,WIDE2-1,qAR,MB7USS:!/5)D6NR?+O   /A=033441 |!7MDZe9Q=b!-|
2016-12-11 08:57:39 GMT: M0SBU-13>APRS,ARISS,qAR,ON7EQ-10:!/5)U;NROcO   /A=033565  via ARISS|!8MH\-9Y=d!-|
2016-12-11 08:58:14 GMT: M0SBU-13>APRS,WIDE2-1,qAR,F4DBS-10:!/5)eMNR__O   /A=033690 |!9M@[W9O=b!-|
2016-12-11 08:59:26 GMT: M0SBU-13>APRS,WIDE2-1,qAR,MB7VB:!/5*&bNS#^O   /A=033916 |!:MD\H9G=W!-|
2016-12-11 09:00:02 GMT: M0SBU-13>APRS,ARISS,qAR,ON7EQ-10:!/5*2eNS2YO   /A=034025  via ARISS|!;MJ[)9E=T!-|
2016-12-11 09:00:38 GMT: M0SBU-13>APRS,WIDE2-1,qAR,ON7SD-5:!/5*>iNSA4O   /A=034176 |!<M:[49K=W!-|
2016-12-11 09:01:50 GMT: M0SBU-13>APRS,WIDE2-1,qAR,MB7USS:!/5*T6NSaLO   /A=034491 |!=M>[69B=N!-|
2016-12-11 09:02:26 GMT: M0SBU-13>APRS,ARISS,qAR,ON7EQ-10:!/5*^0NSrQO   /A=034664  via ARISS|!>MBZX9==R!-|
2016-12-11 09:03:02 GMT: M0SBU-13>APRS,WIDE2-1,qAR,F4DBS-10:!/5*g^NT(jO   /A=034842 |!?M>[S9:=N!-|
2016-12-11 09:04:14 GMT: M0SBU-13>APRS,WIDE2-1,qAR,MB7UMS:!/5*{"NTJ8O   /A=035212 |!@M>\a9,=E!-|
2016-12-11 09:05:27 GMT: M0SBU-13>APRS,WIDE2-1,qAR,MB7UHA:!/5+3%NTl>O   /A=035626 |!BMF['9$=C!-|
2016-12-11 09:06:38 GMT: M0SBU-13>APRS,WIDE2-1,qAR,F4DBS-10:!/5+GxNU4UO   /A=036046 |!CM@\a9!=:!-|
2016-12-11 09:07:14 GMT: M0SBU-13>APRS,ARISS,qAR,ON7EQ-10:!/5+R)NUF7O   /A=036233  via ARISS|!DM@]"8w=7!-|
2016-12-11 09:07:50 GMT: M0SBU-13>APRS,WIDE2-1,qAR,F4DBS-10:!/5+]pNUWlO   /A=036420 |!EMB\/8p=<!-|
2016-12-11 09:08:47 GMT: M0SBU-13>APRS,WIDE2-1,qAR,F4DBS-10:!/5+sFNUu"O   /A=036699 |!FMM]78k=3!B|
2016-12-11 09:10:02 GMT: M0SBU-13>APRS,WIDE2-1,qAR,F4DBS-10:!/5,8ONVBVO   /A=037046 |!GMD]48f=,!-|
2016-12-11 09:10:03 GMT: M0SBU-13>APRS,ARISS,qAR,ON7EQ-10:!/5,8ONVBVO   /A=037046  via ARISS|!HMD]48f=,!-|
2016-12-11 09:11:13 GMT: M0SBU-13>APRS,WIDE2-1,qAR,F4DBS-10:!/5,X_NVkkO   /A=037430 |!IMD\z8`=,!,|
2016-12-11 09:12:25 GMT: M0SBU-13>APRS,WIDE2-1,qAR,F4DBS-10:!/5,{1NW@cO   /A=037807 |!JMF\L8]=(!-|
2016-12-11 09:12:26 GMT: M0SBU-13>APRS,ARISS,qAR,ON7EQ-10:!/5,{1NW@cO   /A=037807  via ARISS|!KMF\L8]=(!-|
2016-12-11 09:13:37 GMT: M0SBU-13>APRS,WIDE2-1,qAR,MB7UMS:!/5-F@NWs.O   /A=038155 |!LMH]a8X=*!-|
2016-12-12 06:58:11 GMT: M0SBU-13>APRS,WIDE2-1,qAR,S59DTB-10:!/8Ft8SFv[O   /A=049441 YU|!!M8Ya9`?Y!"|
2016-12-12 06:59:14 GMT: M0SBU-13>APRS,WIDE2-1,qAR,YU0XUE:!/8G-`SG=aO   /A=049402 YU|!#M@X:9c?d!"|
2016-12-12 07:00:15 GMT: M0SBU-13>APRS,WIDE2-1,qAR,YU0XPI:!/8GADSG`4O   /A=049376 YU|!$M<ZZ9l?T!"|
2016-12-12 07:01:17 GMT: M0SBU-13>APRS,WIDE2-1,qAR,YU0XUE:!/8GTwSH'RO   /A=049399 YU|!&M1Ta:B?f!"|
2016-12-12 07:02:20 GMT: M0SBU-13>APRS,WIDE2-1,qAR,YU0XUE:!/8GhYSHI\O   /A=049359 YU|!'M<US:9?f!"|
2016-12-12 07:03:21 GMT: M0SBU-13>APRS,WIDE2-1,qAR,LZ0DOE:!/8H![SHkzO   /A=049271 YU|!)M:V{:"?d!"|
2016-12-12 07:04:23 GMT: M0SBU-13>APRS,WIDE2-1,qAR,LZ0DOE:!/8H6nSI3QO   /A=049195 YU|!*M3VN:.?f!"|
2016-12-12 07:05:25 GMT: M0SBU-13>APRS,WIDE2-1,qAR,LZ0DOE:!/8HMGSIV,O   /A=049234 YU|!,M5WT:/?m!"|
2016-12-12 07:06:27 GMT: M0SBU-13>APRS,WIDE2-1,qAR,IZ6RDB:!/8Hd@SIxNO   /A=049333 YU|!-M>W$9q?o!"|
2016-12-12 07:07:29 GMT: M0SBU-13>APRS,WIDE2-1,qAR,IZ6RDB:!/8H{CSJ?PO   /A=049353 YU|!/M:WR:1?v!"|
2016-12-12 07:08:31 GMT: M0SBU-13>APRS,WIDE2-1,qAR,LZ0DOE:!/8I8-SJa^O   /A=049297 YU|!0M3VL:O?s!"|
2016-12-12 07:09:34 GMT: M0SBU-13>APRS,WIDE2-1,qAR,YU0XUE:!/8IQ:SK(dO   /A=049284 YU|!2MDW;:=?z!"|
2016-12-12 07:10:36 GMT: M0SBU-13>APRS,WIDE2-1,qAR,YU0XUE:!/8IjcSKJ:O   /A=049333 YU|!3M:UK:"?x!"|
2016-12-12 07:11:38 GMT: M0SBU-13>APRS,OE6XTR*,WIDE2,qAR,OE1XTK:!/8J)#SKkKO   /A=049359 YU|!5M3V$:A@(!"|
2016-12-12 07:12:39 GMT: M0SBU-13>APRS,WIDE2-1,qAR,YU0XPI:!/8JAoSL2!O   /A=049336 YU|!6M8Wg:C@(!"|
2016-12-12 07:13:41 GMT: M0SBU-13>APRS,WIDE2-1,qAR,YU0XUE:!/8JZPSLT?O   /A=049336 YU|!8MDXU:P@,!"|
2016-12-12 07:14:44 GMT: M0SBU-13>APRS,WIDE2-1,qAR,YU0XUE:!/8JrbSLvYO   /A=049356 YU|!9M5Ud:?@1!"|
2016-12-12 07:15:45 GMT: M0SBU-13>APRS,WIDE2-1,qAR,LZ0DOE:!/8K/bSM=SO   /A=049343 YU|!;M>Vv:V@3!"|
2016-12-12 07:16:47 GMT: M0SBU-13>APRS,WIDE2-1,qAR,YU0XPI:!/8KGfSM_-O   /A=049372 YU|!<M:Wc:3@:!"|
2016-12-12 07:17:50 GMT: M0SBU-13>APRS,WIDE2-1,qAR,YU0XUE:!/8K_DSN%FO   /A=049425 YU|!>MBT\:8@K!"|
2016-12-12 07:18:52 GMT: M0SBU-13>APRS,WIDE2-1,qAR,YU0XUE:!/8Kw*SNG<O   /A=049392 YU|!?M<Vf:5@<!"|
2016-12-12 07:19:54 GMT: M0SBU-13>APRS,WIDE2-1,qAR,YU0XUE:!/8L4>SNijO   /A=049326 YU|!AM>Tt:i@E!"|
2016-12-12 07:20:55 GMT: M0SBU-13>APRS,WIDE2-1,qAR,LZ1PRO:!/8LM-SO1UO   /A=049339 YU|!BM:Sr:?@P!"|
2016-12-12 07:21:58 GMT: M0SBU-13>APRS,WIDE2-1,qAR,YU0XUE:!/8Lf2SOTDO   /A=049389 YU|!DM3Ub:U@T!"|
2016-12-12 07:22:59 GMT: M0SBU-13>APRS,WIDE2-1,qAR,YU0XPI:!/8M$KSOw#O   /A=049369 YU|!EM<UC:f@R!"|
2016-12-12 07:24:02 GMT: M0SBU-13>APRS,WIDE2-1,qAR,YU0XUE:!/8M=rSP>=O   /A=049313 YU|!GM:T_:h@[!"|
2016-12-12 07:25:03 GMT: M0SBU-13>APRS,WIDE2-1,qAR,LZ0DOE:!/8MWZSP`7O   /A=049297 YU|!HM3Sj:7@f!"|
2016-12-12 07:26:05 GMT: M0SBU-13>APRS,WIDE2-1,qAR,LZ0DOE:!/8MpqSQ&xO   /A=049379 YU|!JM8U':=@a!"|
2016-12-12 07:27:08 GMT: M0SBU-13>APRS,WIDE2-1,qAR,YU0XUE:!/8N.0SQHjO   /A=049421 YU|!KM/Vn:p@a!"|
2016-12-12 07:28:10 GMT: M0SBU-13>APRS,WIDE2-1,qAR,YU0XUE:!/8NFDSQk=O   /A=049349 YU|!MM<TN:3@h!"|
2016-12-12 07:29:11 GMT: M0SBU-13>APRS,WIDE2-1,qAR,YU0XUE:!/8N^2SR2kO   /A=049336 YU|!NM>X6:/@Y!"|
2016-12-12 07:30:13 GMT: M0SBU-13>APRS,WIDE2-1,qAR,LZ0DOE:!/8NuQSRTeO   /A=049353 YU|!PM>Uh:0@[!"|
2016-12-12 07:31:15 GMT: M0SBU-13>APRS,WIDE2-1,qAR,LZ1PRO:!/8O2%SRvKO   /A=049353 YU|!QM5U%:H@[!"|
2016-12-12 07:32:17 GMT: M0SBU-13>APRS,WIDE2-1,qAR,9A7KXP-10:!/8OI\SS<tO   /A=049323 YU|!SM1Tx:`@a!"|
2016-12-12 07:33:20 GMT: M0SBU-13>APRS,WIDE2-1,qAR,YU0XUE:!/8OaLSS^.O   /A=049320 YU|!TM:VY:L@]!"|
2016-12-12 07:34:21 GMT: M0SBU-13>APRS,WIDE2-1,qAR,LZ0DOE:!/8Oy:ST#bO   /A=049333 YU|!VM:U`:B@a!"|
2016-12-12 07:35:23 GMT: M0SBU-13>APRS,WIDE2-1,qAR,LZ0DOE:!/8P66STCZO   /A=049316 YU|!WM5VD:L@j!"|
2016-12-12 07:36:25 GMT: M0SBU-13>APRS,WIDE2-1,qAR,LZ1PRO:!/8PNZSTcNO   /A=049307 YU|!YM1V9:B@j!"|
2016-12-12 07:37:28 GMT: M0SBU-13>APRS,WIDE2-1,qAR,YU0XUE:!/8Pg=SU(JO   /A=049359 YU|!ZM>WL:F@V!"|
2016-12-12 07:38:29 GMT: M0SBU-13>APRS,WIDE2-1,qAR,9A7KXP-10:!/8Q%,SUHbO   /A=049356 YU|!\M@WT:S@d!"|
2016-12-12 07:40:34 GMT: M0SBU-13>APRS,YT1NIV-2,WIDE2*,qAR,YU0XPI:!/8QY^SV/$O   /A=049333 YU|!_M<UX::@q!"|
2016-12-12 07:42:39 GMT: M0SBU-13>APRS,YT1NIV-2,WIDE2*,qAR,YU0XPI:!/8R46SVnSO   /A=049346 YU|!bM5Rb:K@s!"|
2016-12-12 07:43:39 GMT: M0SBU-13>APRS,WIDE2-1,qAR,YU0XPI:!/8ROESW2jO   /A=049294 YU|!cM5Vt:V@s!"|
2016-12-12 07:44:41 GMT: M0SBU-13>APRS,WIDE2-1,qAR,LZ0IOS-10:!/8Rk_SWQuO   /A=049218 YU|!eM<Uu9{A#!"|
2016-12-12 07:45:43 GMT: M0SBU-13>APRS,WIDE2-1,qAR,LZ0IOS-10:!/8S-hSWq!O   /A=049182 YU|!fM5Us:J@q!"|
2016-12-12 07:46:45 GMT: M0SBU-13>APRS,WIDE2-1,qAR,LZ1PRO:!/8SKZSX5@O   /A=049205 YU|!hM>UE:G@o!"|
2016-12-12 07:47:47 GMT: M0SBU-13>APRS,WIDE2-1,qAR,YU0XPI:!/8ShgSXTWO   /A=049238 YU|!iM:Xj:T@j!"|
2016-12-12 07:48:49 GMT: M0SBU-13>APRS,WIDE2-1,qAR,YU0XPI:!/8T)gSXs^O   /A=049274 YU|!kM8V5:\@o!"|
2016-12-12 07:49:51 GMT: M0SBU-13>APRS,WIDE2-1,qAR,YU0XUE:!/8TDfSY7EO   /A=049316 YU|!lM>TL:L@m!"|
2016-12-12 07:50:55 GMT: M0SBU-13>APRS,YU0XPI-4,WIDE2*,qAR,YU0XPI:!/8T_5SYUgO   /A=049303 YU|!nM:V$:T@m!"|
2016-12-12 07:51:55 GMT: M0SBU-13>APRS,WIDE2-1,qAR,LZ0DOE:!/8TyISYt*O   /A=049280 YU|!oM:U\:\@z!"|
2016-12-12 07:52:57 GMT: M0SBU-13>APRS,WIDE2-1,qAR,YU0XUE:!/8U8ASZ7TO   /A=049300 YU|!qM:V':L@z!"|
2016-12-12 07:54:01 GMT: M0SBU-13>APRS,YO7MGH-3,WIDE2*,qAR,LZ0DOE:!/8UQ`SZV#O   /A=049366 YU|!rM<UO:b@x!"|
2016-12-12 07:55:01 GMT: M0SBU-13>APRS,WIDE2-1,qAR,YU0XPI:!/8UjYSZu.O   /A=049451 YU|!tM<Tt::@z!"|
2016-12-12 07:56:03 GMT: M0SBU-13>APRS,WIDE2-1,qAR,9A7KXP-10:!/8V(hS[:&O   /A=049490 YU|!uM:W(:.@x!"|
2016-12-12 07:57:05 GMT: M0SBU-13>APRS,WIDE2-1,qAR,LZ0DOE:!/8VA[S[ZFO   /A=049402 YU|!wM>YW9y@q!"|
2016-12-12 07:58:07 GMT: M0SBU-13>APRS,WIDE2-1,qAR,LZ0IOS-10:!/8VZ@S[{/O   /A=049287 YU|!xM@Wo9u@h!"|
2016-12-12 07:59:09 GMT: M0SBU-13>APRS,WIDE2-1,qAR,YU0XPI:!/8Vs[S\@#O   /A=049221 YU|!zM>Va:g@f!"|
2016-12-12 08:00:13 GMT: M0SBU-13>APRS,9A2CD-11*,qAR,S53XX-10:!/8W1`S\_RO   /A=049251 YU|!{M8Sj:(@d!"|
2016-12-12 08:01:15 GMT: M0SBU-13>APRS,YT1NIV-2,WIDE2*,qAR,YU0XPI:!/8WJES]#uO   /A=049320 YU|""M1R!:)@[!"|
2016-12-12 08:02:15 GMT: M0SBU-13>APRS,WIDE2-1,qAR,LZ1PRO:!/8WbYS]CMO   /A=049349 YU|"#M8Tx:f@a!"|
2016-12-12 08:03:17 GMT: M0SBU-13>APRS,WIDE2-1,qAR,YU0XPI:!/8WzCS]blO   /A=049307 YU|"%M5Tg:K@f!"|
2016-12-12 08:04:19 GMT: M0SBU-13>APRS,WIDE2-1,qAR,LZ0DOE:!/8X6DS^&kO   /A=049215 YU|"&M@V]:4@m!"|
2016-12-12 08:05:21 GMT: M0SBU-13>APRS,WIDE2-1,qAR,LZ0IOS-10:!/8XLfS^E2O   /A=049143 YU|"(M8U{:8@f!"|
2016-12-12 08:06:23 GMT: M0SBU-13>APRS,WIDE2-1,qAR,LZ0DOE:!/8XbnS^bGO   /A=049159 YU|")M8U6:Q@m!"|
2016-12-12 08:07:25 GMT: M0SBU-13>APRS,WIDE2-1,qAR,LZ1PRO:!/8Xx:S_#gO   /A=049218 YU|"+M/S":F@m!"|
2016-12-12 08:08:27 GMT: M0SBU-13>APRS,WIDE2-1,qAR,LZ0DOE:!/8Y2WS_?OO   /A=049257 YU|",M5W":N@m!"|
2016-12-12 08:09:29 GMT: M0SBU-13>APRS,WIDE2-1,qAR,LZ0DOE:!/8YGxS_ZZO   /A=049238 YU|".M3U<:Y@z!"|
2016-12-12 08:10:33 GMT: M0SBU-13>APRS,YO7MGH-3,WIDE2*,qAR,LZ0VRC-2:!/8Y]:S_u9O   /A=049185 YU|"/M<US:W@h!"|
2016-12-12 08:11:34 GMT: M0SBU-13>APRS,YO2LGP-2,WIDE2*,qAR,YO2LOJ-10:!/8Yr'S`4GO   /A=049133 YU|"1M5Wm:4@T!"|
2016-12-12 08:12:35 GMT: M0SBU-13>APRS,WIDE2-1,qAR,YU0XPI:!/8Z+/S`NQO   /A=049120 YU|"2M5U^:5@]!"|
2016-12-12 08:13:37 GMT: M0SBU-13>APRS,WIDE2-1,qAR,YU0XPI:!/8Z??S`hkO   /A=049172 YU|"4M<Uf:E@a!"|
2016-12-12 08:14:39 GMT: M0SBU-13>APRS,WIDE2-1,qAR,LZ0IOS-10:!/8ZRnSa(>O   /A=049267 YU|"5M5T*:@@s!"|
2016-12-12 08:16:43 GMT: M0SBU-13>APRS,WIDE2-1,qAR,LZ0IOS-10:!/8Zz6Sa]#O   /A=049202 YU|"8M-TP:i@s!"|
2016-12-12 08:17:45 GMT: M0SBU-13>APRS,WIDE2-1,qAR,YU0XPI:!/8[3NSawMO   /A=049189 YU|":M3Uy:l@h!"|
2016-12-12 08:18:49 GMT: M0SBU-13>APRS,YO7MGH-3,WIDE2*,qAR,LZ0DOE:!/8[GnSb7(O   /A=049205 YU|";M:XM:?@f!"|
2016-12-12 08:19:49 GMT: M0SBU-13>APRS,WIDE2-1,qAR,LZ0DOE:!/8[[rSbQ^O   /A=049221 YU|"=M>TN;"@m!"|
2016-12-12 08:20:51 GMT: M0SBU-13>APRS,WIDE2-1,qAR,YU0XPI:!/8[oNSbl=O   /A=049221 YU|">M:SD:D@f!"|
2016-12-12 08:21:55 GMT: M0SBU-13>APRS,YO7MGH-3,WIDE2*,qAR,LZ0DOE:!/8\'eSc+{O   /A=049198 YU|"@M>Vr:G@a!"|
2016-12-12 08:22:55 GMT: M0SBU-13>APRS,WIDE2-1,qAR,LZ0DOE:!/8\;'ScFzO   /A=049166 YU|"AM:We:f@o!"|
2016-12-12 08:23:57 GMT: M0SBU-13>APRS,WIDE2-1,qAR,LZ0DOE:!/8\N$Scb>O   /A=049136 YU|"CM>VQ:M@j!"|
2016-12-12 08:24:59 GMT: M0SBU-13>APRS,WIDE2-1,qAR,LZ0IOS-10:!/8\`@Sd"]O   /A=049123 |"DM@W$:A@a!"|
2016-12-12 08:27:03 GMT: M0SBU-13>APRS,WIDE2-1,qAR,LZ0DOE:!/8]([SdXoO   /A=049179 |"GM8W.:b@a!"|
2016-12-12 08:29:07 GMT: M0SBU-13>APRS,WIDE2-1,qAR,LZ0DOE:!/8]K&Se5'O   /A=049169 |"JMBWE:9@Y!"|
2016-12-12 08:30:09 GMT: M0SBU-13>APRS,WIDE2-1,qAR,YO2LOJ-10:!/8]\/SeQ/O   /A=049192 |"LM@TX:y@j!"|
2016-12-12 08:31:11 GMT: M0SBU-13>APRS,WIDE2-1,qAR,LZ0DOE:!/8]mDSemkO   /A=049202 |"MM@VS:K@a!"|
2016-12-12 08:32:13 GMT: M0SBU-13>APRS,WIDE2-1,qAR,YU0XPI:!/8^$(Sf/LO   /A=049189 |"OM<U\:8@R!"|
2016-12-12 08:33:15 GMT: M0SBU-13>APRS,WIDE2-1,qAR,LZ1PRO:!/8^6LSfL=O   /A=049136 |"PM8V]:N@V!"|
2016-12-12 08:34:17 GMT: M0SBU-13>APRS,WIDE2-1,qAR,YU0XPI:!/8^I/Sfi:O   /A=049084 |"RM1VU:e@j!"|
2016-12-12 08:35:19 GMT: M0SBU-13>APRS,WIDE2-1,qAR,LZ0DOE:!/8^[/Sg+_O   /A=049028 |"SM5Sf:K@s!"|
2016-12-12 08:36:21 GMT: M0SBU-13>APRS,WIDE2-1,qAR,YU0XPI:!/8^l(SgIMO   /A=049054 |"UM5T=:+@f!"|
2016-12-12 08:38:25 GMT: M0SBU-13>APRS,WIDE2-1,qAR,YU0XPI:!/8_1tSh*EO   /A=049166 |"XM:Vx:G@_!"|
2016-12-12 08:38:35 GMT: M0SBU-13>APRS,LZ0DOE*,qAR,LZ1LCD-1:!/8^$(Sf/LO   /A=049189 |"OM<U\:8@R!"|
2016-12-12 08:38:35 GMT: M0SBU-13>APRS,LZ0DOE*,qAR,LZ1LCD-1:!/8^6LSfL=O   /A=049136 |"PM8V]:N@V!"|
2016-12-12 08:38:35 GMT: M0SBU-13>APRS,LZ0DOE*,qAR,LZ1LCD-1:!/8^[/Sg+_O   /A=049028 |"SM5Sf:K@s!"|
2016-12-12 08:39:27 GMT: M0SBU-13>APRS,WIDE2-1,qAR,LZ0DOE:!/8_C0ShHSO   /A=049136 |"YM:V<:I@j!"|
2016-12-12 08:40:29 GMT: M0SBU-13>APRS,WIDE2-1,qAR,LZ0IOS-10:!/8_T1ShfuO   /A=049054 |"[M8T\:]@h!"|
2016-12-12 08:41:31 GMT: M0SBU-13>APRS,WIDE2-1,qAR,YU0XPI:!/8_c^Si)gO   /A=048985 |"\M<Tt:-@m!"|
2016-12-12 08:42:33 GMT: M0SBU-13>APRS,WIDE2-1,qAR,YO2LOJ-10:!/8_q.SiGAO   /A=049047 |"^M>TG:2@a!"|
2016-12-12 08:43:35 GMT: M0SBU-13>APRS,WIDE2-1,qAR,LZ1PRO:!/8`!QSie+O   /A=049136 |"_M:U{:C@_!"|
2016-12-12 08:44:37 GMT: M0SBU-13>APRS,WIDE2-1,qAR,LZ1PRO:!/8`,TSj'(O   /A=049169 |"aM>UU:-@[!"|
2016-12-12 08:45:39 GMT: M0SBU-13>APRS,WIDE2-1,qAR,YU0XPI:!/8`7qSjClO   /A=049159 |"bM<VY:N@]!"|
2016-12-12 08:46:41 GMT: M0SBU-13>APRS,WIDE2-1,qAR,LZ1PRO:!/8`CSSj`1O   /A=049116 |"dM:WG:4@a!"|
2016-12-12 08:47:43 GMT: M0SBU-13>APRS,WIDE2-1,qAR,LZ0DOE:!/8`OCSk">O   /A=049113 YU|"eM:Tg:&@a!"|
2016-12-12 08:48:46 GMT: M0SBU-13>APRS,WIDE2-1,qAR,YU0XPI:!/8`\2Sk?_O   /A=049152 YU|"gM>Wc:$@R!"|
2016-12-12 08:49:48 GMT: M0SBU-13>APRS,WIDE2-1,qAR,YU0XPI:!/8`iwSk]!O   /A=049218 YU|"hMDYa:%@G!"|
2016-12-12 08:51:52 GMT: M0SBU-13>APRS,WIDE2-1,qAR,LZ0DOE:!/8a+dSl;jO   /A=049202 YU|"kM5Xw:#@N!"|
2016-12-12 08:52:54 GMT: M0SBU-13>APRS,WIDE2-1,qAR,LZ0IOS-10:!/8a:5SlX+O   /A=049120 YU|"mM3Wk:E@R!"|
2016-12-12 08:53:56 GMT: M0SBU-13>APRS,WIDE2-1,qAR,LZ0DOE:!/8aH7SltCO   /A=049074 YU|"nM<UQ:a@_!"|
2016-12-12 08:54:58 GMT: M0SBU-13>APRS,WIDE2-1,qAR,LZ0DOE:!/8aUXSm6,O   /A=049074 YU|"pM:T_:F@[!"|
2016-12-12 08:56:00 GMT: M0SBU-13>APRS,WIDE2-1,qAR,YU0XPI:!/8aaVSmSAO   /A=049084 YU|"qM<U\:B@V!"|
2016-12-12 08:57:02 GMT: M0SBU-13>APRS,WIDE2-1,qAR,YU0XPI:!/8amTSmpVO   /A=049097 YU|"sM<U8:4@K!"|
2016-12-12 08:58:04 GMT: M0SBU-13>APRS,WIDE2-1,qAR,LZ1PRO:!/8ay\Sn2kO   /A=049067 YU|"tM<TN:T@G!"|
2016-12-12 08:59:06 GMT: M0SBU-13>APRS,WIDE2-1,qAR,LZ1PRO:!/8b+!SnP!O   /A=049061 YU|"vMBWR:>@I!"|
2016-12-12 09:00:08 GMT: M0SBU-13>APRS,WIDE2-1,qAR,LZ0IOS-10:!/8b79Snm>O   /A=049093 YU|"wM<U+:h@P!"|
2016-12-12 09:01:10 GMT: M0SBU-13>APRS,WIDE2-1,qAR,LZ1PRO:!/8bC=So/3O   /A=049143 YU|"yM:VS:s@N!"|
2016-12-12 09:01:17 GMT: M0SBU-13>APRS,LZ0DOE*,qAR,LZ1LCD-1:!/8aUXSm6,O   /A=049074 YU|"pM:T_:F@[!"|
2016-12-12 09:01:17 GMT: M0SBU-13>APRS,LZ0DOE*,qAR,LZ1LCD-1:!/8amTSmpVO   /A=049097 YU|"sM<U8:4@K!"|
2016-12-12 09:02:12 GMT: M0SBU-13>APRS,WIDE2-1,qAR,YU0XPI:!/8bO]SoKsO   /A=049166 YU|"zM@U^:R@[!"|
2016-12-12 09:03:14 GMT: M0SBU-13>APRS,WIDE2-1,qAR,YU0XPI:!/8b\rSoh,O   /A=049129 YU|#!M:UM:R@[!"|
2016-12-12 09:04:16 GMT: M0SBU-13>APRS,WIDE2-1,qAR,YU0XPI:!/8bjNSp)DO   /A=049084 YU|#"M3T;:k@Y!"|
2016-12-12 09:05:18 GMT: M0SBU-13>APRS,WIDE2-1,qAR,LZ0DOE:!/8bwiSpElO   /A=049031 YU|#$M>V":Z@R!"|
2016-12-12 09:06:21 GMT: M0SBU-13>APRS,WIDE2-1,qAR,SV2HNH-1:!/8c).Spb9O   /A=049015 YU|#%M>U':.@I!"|
2016-12-12 09:07:22 GMT: M0SBU-13>APRS,WIDE2-1,qAR,LZ0IOS-10:!/8c4{Sq$2O   /A=049054 YU|#'M/Tv:H@K!"|
2016-12-12 09:08:24 GMT: M0SBU-13>APRS,WIDE2-1,qAR,YU0XPI:!/8c?rSqA;O   /A=049113 YU|#(M:Te:]@E!"|
2016-12-12 09:09:26 GMT: M0SBU-13>APRS,WIDE2-1,qAR,YO2LOJ-10:!/8cJ3Sq^TO   /A=049116 YU|#*M:UO:a@P!"|
2016-12-12 09:10:28 GMT: M0SBU-13>APRS,WIDE2-1,qAR,LZ0IOS-10:!/8cSlSq{yO   /A=049061 YU|#+MBWv:c@V!"|
2016-12-12 09:11:30 GMT: M0SBU-13>APRS,WIDE2-1,qAR,YU0XPI:!/8c\aSr>cO   /A=049031 YU|#-M8US:V@a!"|
2016-12-12 09:12:32 GMT: M0SBU-13>APRS,WIDE2-1,qAR,LZ0DOE:!/8cd[Sr\EO   /A=049047 YU|#.M/Vh:J@_!"|
2016-12-12 09:13:34 GMT: M0SBU-13>APRS,WIDE2-1,qAR,LZ0BGN:!/8ck<Srz7O   /A=049087 YU|#0M8Wo:8@[!"|
2016-12-12 09:14:36 GMT: M0SBU-13>APRS,WIDE2-1,qAR,LZ1PRO:!/8cqtSs=IO   /A=049054 YU|#1MBWX:N@a!"|
2016-12-12 09:15:38 GMT: M0SBU-13>APRS,WIDE2-1,qAR,LZ0DOE:!/8cxoSs[oO   /A=049002 YU|#3M>Wt:;@a!"|
2016-12-12 09:16:40 GMT: M0SBU-13>APRS,WIDE2-1,qAR,YU0XPI:!/8d$4SszjO   /A=048972 YU|#4M:UO:>@h!"|
2016-12-12 09:17:42 GMT: M0SBU-13>APRS,WIDE2-1,qAR,LZ1PRO:!/8d)#St>qO   /A=048946 YU|#6M:TE:C@d!"|
2016-12-12 09:18:44 GMT: M0SBU-13>APRS,WIDE2-1,qAR,YU0XPI:!/8d,`St]lO   /A=048972 YU|#7M8T_:5@_!"|
2016-12-12 09:19:46 GMT: M0SBU-13>APRS,WIDE2-1,qAR,LZ1PRO:!/8d.\Su!_O   /A=049070 YU|#9M8Wx:)@Y!"|
2016-12-12 09:20:48 GMT: M0SBU-13>APRS,WIDE2-1,qAR,LZ0DOE:!/8d/)Su?uO   /A=049162 YU|#:M>UX:N@Y!"|
2016-12-12 09:21:50 GMT: M0SBU-13>APRS,WIDE2-1,qAR,LZ0DOE:!/8d.lSu]OO   /A=049159 YU|#<M>X+:M@a!"|
2016-12-12 09:22:52 GMT: M0SBU-13>APRS,WIDE2-1,qAR,YU0XPI:!/8d.4SuzTO   /A=049126 YU|#=M8VQ:P@s!"|
2016-12-12 09:23:54 GMT: M0SBU-13>APRS,WIDE2-1,qAR,YU0XPI:!/8d-OSv<AO   /A=049097 YU|#?M8Xf:S@m!"|
2016-12-12 09:24:56 GMT: M0SBU-13>APRS,WIDE2-1,qAR,LZ0BGM:!/8d,fSvYBO   /A=049080 YU|#@M:W5:c@h!"|
2016-12-12 09:27:02 GMT: M0SBU-13>APRS,YO7MGH-3,WIDE2*,qAR,LZ0DOE:!/8d+)Sw9QO   /A=049116 YU|#CM3VN:e@s!"|
2016-12-12 09:28:02 GMT: M0SBU-13>APRS,WIDE2-1,qAR,YU0XPI:!/8d*<SwW7O   /A=049149 YU|#EM3Xb:D@m!"|
2016-12-12 09:29:04 GMT: M0SBU-13>APRS,WIDE2-1,qAR,YU0XPI:!/8d)WSwtxO   /A=049126 YU|#FMBW(:C@j!"|
2016-12-12 09:30:06 GMT: M0SBU-13>APRS,WIDE2-1,qAR,LZ0DOE:!/8d);Sx7^O   /A=049074 YU|#HM:X4:N@m!"|
2016-12-12 09:31:08 GMT: M0SBU-13>APRS,WIDE2-1,qAR,LZ0IOS-10:!/8d)'SxU@O   /A=049011 YU|#IMBVa:v@s!"|
2016-12-12 09:32:10 GMT: M0SBU-13>APRS,WIDE2-1,qAR,LZ1PRO:!/8d(\Sxs.O   /A=048972 YU|#KM>V":Q@s!"|
2016-12-12 09:33:12 GMT: M0SBU-13>APRS,WIDE2-1,qAR,LZ0DOE:!/8d(6Sy5gO   /A=049008 YU|#LM>TA;J@z!"|
2016-12-12 09:34:14 GMT: M0SBU-13>APRS,WIDE2-1,qAR,YU0XPI:!/8d'5SySAO   /A=049097 YU|#NM>Um;'@q!"|
2016-12-12 09:35:16 GMT: M0SBU-13>APRS,WIDE2-1,qAR,YU0XPI:!/8d%{SypRO   /A=049136 YU|#OM>Wo:k@q!"|
2016-12-12 09:36:23 GMT: M0SBU-13>APRS,YO7MGH-3,WIDE2*,qAR,LZ0DOE:!/8d$tSz2;O   /A=049120 YU|#QM:Uo:;@s!"|
2016-12-12 09:37:20 GMT: M0SBU-13>APRS,WIDE2-1,qAR,LZ0DOE:!/8d$NSzN_O   /A=049074 YU|#RM:Vv:M@s!"|
2016-12-12 09:38:22 GMT: M0SBU-13>APRS,WIDE2-1,qAR,LZ1PRO:!/8d$*SzjgO   /A=049047 YU|#TM8SH:nA,!"|
2016-12-12 09:40:26 GMT: M0SBU-13>APRS,WIDE2-1,qAR,LZ0DOE:!/8d"RS{H(O   /A=049051 YU|#WM5U`;4A*!"|
2016-12-12 09:41:28 GMT: M0SBU-13>APRS,WIDE2-1,qAR,LZ0DOE:!/8d!GS{d<O   /A=049080 YU|#XM8TP;5A&!"|
2016-12-12 09:42:30 GMT: M0SBU-13>APRS,WIDE2-1,qAR,LZ1PRO:!/8c{DT!%TO   /A=049067 YU|#ZM:T2;=A.!"|
2016-12-12 09:43:32 GMT: M0SBU-13>APRS,WIDE2-1,qAR,LZ1PRO:!/8cz7T!B!O   /A=049018 YU|#[M5T;:\A5!"|
2016-12-12 09:44:34 GMT: M0SBU-13>APRS,WIDE2-1,qAR,LZ1PRO:!/8cxsT!^YO   /A=048995 YU|#]M8QJ;"A@!"|
2016-12-12 09:45:36 GMT: M0SBU-13>APRS,WIDE2-1,qAR,LZ0DOE:!/8cw\T!{6O   /A=048998 YU|#^M3UM;$AK!"|
2016-12-12 09:46:38 GMT: M0SBU-13>APRS,WIDE2-1,qAR,LZ0DOE:!/8cvOT"<fO   /A=049008 YU|#`M3Vv;!AG!"|
2016-12-12 09:47:40 GMT: M0SBU-13>APRS,WIDE2-1,qAR,LZ0DOE:!/8cu<T"Y+O   /A=049024 YU|#aM:W(:sA>!"|
2016-12-12 09:48:42 GMT: M0SBU-13>APRS,WIDE2-1,qAR,YU0XPI:!/8csRT"uGO   /A=049047 YU|#cM8U!:lAE!"|
2016-12-12 09:49:44 GMT: M0SBU-13>APRS,WIDE2-1,qAR,LZ1PRO:!/8cq0T#6cO   /A=049047 YU|#dM<Va:_A7!"|
2016-12-12 09:50:46 GMT: M0SBU-13>APRS,WIDE2-1,qAR,LZ1PRO:!/8cn+T#RwO   /A=049008 YU|#fM5UI:YA:!"|
2016-12-12 09:51:48 GMT: M0SBU-13>APRS,WIDE2-1,qAR,LZ1PRO:!/8cj]T#o<O   /A=048972 YU|#gMDVh;%A>!"|
2016-12-12 09:52:50 GMT: M0SBU-13>APRS,WIDE2-1,qAR,LZ1PRO:!/8cfyT$0XO   /A=048965 YU|#iM8TG:xAP!"|
2016-12-12 09:53:52 GMT: M0SBU-13>APRS,WIDE2-1,qAR,LZ0DOE:!/8cc,T$LxO   /A=049008 YU|#jM5RM;?AP!"|
2016-12-12 09:54:54 GMT: M0SBU-13>APRS,WIDE2-1,qAR,LZ4NY-2:!/8c_DT$iMO   /A=049015 YU|#lM>U{;%A@!"|
2016-12-12 09:55:56 GMT: M0SBU-13>APRS,WIDE2-1,qAR,LZ1PRO:!/8c[bT%+:O   /A=048988 YU|#mM1SH;)AK!"|
2016-12-12 09:56:58 GMT: M0SBU-13>APRS,WIDE2-1,qAR,YU0XPI:!/8cX/T%HCO   /A=048972 YU|#oM:V{:tA<!"|
2016-12-12 09:58:00 GMT: M0SBU-13>APRS,WIDE2-1,qAR,LZ1PRO:!/8cTGT%eXO   /A=048972 YU|#pM5V$;%A7!"|
2016-12-12 09:59:02 GMT: M0SBU-13>APRS,WIDE2-1,qAR,LZ0DOE:!/8cPoT&'yO   /A=048988 YU|#rM8R>:qAI!"|
2016-12-12 10:00:04 GMT: M0SBU-13>APRS,WIDE2-1,qAR,LZ1PRO:!/8cMPT&E;O   /A=049002 YU|#sM<V3;%A5!"|
2016-12-12 10:01:06 GMT: M0SBU-13>APRS,WIDE2-1,qAR,LZ0BGN:!/8cJYT&bTO   /A=048975 YU|#uM:Y):YA&!"|
2016-12-12 10:02:08 GMT: M0SBU-13>APRS,WIDE2-1,qAR,YU0XPI:!/8cH!T'$qO   /A=048962 YU|#vM:U+;4A.!"|
2016-12-12 10:03:10 GMT: M0SBU-13>APRS,WIDE2-1,qAR,LZ1PRO:!/8cE`T'BGO   /A=048959 YU|#xM<U):aA*!"|
2016-12-12 10:04:12 GMT: M0SBU-13>APRS,WIDE2-1,qAR,YU0XPI:!/8cCLT'`)O   /A=048952 YU|#yM<T;:sA5!"|
2016-12-12 10:05:14 GMT: M0SBU-13>APRS,WIDE2-1,qAR,LZ0DOE:!/8cA<T("nO   /A=048923 YU|#{M5TA:xA:!"|
2016-12-12 10:06:16 GMT: M0SBU-13>APRS,WIDE2-1,qAR,LZ4NY-2:!/8c?"T(@dO   /A=048867 YU|$!M:Tz:iA>!"|
2016-12-12 10:07:18 GMT: M0SBU-13>APRS,WIDE2-1,qAR,LZ1PRO:!/8c<7T(^ZO   /A=048805 YU|$#M3T";!A>!"|
2016-12-12 10:08:20 GMT: M0SBU-13>APRS,WIDE2-1,qAR,LZ0DOE:!/8c8uT)!LO   /A=048795 YU|$$M>Wz;9A<!"|
2016-12-12 10:10:24 GMT: M0SBU-13>APRS,WIDE2-1,qAR,LZ1PRO:!/8c1XT)]DO   /A=048965 YU|$'M3V<:sA@!"|
2016-12-12 10:11:26 GMT: M0SBU-13>APRS,WIDE2-1,qAR,LZ0SOF:!/8c.;T){ZO   /A=049002 YU|$)M1UG:aAK!"|
2016-12-12 10:12:28 GMT: M0SBU-13>APRS,WIDE2-1,qAR,YU0XPI:!/8c+0T*>`O   /A=049005 YU|$*M<U^:MAI!"|
2016-12-12 10:13:30 GMT: M0SBU-13>APRS,WIDE2-1,qAR,YU0XPI:!/8c'xT*\bO   /A=048975 YU|$,M@U{:GAG!"|
2016-12-12 10:14:32 GMT: M0SBU-13>APRS,WIDE2-1,qAR,LZ0DOE:!/8c$aT*zdO   /A=048923 YU|$-M5Sa;CAE!"|
2016-12-12 10:15:34 GMT: M0SBU-13>APRS,WIDE2-1,qAR,LZ0DOE:!/8c!lT+=zO   /A=048923 YU|$/M:T?;"A:!"|
2016-12-12 10:16:36 GMT: M0SBU-13>APRS,WIDE2-1,qAR,LZ0DOE:!/8bzDT+\MO   /A=048952 YU|$0M8S[:yA7!"|
2016-12-12 10:17:38 GMT: M0SBU-13>APRS,WIDE2-1,qAR,LZ0DOE:!/8bx@T+{4O   /A=049008 YU|$2M5W":{A.!"|
2016-12-12 10:18:40 GMT: M0SBU-13>APRS,WIDE2-1,qAR,LZ1PRO:!/8bv4T,?#O   /A=049038 YU|$3M8Uo;!A>!"|
2016-12-12 10:19:42 GMT: M0SBU-13>APRS,WIDE2-1,qAR,LZ0DOE:!/8bsoT,]YO   /A=049038 YU|$5M<To;!A7!"|
2016-12-12 10:20:44 GMT: M0SBU-13>APRS,WIDE2-1,qAR,LZ1PRO:!/8bquT-!8O   /A=049041 YU|$6M>TG;0A:!"|
2016-12-12 10:21:46 GMT: M0SBU-13>APRS,WIDE2-1,qAR,LZ0SOF:!/8bp>T-?fO   /A=049064 YU|$8M5WE:RA#!"|
2016-12-12 10:22:48 GMT: M0SBU-13>APRS,WIDE2-1,qAR,LZ0DOE:!/8bnhT-^MO   /A=049057 YU|$9M<UG:hA!!"|
2016-12-12 10:23:50 GMT: M0SBU-13>APRS,WIDE2-1,qAR,YU0XPI:!/8bmaT."XO   /A=049044 YU|$;M@Wz:CA.!"|
2016-12-12 10:24:52 GMT: M0SBU-13>APRS,WIDE2-1,qAR,YU0XPI:!/8bmGT.B$O   /A=049031 YU|$<M8Tt:cA,!"|
2016-12-12 10:25:56 GMT: M0SBU-13>APRS,YO3KSR-1*,WIDE2,qAR,YO3KYD-10:!/8bn&T.a?O   /A=049011 YU|$>M:VJ:rA.!"|
2016-12-12 10:26:56 GMT: M0SBU-13>APRS,WIDE2-1,qAR,LZ1PRO:!/8boUT/%VO   /A=048985 YU|$?M3T_;2A,!"|
2016-12-12 10:27:58 GMT: M0SBU-13>APRS,WIDE2-1,qAR,LZ1PRO:!/8bqUT/DmO   /A=048956 YU|$AM8Sy;5A>!"|
2016-12-12 10:29:00 GMT: M0SBU-13>APRS,WIDE2-1,qAR,LZ0DOE:!/8bssT/dAO   /A=048952 YU|$BM5TL;#A>!"|
2016-12-12 10:30:02 GMT: M0SBU-13>APRS,WIDE2-1,qAR,LZ1PRO:!/8bvTT0)%O   /A=048979 YU|$DM5V>:pA:!"|
2016-12-12 10:31:04 GMT: M0SBU-13>APRS,WIDE2-1,qAR,LZ1PRO:!/8by3T0I!O   /A=049002 YU|$EM1Wt:eA3!"|
2016-12-12 10:32:06 GMT: M0SBU-13>APRS,WIDE2-1,qAR,LZ0BGN:!/8b{iT0i-O   /A=048985 YU|$GM:T_:oA>!"|
2016-12-12 10:33:08 GMT: M0SBU-13>APRS,WIDE2-1,qAR,LZ0IOS-10:!/8c#FT1.IO   /A=048929 YU|$HM>V):_AG!"|
2016-12-12 10:34:10 GMT: M0SBU-13>APRS,WIDE2-1,qAR,YU0XPI:!/8c&;T1O"O   /A=048897 YU|$JM8Tm:oAK!"|
2016-12-12 10:35:12 GMT: M0SBU-13>APRS,WIDE2-1,qAR,LZ1PRO:!/8c(cT1orO   /A=048893 YU|$KM:UK:_AP!"|
2016-12-12 10:36:14 GMT: M0SBU-13>APRS,WIDE2-1,qAR,LZ4NY-2:!/8c*cT25kO   /A=048936 YU|$MM<Tc:DAV!"|
2016-12-12 10:37:16 GMT: M0SBU-13>APRS,WIDE2-1,qAR,LZ1PRO:!/8c,IT2V`O   /A=048995 YU|$NM3TJ:{A[!"|
2016-12-12 10:38:18 GMT: M0SBU-13>APRS,WIDE2-1,qAR,LZ0DOE:!/8c-tT2wMO   /A=048992 YU|$PM5Vn:dA[!"|
2016-12-12 10:39:20 GMT: M0SBU-13>APRS,WIDE2-1,qAR,LZ0BGN:!/8c/PT3<mO   /A=048933 YU|$QM>SJ:OAY!"|
2016-12-12 10:40:22 GMT: M0SBU-13>APRS,WIDE2-1,qAR,LZ0IOS-10:!/8c0iT3]:O   /A=048860 YU|$SM-TE:KAT!"|
2016-12-12 10:41:24 GMT: M0SBU-13>APRS,WIDE2-1,qAR,LZ3SP:!/8c1hT4#7O   /A=048834 YU|$TM/TX;%A[!"|
2016-12-12 10:42:26 GMT: M0SBU-13>APRS,WIDE2-1,qAR,LZ0DAD:!/8c2gT4D0O   /A=048860 YU|$VM1Sd:rAT!"|
2016-12-12 10:43:28 GMT: M0SBU-13>APRS,WIDE2-1,qAR,LZ0DOE:!/8c2mT4e1O   /A=048857 YU|$WM8U>:SAR!"|
2016-12-12 10:44:30 GMT: M0SBU-13>APRS,WIDE2-1,qAR,LZ0DOE:!/8c2MT5*yO   /A=048818 YU|$YM3TT:?AT!"|
2016-12-12 10:45:32 GMT: M0SBU-13>APRS,WIDE2-1,qAR,LZ0DOE:!/8c1dT5KfO   /A=048818 YU|$ZM8T;:7AY!"|
2016-12-12 10:46:34 GMT: M0SBU-13>APRS,WIDE2-1,qAR,LZ0BGN:!/8c1,T5lsO   /A=048903 YU|$\M3TE:uAa!"|
2016-12-12 10:47:36 GMT: M0SBU-13>APRS,WIDE2-1,qAR,LZ0DOE:!/8c0{T639O   /A=049008 YU|$]M1S):xA[!"|
2016-12-12 10:48:38 GMT: M0SBU-13>APRS,WIDE2-1,qAR,LZ1PRO:!/8c0[T6TNO   /A=049061 YU|$_M5T&;/AR!"|
2016-12-12 10:49:40 GMT: M0SBU-13>APRS,WIDE2-1,qAR,LZ1PRO:!/8c0WT6uSO   /A=049047 YU|$`M<Tg:SAV!"|
2016-12-12 10:50:42 GMT: M0SBU-13>APRS,WIDE2-1,qAR,YU0XPI:!/8c1^T7;lO   /A=049018 YU|$bM5UG:hAP!"|
2016-12-12 10:51:44 GMT: M0SBU-13>APRS,WIDE2-1,qAR,LZ0DOE:!/8c3RT7]JO   /A=049008 YU|$cM5Uy:cAE!"|
2016-12-12 10:52:46 GMT: M0SBU-13>APRS,WIDE2-1,qAR,LZ1PRO:!/8c61T8$\O   /A=048992 YU|$eM5TL:sAP!"|
2016-12-12 10:53:48 GMT: M0SBU-13>APRS,WIDE2-1,qAR,LZ1OCZ-1:!/8c9rT8FnO   /A=048969 |$fM8U>:HAV!"|
2016-12-12 10:54:50 GMT: M0SBU-13>APRS,WIDE2-1,qAR,LZ0BGM:!/8c>?T8iUO   /A=048952 |$hM<V$:fAP!"|
2016-12-12 10:55:52 GMT: M0SBU-13>APRS,WIDE2-1,qAR,LZ0DOE:!/8cC<T92)O   /A=048956 |$iM<U{:`AI!"|
2016-12-12 10:56:54 GMT: M0SBU-13>APRS,WIDE2-1,qAR,LZ0DOE:!/8cHIT9V)O   /A=048988 |$kM:U!:qA@!"|
2016-12-12 10:57:56 GMT: M0SBU-13>APRS,WIDE2-1,qAR,LZ0BGM:!/8cM:T9z9O   /A=048998 |$lM@Wz:aA<!"|
2016-12-12 10:58:58 GMT: M0SBU-13>APRS,WIDE2-1,qAR,LZ0DOE:!/8cQ2T:C-O   /A=048959 LZ|$nM5T9;#AG!"|
2016-12-12 11:00:00 GMT: M0SBU-13>APRS,WIDE2-1,qAR,LZ0DOE:!/8cTaT:f\O   /A=048926 LZ|$oM3U8:sA:!"|
2016-12-12 11:00:36 GMT: M0SBU-13>APRS,SV2HRT-11,WIDE2*,qAR,SV6EXB-11:!/8cTaT:f\O   /A=048926 LZ|$oM3U8:sA:!"|
2016-12-12 11:01:02 GMT: M0SBU-13>APRS,WIDE2-1,qAR,LZ0DOE:!/8cWzT;.{O   /A=048949 LZ|$qM:U`:vA.!"|
2016-12-12 11:02:04 GMT: M0SBU-13>APRS,WIDE2-1,qAR,LZ1PRO:!/8c[*T;R;O   /A=048985 LZ|$rM:U0:fA3!"|
2016-12-12 11:03:06 GMT: M0SBU-13>APRS,WIDE2-1,qAR,LZ0VRC-2:!/8c^AT;uVO   /A=048992 LZ|$tM5W$:zA3!"|
2016-12-12 11:04:08 GMT: M0SBU-13>APRS,WIDE2-1,qAR,LZ0DOE:!/8cafT<=mO   /A=048949 LZ|$uM<S+:rA3!"|
2016-12-12 11:05:10 GMT: M0SBU-13>APRS,WIDE2-1,qAR,LZ1PRO:!/8ce`T<a5O   /A=048913 LZ|$wM8UC:pA.!"|
2016-12-12 11:06:12 GMT: M0SBU-13>APRS,WIDE2-1,qAR,LZ1PRO:!/8cj?T=)hO   /A=048877 LZ|$xM:Sv:_A#!"|
2016-12-12 11:07:14 GMT: M0SBU-13>APRS,WIDE2-1,qAR,YU0XPI:!/8coZT=MTO   /A=048851 LZ|$zM>T\:gA&!"|
2016-12-12 11:08:16 GMT: M0SBU-13>APRS,WIDE2-1,qAR,LZ0DOE:!/8cu`T=qhO   /A=048867 LZ|${M3Rd;"A#!"|
2016-12-12 11:09:18 GMT: M0SBU-13>APRS,WIDE2-1,qAR,YU0XPI:!/8d!iT>;YO   /A=048939 LZ|%"M:W$:x@q!"|
2016-12-12 11:10:20 GMT: M0SBU-13>APRS,WIDE2-1,qAR,LZ1PRO:!/8d)mT>`rO   /A=049024 LZ|%#M@Vx:p@s!"|
2016-12-12 11:11:22 GMT: M0SBU-13>APRS,WIDE2-1,qAR,LZ1PRO:!/8d2`T?+DO   /A=049015 LZ|%%M3Wc:U@z!"|
2016-12-12 11:12:24 GMT: M0SBU-13>APRS,WIDE2-1,qAR,LZ3SP:!/8d;eT?Q"O   /A=048942 LZ|%&M8Us:_A!!"|
2016-12-12 11:13:26 GMT: M0SBU-13>APRS,WIDE2-1,qAR,LZ1PRO:!/8dDfT?vgO   /A=048897 LZ|%(M/V":xA(!"|
2016-12-12 11:14:28 GMT: M0SBU-13>APRS,WIDE2-1,qAR,YU0XPI:!/8dLzT@AEO   /A=048893 LZ|%)M5VL:]A&!"|
2016-12-12 11:15:30 GMT: M0SBU-13>APRS,WIDE2-1,qAR,LZ0BGM:!/8dT:T@fZO   /A=048910 LZ|%+M@X':3@z!"|
2016-12-12 11:16:32 GMT: M0SBU-13>APRS,WIDE2-1,qAR,LZ1PRO:!/8d[5TA0{O   /A=048890 LZ|%,M:Uy:TA&!"|
2016-12-12 11:17:34 GMT: M0SBU-13>APRS,WIDE2-1,qAR,LZ1PRO:!/8daqTAVeO   /A=048860 LZ|%.M<U<:_@z!"|
2016-12-12 11:18:36 GMT: M0SBU-13>APRS,WIDE2-1,qAR,LZ3SP:!/8dhnTB"0O   /A=048880 LZ|%/M3U2:S@x!"|
2016-12-12 11:19:38 GMT: M0SBU-13>APRS,WIDE2-1,qAR,LZ0BGN:!/8dp<TBHnO   /A=048906 LZ|%1M8U):a@z!"|
2016-12-12 11:20:40 GMT: M0SBU-13>APRS,WIDE2-1,qAR,LZ1PRO:!/8dwaTBoUO   /A=048906 LZ|%2M>VQ:iA#!"|
2016-12-12 11:21:42 GMT: M0SBU-13>APRS,WIDE2-1,qAR,LZ0DOE:!/8e$+TC;DO   /A=048854 LZ|%4M8Wg:pA&!"|
2016-12-12 11:22:44 GMT: M0SBU-13>APRS,WIDE2-1,qAR,LZ0DOE:!/8e+rTCb{O   /A=048828 LZ|%5M8TT;/A,!"|
2016-12-12 11:23:46 GMT: M0SBU-13>APRS,WIDE2-1,qAR,LZ0BGM:!/8e43TD04O   /A=048860 LZ|%7M<S>;)A*!"|
2016-12-12 11:24:48 GMT: M0SBU-13>APRS,WIDE2-1,qAR,LZ1PRO:!/8e<_TDX@O   /A=048942 LZ|%8M5T.;>A&!"|
2016-12-12 11:25:50 GMT: M0SBU-13>APRS,WIDE2-1,qAR,LZ1PRO:!/8eE2TE$wO   /A=049015 LZ|%:M/S/:WA!!"|
2016-12-12 11:26:52 GMT: M0SBU-13>APRS,WIDE2-1,qAR,LZ1PRO:!/8eLkTEKbO   /A=049028 LZ|%;M5X::j@m!"|
2016-12-12 11:27:54 GMT: M0SBU-13>APRS,WIDE2-1,qAR,LZ1PRO:!/8eSrTEr!O   /A=048998 LZ|%=M:V7:U@s!"|
2016-12-12 11:28:56 GMT: M0SBU-13>APRS,WIDE2-1,qAR,LZ0SOF:!/8eZETF<NO   /A=048946 LZ|%>M5UU:p@u!"|
2016-12-12 11:29:58 GMT: M0SBU-13>APRS,WIDE2-1,qAR,LZ1PRO:!/8e`qTFa{O   /A=048929 LZ|%@M>Uy:k@o!"|
2016-12-12 11:31:00 GMT: M0SBU-13>APRS,WIDE2-1,qAR,LZ0DOE:!/8egrTG,qO   /A=048946 LZ|%AMBW(:X@a!"|
2016-12-12 11:32:02 GMT: M0SBU-13>APRS,WIDE2-1,qAR,LZ1PRO:!/8eo"TGRkO   /A=048998 LZ|%CM:Uh:D@f!"|
2016-12-12 11:33:04 GMT: M0SBU-13>APRS,WIDE2-1,qAR,YU0XPI:!/8ev5TGx1O   /A=049034 LZ|%DM8U):^@m!"|
2016-12-12 11:34:06 GMT: M0SBU-13>APRS,WIDE2-1,qAR,LZ0DOE:!/8f"NTHAuO   /A=049028 LZ|%FMBW_:R@[!"|
2016-12-12 11:35:08 GMT: M0SBU-13>APRS,WIDE2-1,qAR,LZ0DOE:!/8f*&THfjO   /A=048969 LZ|%GM8Tm:j@f!"|
2016-12-12 11:36:10 GMT: M0SBU-13>APRS,WIDE2-1,qAR,LZ0DOE:!/8f1#TI0kO   /A=048906 LZ|%IMBV{:@@m!"|
2016-12-12 11:37:12 GMT: M0SBU-13>APRS,WIDE2-1,qAR,LZ0IOS-10:!/8f7]TIV)O   /A=048913 LZ|%JM5Ru:c@z!"|
2016-12-12 11:38:14 GMT: M0SBU-13>APRS,WIDE2-1,qAR,LZ0IOS-10:!/8f>.TI{^O   /A=048959 LZ|%LM5W&:m@x!"|
2016-12-12 11:39:16 GMT: M0SBU-13>APRS,WIDE2-1,qAR,LZ1PRO:!/8fDTTJF@O   /A=049031 LZ|%MM>Wx:K@x!"|
2016-12-12 11:40:18 GMT: M0SBU-13>APRS,WIDE2-1,qAR,LZ1PRO:!/8fJrTJkeO   /A=049093 LZ|%OM:Xy:D@m!"|
2016-12-12 11:41:20 GMT: M0SBU-13>APRS,WIDE2-1,qAR,LZ1PRO:!/8fQ-TK5rO   /A=049143 LZ|%PM5Tg:[@m!"|
2016-12-12 11:42:22 GMT: M0SBU-13>APRS,WIDE2-1,qAR,LZ0DOE:!/8fWeTKZsO   /A=049139 LZ|%RM>W0:>@u!"|
2016-12-12 11:43:24 GMT: M0SBU-13>APRS,WIDE2-1,qAR,YU0XPI:!/8f^@TL$tO   /A=049051 LZ|%SM@Wx:F@s!"|
2016-12-12 11:44:26 GMT: M0SBU-13>APRS,WIDE2-1,qAR,LZ0BGM:!/8fe7TLJ2O   /A=048939 LZ|%UM5T5:L@o!"|
2016-12-12 11:45:28 GMT: M0SBU-13>APRS,WIDE2-1,qAR,LZ0DOE:!/8fl@TLosO   /A=048887 LZ|%VM:Tk:P@f!"|
2016-12-12 11:46:30 GMT: M0SBU-13>APRS,WIDE2-1,qAR,LZ0BGN:!/8fsWTM:yO   /A=048877 LZ|%XM:V5:S@h!"|
2016-12-12 11:47:32 GMT: M0SBU-13>APRS,WIDE2-1,qAR,LZ1PRO:!/8fzpTMa,O   /A=048906 LZ|%YM<VH:P@j!"|
2016-12-12 11:48:34 GMT: M0SBU-13>APRS,WIDE2-1,qAR,LZ1OCZ-1:!/8g'LTN,FO   /A=048952 LZ|%[M5Tq:j@m!"|
2016-12-12 11:49:36 GMT: M0SBU-13>APRS,WIDE2-1,qAR,LZ1PRO:!/8g/>TNRTO   /A=048995 LZ|%\M<TJ;4A!!"|
2016-12-12 11:50:38 GMT: M0SBU-13>APRS,WIDE2-1,qAR,LZ1PRO:!/8g7PTNxrO   /A=048975 LZ|%^M5TP:rA,!"|
2016-12-12 11:51:40 GMT: M0SBU-13>APRS,WIDE2-1,qAR,LZ1PRO:!/8g@#TODQO   /A=048923 LZ|%_M>Sj;2A3!"|
2016-12-12 11:52:42 GMT: M0SBU-13>APRS,WIDE2-1,qAR,LZ0DOE:!/8gHiTOkxO   /A=048870 LZ|%aM8T$:mA@!"|
2016-12-12 11:53:44 GMT: M0SBU-13>APRS,WIDE2-1,qAR,LZ0DOE:!/8gQzTP8dO   /A=048847 LZ|%bM3W5:OA:!"|
2016-12-12 11:54:46 GMT: M0SBU-13>APRS,WIDE2-1,qAR,LZ0VRC-2:!/8gZmTP`HO   /A=048851 LZ|%dM<Tx:\A1!"|
2016-12-12 11:55:48 GMT: M0SBU-13>APRS,WIDE2-1,qAR,LZ0IOS-10:!/8gbiTQ-,O   /A=048874 LZ|%eM:UZ:V@x!"|
2016-12-12 11:56:50 GMT: M0SBU-13>APRS,WIDE2-1,qAR,LZ0DOE:!/8gjGTQT;O   /A=048920 LZ|%gM>Xq:(@m!"|
2016-12-12 11:57:52 GMT: M0SBU-13>APRS,WIDE2-1,qAR,LZ1PRO:!/8gq\TQzuO   /A=049015 LZ|%hM8T9:[@m!"|
2016-12-12 11:58:54 GMT: M0SBU-13>APRS,WIDE2-1,qAR,LZ0BGM:!/8gxUTRFXO   /A=049107 LZ|%jM@TX:I@z!"|
2016-12-12 11:59:56 GMT: M0SBU-13>APRS,WIDE2-1,qAR,LZ0DOE:!/8h$JTRm'O   /A=049162 LZ|%kM>V]:]@m!"|
2016-12-12 12:00:58 GMT: M0SBU-13>APRS,WIDE2-1,qAR,LZ0BGM:!/8h*`TS8AO   /A=049139 LZ|%mM<XQ:"@o!"|
2016-12-12 12:02:00 GMT: M0SBU-13>APRS,WIDE2-1,qAR,YU0XPI:!/8h0VTS^GO   /A=049051 LZ|%nM<V<:H@q!"|
2016-12-12 12:03:02 GMT: M0SBU-13>APRS,WIDE2-1,qAR,LZ0DOE:!/8h5;TT)-O   /A=048972 LZ|%pM:X>:T@f!"|
2016-12-12 12:04:04 GMT: M0SBU-13>APRS,WIDE2-1,qAR,LZ1PRO:!/8h9QTTNZO   /A=048969 LZ|%qM3WN:J@j!"|
2016-12-12 12:05:06 GMT: M0SBU-13>APRS,WIDE2-1,qAR,LZ1PRO:!/8h=QTTt$O   /A=048995 LZ|%sM<W(:J@o!"|
2016-12-12 12:06:08 GMT: M0SBU-13>APRS,WIDE2-1,qAR,LZ1PRO:!/8hAaTU>AO   /A=049018 LZ|%tM<WP:I@o!"|
2016-12-12 12:07:10 GMT: M0SBU-13>APRS,WIDE2-1,qAR,LZ1PRO:!/8hEyTUcJO   /A=049002 LZ|%vM>UO:a@a!"|
2016-12-12 12:08:12 GMT: M0SBU-13>APRS,WIDE2-1,qAR,LZ0BGM:!/8hJFTV-OO   /A=048992 LZ|%wMBZ(:E@[!"|
2016-12-12 12:09:14 GMT: M0SBU-13>APRS,WIDE2-1,qAR,LZ0DOE:!/8hO1TVRhO   /A=048972 LZ|%yM3TN:b@f!"|
2016-12-12 12:10:16 GMT: M0SBU-13>APRS,WIDE2-1,qAR,YU0XPI:!/8hT8TVxZO   /A=048936 LZ|%zM<Vj:Y@h!"|
2016-12-12 12:11:18 GMT: M0SBU-13>APRS,WIDE2-1,qAR,LZ1PRO:!/8hYqTWCxO   /A=048903 LZ|&!M5U#:J@m!"|
2016-12-12 12:12:20 GMT: M0SBU-13>APRS,WIDE2-1,qAR,LZ1PRO:!/8h`0TWjsO   /A=048926 LZ|&"M8Ta:N@j!"|
2016-12-12 12:13:22 GMT: M0SBU-13>APRS,WIDE2-1,qAR,LZ1PRO:!/8hf^TX7#O   /A=048988 LZ|&$M8U2:4@f!"|
2016-12-12 12:14:24 GMT: M0SBU-13>APRS,WIDE2-1,qAR,LZ1PRO:!/8hl0TX]MO   /A=049044 LZ|&%M@S_:)@h!"|
2016-12-12 12:14:56 GMT: M0SBU-13>APRS,WIDE2-1,qAR,YO4ISC-10:!/8hl0TX]MO   /A=049044 LZ|&%M@S_:)@h!"|
2016-12-12 12:15:26 GMT: M0SBU-13>APRS,WIDE2-1,qAR,LZ1PRO:!/8hpPTY(?O   /A=049034 LZ|&'M:W*9y@Y!"|
2016-12-12 12:16:28 GMT: M0SBU-13>APRS,WIDE2-1,qAR,LZ0DOE:!/8ht&TYMDO   /A=048962 LZ|&(M3Ud:R@]!"|
2016-12-12 12:17:30 GMT: M0SBU-13>APRS,WIDE2-1,qAR,LZ1PRO:!/8hwQTYs"O   /A=048883 LZ|&*M5U):N@f!"|
2016-12-12 12:18:32 GMT: M0SBU-13>APRS,WIDE2-1,qAR,LZ0DOE:!/8h{]TZ>tO   /A=048808 LZ|&+M8Ru:Q@V!"|
2016-12-12 12:19:34 GMT: M0SBU-13>APRS,WIDE2-1,qAR,LZ0BGN:!/8i&9TZfdO   /A=048782 LZ|&-M<U<:2@N!"|
2016-12-12 12:20:36 GMT: M0SBU-13>APRS,WIDE2-1,qAR,LZ3SP:!/8i-DT[4-O   /A=048798 LZ|&.M:Xf:!@E!"|
2016-12-12 12:21:38 GMT: M0SBU-13>APRS,WIDE2-1,qAR,LZ0VRC-2:!/8i63T[\UO   /A=048831 LZ|&0M8U6:I@]!"|
2016-12-12 12:22:41 GMT: M0SBU-13>APRS,WIDE2-1,qAR,LZ0DOE:!/8i@3T\*fO   /A=048903 LZ|&1M5TN:w@[!"|
2016-12-12 12:23:43 GMT: M0SBU-13>APRS,WIDE2-1,qAR,LZ0BGN:!/8iJGT\S7O   /A=048985 LZ|&3M<VJ:I@j!"|
2016-12-12 12:24:45 GMT: M0SBU-13>APRS,WIDE2-1,qAR,LZ0IOS-10:!/8iTKT\{_O   /A=048965 LZ|&4M5V+:^@f!"|
2016-12-12 12:25:47 GMT: M0SBU-13>APRS,WIDE2-1,qAR,LZ1PRO:!/8i]bT]ITO   /A=048877 LZ|&6M8Tm:Q@o!"|
2016-12-12 12:26:49 GMT: M0SBU-13>APRS,WIDE2-1,qAR,LZ0IOS-10:!/8ifQT]rUO   /A=048815 LZ|&7M3Sn:]@z!"|
2016-12-12 12:27:51 GMT: M0SBU-13>APRS,WIDE2-1,qAR,LZ1PRO:!/8io8T^@*O   /A=048815 LZ|&9M8Tq:TA.!"|
2016-12-12 12:28:53 GMT: M0SBU-13>APRS,WIDE2-1,qAR,LZ0VRC-2:!/8ix%T^guO   /A=048870 LZ|&:M@X4:NA!!"|
2016-12-12 12:29:55 GMT: M0SBU-13>APRS,WIDE2-1,qAR,LZ0DOE:!/8j&4T_49O   /A=048946 LZ|&<M@Ta:gA!!"|
2016-12-12 12:30:57 GMT: M0SBU-13>APRS,WIDE2-1,qAR,LZ1PRO:!/8j/;T_[8O   /A=049038 LZ|&=M8Y[:8@z!"|
2016-12-12 12:31:59 GMT: M0SBU-13>APRS,WIDE2-1,qAR,LZ0VRC-2:!/8j7_T`';O   /A=049126 LZ|&?M:W(9w@x!"|
2016-12-12 12:33:01 GMT: M0SBU-13>APRS,WIDE2-1,qAR,LZ0IOS-10:!/8j>.T`MUO   /A=049169 LZ|&@M3VQ9t@o!"|
2016-12-12 12:34:03 GMT: M0SBU-13>APRS,WIDE2-1,qAR,YO4RDJ-10:!/8jBTT`rFO   /A=049120 LZ|&BM/Xw:1@s!"|
2016-12-12 12:35:05 GMT: M0SBU-13>APRS,WIDE2-1,qAR,YO4ISC-10:!/8jBTT`rFO   /A=049120 LZ|&BM/Xw:1@s!"|
2016-12-12 12:35:05 GMT: M0SBU-13>APRS,WIDE2-1,qAR,LZ0BOT-1,T2CZECH:!/8jFbTa;fO   /A=049008 LZ|&CM8XQ:;@m!"|
2016-12-12 12:36:07 GMT: M0SBU-13>APRS,WIDE2-1,qAR,LZ3SP:!/8jK-Ta`GO   /A=048933 LZ|&EM:Xm:P@d!"|
2016-12-12 12:37:09 GMT: M0SBU-13>APRS,WIDE2-1,qAR,LZ0BGM:!/8jP^Tb+5O   /A=048939 LZ|&FM3X@:E@]!"|
2016-12-12 12:38:11 GMT: M0SBU-13>APRS,WIDE2-1,qAR,LZ0DOE:!/8jWoTbQ{O   /A=048985 LZ|&HM5TT:g@j!"|
2016-12-12 12:39:13 GMT: M0SBU-13>APRS,WIDE2-1,qAR,LZ0DOE:!/8j`NTbyCO   /A=048982 LZ|&IM5X):C@a!"|
2016-12-12 12:40:15 GMT: M0SBU-13>APRS,WIDE2-1,qAR,LZ0DOE:!/8jiqTcF/O   /A=048874 LZ|&KM5TA:l@o!"|
2016-12-12 12:41:17 GMT: M0SBU-13>APRS,WIDE2-1,qAR,LZ1LCD-1:!/8jt*TcnoO   /A=048736 LZ|&LM8W9:>@]!"|
2016-12-12 12:42:19 GMT: M0SBU-13>APRS,WIDE2-1,qAR,LZ0DOE:!/8k$#Td==O   /A=048693 LZ|&NM-S%9r@f!"|
2016-12-12 12:43:21 GMT: M0SBU-13>APRS,WIDE2-1,qAR,LZ0DOE:!/8k/^TdfvO   /A=048788 LZ|&OM3Sl9x@T!"|
2016-12-12 12:44:23 GMT: M0SBU-13>APRS,WIDE2-1,qAR,LZ1PRO:!/8k<-Te6MO   /A=048903 LZ|&QM8TZ:X@[!"|
2016-12-12 12:45:25 GMT: M0SBU-13>APRS,WIDE2-1,qAR,LZ1PRO:!/8kI&Teb%O   /A=048906 LZ|&RM8TP;#@d!"|
2016-12-12 12:46:27 GMT: M0SBU-13>APRS,WIDE2-1,qAR,YO4ISC-10:!/8kI&Teb%O   /A=048906 LZ|&RM8TP;#@d!"|
2016-12-12 12:46:27 GMT: M0SBU-13>APRS,WIDE2-1,qAR,LZ1PRO:!/8kV7Tf3)O   /A=048851 LZ|&TM3Sn:_@[!"|
2016-12-12 12:47:29 GMT: M0SBU-13>APRS,WIDE2-1,qAR,LZ0DOE:!/8kc:Tf_%O   /A=048808 LZ|&UM8Tk:W@R!"|
2016-12-12 12:48:31 GMT: M0SBU-13>APRS,WIDE2-1,qAR,LZ0DOE:!/8kp!Tg/TO   /A=048762 LZ|&WM5Uj:[@T!"|
2016-12-12 12:49:33 GMT: M0SBU-13>APRS,WIDE2-1,qAR,YO4ISC-10:!/8kp!Tg/TO   /A=048762 LZ|&WM5Uj:[@T!"|
2016-12-12 12:49:33 GMT: M0SBU-13>APRS,WIDE2-1,qAR,LZ1OCZ-1:!/8l!kTgZ_O   /A=048762 LZ|&XM<Vr:;@Y!"|
2016-12-12 12:50:35 GMT: M0SBU-13>APRS,WIDE2-1,qAR,YO4RDJ-10:!/8l.HTh*>O   /A=048880 LZ|&ZM:Te:Z@[!"|
2016-12-12 12:51:37 GMT: M0SBU-13>APRS,WIDE2-1,qAR,LZ2AB-4:!/8l:"ThT,O   /A=049047 LZ|&[M<UQ:?@Y!"|
2016-12-12 12:52:39 GMT: M0SBU-13>APRS,WIDE2-1,qAR,LZ1PRO:!/8lCaTi!pO   /A=049100 LZ|&]M>VS:/@[!"|
2016-12-12 12:53:41 GMT: M0SBU-13>APRS,WIDE2-1,qAR,YO4ISC-10:!/8l:"ThT,O   /A=049047 LZ|&[M<UQ:?@Y!"|
2016-12-12 12:53:41 GMT: M0SBU-13>APRS,WIDE2-1,qAR,LZ1OCZ-1:!/8lK9TiIlO   /A=049034 LZ|&^M:Uf:5@]!"|
2016-12-12 12:54:43 GMT: M0SBU-13>APRS,WIDE2-1,qAR,LZ0DOE:!/8lP\Tiq(O   /A=048965 LZ|&`M:WG:Z@d!"|
2016-12-12 12:55:45 GMT: M0SBU-13>APRS,WIDE2-1,qAR,LZ0DOE:!/8lT`Tj<bO   /A=048992 LZ|&aM5Sh:m@Y!"|
2016-12-12 12:56:47 GMT: M0SBU-13>APRS,WIDE2-1,qAR,LZ0SOF:!/8lWgTjbtO   /A=049038 LZ|&cM:W?:m@d!"|
2016-12-12 12:57:49 GMT: M0SBU-13>APRS,WIDE2-1,qAR,LZ1PRO:!/8lY?Tk-FO   /A=049038 LZ|&dM:Wo:2@]!"|
2016-12-12 12:58:51 GMT: M0SBU-13>APRS,WIDE2-1,qAR,LZ0DOE:!/8lZ<TkR+O   /A=048969 LZ|&fM>W0:8@P!"|
2016-12-12 12:59:53 GMT: M0SBU-13>APRS,WIDE2-1,qAR,LZ0DOE:!/8l[YTkvkO   /A=048854 LZ|&gM>Uh:S@Y!"|
2016-12-12 13:00:55 GMT: M0SBU-13>APRS,WIDE2-1,qAR,LZ0SMN-1:!/8l^$TlA9O   /A=048729 LZ|&iM:Us:8@K!"|
2016-12-12 13:01:41 GMT: M0SBU-13>APRS,WIDE2-1,qAR,YO4ISC-10:!/8l^$TlA9O   /A=048729 LZ|&iM:Us:8@K!"|
2016-12-12 13:01:57 GMT: M0SBU-13>APRS,WIDE2-1,qAR,LZ2AB-4:!/8laaTlgWO   /A=048677 LZ|&jM@Vf:/@:!"|
2016-12-12 13:02:59 GMT: M0SBU-13>APRS,WIDE2-1,qAR,YO4ISC-10:!/8lfxTm3bO   /A=048719 LZ|&lM<Sl9e@:!"|
2016-12-12 13:04:01 GMT: M0SBU-13>APRS,WIDE2-1,qAR,LZ0DOE:!/8lmWTm[ZO   /A=048834 LZ|&mM<V_9j@!!"|
2016-12-12 13:05:03 GMT: M0SBU-13>APRS,WIDE2-1,qAS,LZ1OI-4,T2CZECH:!/8luITn)7O   /A=048952 LZ|&oM:TL:Z@5!"|
2016-12-12 13:06:05 GMT: M0SBU-13>APRS,WIDE2-1,qAR,LZ0BOT-2,T2CZECH:!/8m"yTnR8O   /A=049028 LZ|&pM@X>:8@1!"|
2016-12-12 13:07:07 GMT: M0SBU-13>APRS,WIDE2-1,qAR,YO4ISC-10:!/8m"yTnR8O   /A=049028 LZ|&pM@X>:8@1!"|
2016-12-12 13:07:07 GMT: M0SBU-13>APRS,WIDE2-1,qAR,LZ0DOE:!/8m+"Tn{!O   /A=049008 LZ|&rM5Xd:,@5!"|
2016-12-12 13:08:09 GMT: M0SBU-13>APRS,WIDE2-1,qAR,LZ1PRO:!/8m27ToGpO   /A=048870 LZ|&sM>VD:@@:!"|
2016-12-12 13:09:11 GMT: M0SBU-13>APRS,WIDE2-1,qAR,LZ1PRO:!/8m8eToo(O   /A=048657 LZ|&uM5Xq9n@:!"|
2016-12-12 13:10:13 GMT: M0SBU-13>APRS,WIDE2-1,qAR,YO4ISC-10:!/8m8eToo(O   /A=048657 LZ|&uM5Xq9n@:!"|
2016-12-12 13:10:13 GMT: M0SBU-13>APRS,WIDE2-1,qAR,LZ0DOE:!/8m?0Tp:zO   /A=048434 LZ|&vM@Vh:/@<!"|
2016-12-12 13:11:15 GMT: M0SBU-13>APRS,WIDE2-1,qAR,YO4ISC-10:!/8m?0Tp:zO   /A=048434 LZ|&vM@Vh:/@<!"|
2016-12-12 13:11:15 GMT: M0SBU-13>APRS,WIDE2-1,qAR,LZ1PRO:!/8mFUTpb>O   /A=048385 LZ|&xM:Xd9e@:!"|
2016-12-12 13:12:17 GMT: M0SBU-13>APRS,WIDE2-1,qAR,LZ1PRO:!/8mP9Tq.uO   /A=048595 LZ|&yM8Wx:4@1!"|
2016-12-12 13:13:19 GMT: M0SBU-13>APRS,WIDE2-1,qAR,LZ1PRO:!/8mZMTqVUO   /A=048920 LZ|&{M8T9:D@1!"|
2016-12-12 13:14:21 GMT: M0SBU-13>APRS,WIDE2-1,qAR,LZ1PRO:!/8md3Tr#=O   /A=049100 LZ|'!M@W*:A@<!"|
2016-12-12 13:15:23 GMT: M0SBU-13>APRS,WIDE2-1,qAR,LZ0DOE:!/8mkBTrJhO   /A=049123 LZ|'#M<X%:$@1!"|
2016-12-12 13:16:25 GMT: M0SBU-13>APRS,WIDE2-1,qAR,LZ0DOE:!/8mo*TrqOO   /A=049097 LZ|'$M>Z\9v@1!"|
2016-12-12 13:17:27 GMT: M0SBU-13>APRS,WIDE2-1,qAR,LZ0DOE:!/8mpiTs<EO   /A=049084 LZ|'&M<ZI9u@(!"|
2016-12-12 13:18:29 GMT: M0SBU-13>APRS,WIDE2-1,qAR,LZ1PRO:!/8mpsTsavO   /A=049047 LZ|''M@Vl:&@:!"|
2016-12-12 13:19:31 GMT: M0SBU-13>APRS,WIDE2-1,qAR,LZ0BOT-1,T2CZECH:!/8mo<Tt,(O   /A=048972 LZ|')M<YW:9@1!"|
2016-12-12 13:20:16 GMT: M0SBU-13>APRS,WIDE2-1,qAR,YO4ISC-10:!/8mo<Tt,(O   /A=048972 LZ|')M<YW:9@1!"|
2016-12-12 13:20:33 GMT: M0SBU-13>APRS,WIDE2-1,qAR,LZ0DOE:!/8mlgTtQEO   /A=048933 LZ|'*M8SQ:Y@3!"|
2016-12-12 13:21:35 GMT: M0SBU-13>APRS,WIDE2-1,qAR,LZ1PRO:!/8mjWTtvbO   /A=048942 LZ|',M>V_:W@&!"|
2016-12-12 13:22:37 GMT: M0SBU-13>APRS,WIDE2-1,qAR,LZ2AB-4:!/8mhkTuA$O   /A=049018 LZ|'-M:W&:@@(!"|
2016-12-12 13:23:39 GMT: M0SBU-13>APRS,WIDE2-1,qAR,LZ1PRO:!/8mg(Tuf%O   /A=049093 LZ|'/M>Y-9m@!!"|
2016-12-12 13:24:41 GMT: M0SBU-13>APRS,WIDE2-1,qAR,LZ0VRC-2:!/8mdCTv/IO   /A=049107 LZ|'0M5U6:;@(!"|
2016-12-12 13:25:43 GMT: M0SBU-13>APRS,WIDE2-1,qAR,LZ2AB-4:!/8ma@TvSeO   /A=049061 LZ|'2MBZ;:'?z!"|
2016-12-12 13:26:45 GMT: M0SBU-13>APRS,WIDE2-1,qAR,LZ3SP:!/8m]\TvwyO   /A=049011 LZ|'3M<X>9k@*!"|
2016-12-12 13:27:47 GMT: M0SBU-13>APRS,WIDE2-1,qAR,LZ1PRO:!/8mYVTwA>O   /A=049002 LZ|'5M@W(9{@,!"|
2016-12-12 13:28:49 GMT: M0SBU-13>APRS,WIDE2-1,qAR,LZ0DOE:!/8mU4TwerO   /A=049011 LZ|'6M3Uh:%@,!"|
2016-12-12 13:29:51 GMT: M0SBU-13>APRS,WIDE2-1,qAR,LZ0DAD:!/8mPwTx0(O   /A=049038 LZ|'8M8Vr:.@(!"|
2016-12-12 13:30:53 GMT: M0SBU-13>APRS,WIDE2-1,qAR,LZ0DOE:!/8mM:TxV6O   /A=049110 LZ|'9M8VB9r@(!"|
2016-12-12 13:31:55 GMT: M0SBU-13>APRS,WIDE2-1,qAR,LZ1PRO:!/8mJ;Ty!dO   /A=049192 LZ|';MBVt:<@(!"|
2016-12-12 13:32:57 GMT: M0SBU-13>APRS,WIDE2-1,qAR,LZ1PRO:!/8mGfTyG*O   /A=049212 LZ|'<M8WP9p?x!"|
2016-12-12 13:33:59 GMT: M0SBU-13>APRS,WIDE2-1,qAR,LZ2AB-4:!/8mFoTykrO   /A=049156 LZ|'>M3S19o?h!"|
2016-12-12 13:35:01 GMT: M0SBU-13>APRS,WIDE2-1,qAR,LZ2AB-4:!/8mG0Tz5[O   /A=049034 LZ|'?M<YS9k?b!"|
2016-12-12 13:36:03 GMT: M0SBU-13>APRS,WIDE2-1,qAR,LZ0DOE:!/8mG$TzZDO   /A=048857 LZ|'AM<UZ9k?m!"|
2016-12-12 13:37:05 GMT: M0SBU-13>APRS,WIDE2-1,qAR,LZ0DOE:!/8mEbT{$eO   /A=048683 LZ|'BM@Xy9I?f!"|
2016-12-12 13:38:06 GMT: M0SBU-13>APRS,WIDE2-1,qAR,YO4ISC-10:!/8mEbT{$eO   /A=048683 LZ|'BM@Xy9I?f!"|
2016-12-12 13:38:07 GMT: M0SBU-13>APRS,WIDE2-1,qAR,LZ0IOS-10:!/8mCtT{K$O   /A=048582 LZ|'DM>Xy9_?j!"|
2016-12-12 13:39:09 GMT: M0SBU-13>APRS,WIDE2-1,qAR,LZ2AB-4:!/8mB5T{puO   /A=048582 LZ|'EMBY/9[?m!"|
2016-12-12 13:40:11 GMT: M0SBU-13>APRS,WIDE2-1,qAR,LZ0BGN:!/8mA.U!;KO   /A=048624 LZ|'GM<ZE9f?f!"|
2016-12-12 13:41:13 GMT: M0SBU-13>APRS,WIDE2-1,qAR,LZ0DOE:!/8mAXU!a!O   /A=048647 LZ|'HM@Wv9`?h!"|
2016-12-12 13:42:15 GMT: M0SBU-13>APRS,WIDE2-1,qAR,LZ0DOE:!/8mCZU"+vO   /A=048588 LZ|'JMDWA9d?o!"|
2016-12-12 13:43:17 GMT: M0SBU-13>APRS,WIDE2-1,qAR,YU0XPI:!/8mFyU"R!O   /A=048503 LZ|'KM:V[9j?m!"|
2016-12-12 13:44:19 GMT: M0SBU-13>APRS,WIDE2-1,qAR,LZ1PRO:!/8mL+U"x{O   /A=048473 LZ|'MMDUy9d?s!"|
2016-12-12 13:45:21 GMT: M0SBU-13>APRS,WIDE2-1,qAR,LZ2AB-4:!/8mRQU#E;O   /A=048539 LZ|'NM>Um9z?v!"|
2016-12-12 13:46:23 GMT: M0SBU-13>APRS,WIDE2-1,qAR,LZ1PRO:!/8mZ/U#lrO   /A=048723 LZ|'PM>Tc:(?s!"|
2016-12-12 13:47:25 GMT: M0SBU-13>APRS,WIDE2-1,qAR,LZ0SMN-1:!/8mb3U$9RO   /A=048916 LZ|'QM:VB9p?m!"|
2016-12-12 13:48:27 GMT: M0SBU-13>APRS,WIDE2-1,qAR,LZ1PRO:!/8mi&U$a:O   /A=049024 LZ|'SMFVB9s?s!"|
2016-12-12 13:49:28 GMT: M0SBU-13>APRS,WIDE2-1,qAR,LZ1PRO:!/8moJU%."O   /A=049008 LZ|'TMFZi9j?m!"|
2016-12-12 13:50:31 GMT: M0SBU-13>APRS,WIDE2-1,qAR,YO4RDJ-10:!/8mu6U%UEO   /A=048900 LZ|'VMBY@9o?q!"|
2016-12-12 13:51:33 GMT: M0SBU-13>APRS,WIDE2-1,qAR,LZ0BOT-1,T2CZECH:!/8mzmU&!lO   /A=048762 LZ|'WM>Wm9x?h!"|
2016-12-12 13:52:34 GMT: M0SBU-13>APRS,WIDE2-1,qAR,LZ0VRC-2:!/8n&>U&IdO   /A=048670 LZ|'YM<Uy:@?s!"|
2016-12-12 13:53:37 GMT: M0SBU-13>APRS,WIDE2-1,qAR,LZ2AB-4:!/8n..U&rYO   /A=048614 LZ|'ZM>Ud:$?x!"|
2016-12-12 13:54:38 GMT: M0SBU-13>APRS,WIDE2-1,qAR,LZ0DOE:!/8n7IU'@vO   /A=048555 LZ|'\MBV-9w@#!"|
2016-12-12 13:55:40 GMT: M0SBU-13>APRS,WIDE2-1,qAR,LZ0DOE:!/8nA{U'ikO   /A=048483 LZ|']M>Uy9`@!!"|
2016-12-12 13:56:42 GMT: M0SBU-13>APRS,WIDE2-1,qAR,LZ0DOE:!/8nNZU(5>O   /A=048441 LZ|'_M<Xw9d@#!"|
2016-12-12 13:57:45 GMT: M0SBU-13>APRS,WIDE2-1,qAR,LZ1PRO:!/8n[gU(ZWO   /A=048477 LZ|'`MMYD:0@!!"|
2016-12-12 13:58:47 GMT: M0SBU-13>APRS,WIDE2-1,qAR,LZ0DOE:!/8nhjU)$8O   /A=048575 LZ|'bM3XU:*?z!"|
2016-12-12 13:59:49 GMT: M0SBU-13>APRS,WIDE2-1,qAR,LZ2AB-4:!/8ntfU)H`O   /A=048729 LZ|'cM@Wc:=@!!"|
2016-12-12 14:00:51 GMT: M0SBU-13>APRS,WIDE2-1,qAR,LZ0DOE:!/8o$gU)nFO   /A=048851 LZ|'eM<Xd9x?z!"|
2016-12-12 14:01:53 GMT: M0SBU-13>APRS,WIDE2-1,qAR,LZ0BOT-1,T2CZECH:!/8o.#U*:9O   /A=048903 LZ|'fMBWi9x?v!"|
2016-12-12 14:02:55 GMT: M0SBU-13>APRS,WIDE2-1,qAR,LZ0BGN:!/8o6UU*adO   /A=048880 LZ|'hM<T?:&?q!"|
2016-12-12 14:03:57 GMT: M0SBU-13>APRS,WIDE2-1,qAR,LZ3GH-2:!/8o=\U+.XO   /A=048792 LZ|'iM>WC9`?[!"|
2016-12-12 14:04:59 GMT: M0SBU-13>APRS,WIDE2-1,qAR,LZ0DOE:!/8oC@U+VTO   /A=048700 LZ|'kM<Xh9t?h!"|
2016-12-12 14:06:01 GMT: M0SBU-13>APRS,WIDE2-1,qAR,YO4RDJ-10:!/8oH9U,#LO   /A=048631 LZ|'lM<X:9j?f!"|
2016-12-12 14:07:03 GMT: M0SBU-13>APRS,WIDE2-1,qAR,LZ0BGN:!/8oLgU,K4O   /A=048605 LZ|'nM>Te:"?j!"|
2016-12-12 14:08:05 GMT: M0SBU-13>APRS,WIDE2-1,qAR,LZ2AB-4:!/8oQ8U,rOO   /A=048601 LZ|'oM<Xd9q?f!"|
2016-12-12 14:09:07 GMT: M0SBU-13>APRS,WIDE2-1,qAR,YO4ISC-10:!/8oUxU->6O   /A=048595 LZ|'qM>XX9{?b!"|
2016-12-12 14:10:09 GMT: M0SBU-13>APRS,WIDE2-1,qAR,LZ2AB-4:!/8oZKU-d\O   /A=048621 LZ|'rM5WN9n?b!"|
2016-12-12 14:11:11 GMT: M0SBU-13>APRS,WIDE2-1,qAR,LZ2AB-4:!/8o_.U./rO   /A=048621 LZ|'tM8Wq9n?d!"|
2016-12-12 14:12:13 GMT: M0SBU-13>APRS,WIDE2-1,qAS,LZ1OI-4,T2CZECH:!/8oc6U.UlO   /A=048588 LZ|'uM<WV9f?d!"|
2016-12-12 14:13:14 GMT: M0SBU-13>APRS,WIDE2-1,qAR,LZ0DOE:!/8og&U.{BO   /A=048562 LZ|'wM<T09s?b!"|
2016-12-12 14:14:17 GMT: M0SBU-13>APRS,WIDE2-1,qAR,LZ4NY-2:!/8oj{U/EgO   /A=048591 LZ|'xM@YN9N?V!"|
2016-12-12 14:15:19 GMT: M0SBU-13>APRS,WIDE2-1,qAR,LZ0BGN:!/8ooLU/jhO   /A=048631 LZ|'zMBXE9\?b!"|
2016-12-12 14:16:21 GMT: M0SBU-13>APRS,WIDE2-1,qAR,LZ1PKZ:!/8ot'U04UO   /A=048644 LZ|'{M>Y'9c?[!"|
2016-12-12 14:17:22 GMT: M0SBU-13>APRS,WIDE2-1,qAR,LZ2AB-4:!/8ox-U0Y>O   /A=048647 LZ|("M@Wo9g?[!"|
2016-12-12 14:18:24 GMT: M0SBU-13>APRS,WIDE2-1,qAR,LZ0DOE:!/8o{fU1#;O   /A=048611 LZ|(#MHZC9T?E!"|
2016-12-12 14:19:26 GMT: M0SBU-13>APRS,WIDE2-1,qAR,LZ1PRO:!/8p$,U1HpO   /A=048575 LZ|(%M5XK9h?G!"|
2016-12-12 14:20:28 GMT: M0SBU-13>APRS,WIDE2-1,qAR,LZ0DOE:!/8p'3U1o'O   /A=048624 LZ|(&M>YH9_?G!"|
2016-12-12 14:21:31 GMT: M0SBU-13>APRS,WIDE2-1,qAR,LZ0BGN:!/8p)_U2:eO   /A=048696 LZ|((M:Xf9a?P!"|
2016-12-12 14:22:33 GMT: M0SBU-13>APRS,WIDE2-1,qAR,LZ0DOE:!/8p+OU2b!O   /A=048778 LZ|()M8WE9E?N!"|
2016-12-12 14:23:35 GMT: M0SBU-13>APRS,WIDE2-1,qAS,LZ1OI-4,T2CZECH:!/8p,\U3.XO   /A=048801 LZ|(+MBYr9F?N!"|
2016-12-12 14:24:37 GMT: M0SBU-13>APRS,WIDE2-1,qAR,LZ3SP:!/8p,hU3VPO   /A=048762 LZ|(,M:Tg9s?V!"|
2016-12-12 14:25:38 GMT: M0SBU-13>APRS,WIDE2-1,qAR,LZ2AB-4:!/8p,"U4#LO   /A=048670 LZ|(.M:Vh9b?B!"|
2016-12-12 14:26:40 GMT: M0SBU-13>APRS,WIDE2-1,qAR,LZ0DOE:!/8p*NU4K,O   /A=048618 LZ|(/M:V59G?7!"|
2016-12-12 14:27:43 GMT: M0SBU-13>APRS,WIDE2-1,qAR,LZ0DAD:!/8p(vU4rKO   /A=048598 LZ|(1M@Xb9D?7!"|
2016-12-12 14:28:45 GMT: M0SBU-13>APRS,WIDE2-1,qAR,LZ2AB-4:!/8p'cU5>^O   /A=048559 LZ|(2M@WZ9R?3!"|
2016-12-12 14:29:46 GMT: M0SBU-13>APRS,WIDE2-1,qAR,LZ0VRC-2:!/8p'uU5f>O   /A=048542 LZ|(4M@Xm9)?,!"|
2016-12-12 14:30:49 GMT: M0SBU-13>APRS,WIDE2-1,qAR,LZ0DAD:!/8p)#U632O   /A=048555 LZ|(5MBZT8{?*!"|
2016-12-12 14:31:21 GMT: M0SBU-13>APRS,WIDE2-1,qAR,YO4ISC-10:!/8p)#U632O   /A=048555 LZ|(5MBZT8{?*!"|
2016-12-12 14:31:51 GMT: M0SBU-13>APRS,WIDE2-1,qAR,LZ0DOE:!/8p*HU6ZuO   /A=048634 LZ|(7M<Vl9A?*!"|
2016-12-12 14:32:53 GMT: M0SBU-13>APRS,WIDE2-1,qAR,LZ0DOE:!/8p+_U7'iO   /A=048696 LZ|(8M5Y[9B?!!"|
2016-12-12 14:33:55 GMT: M0SBU-13>APRS,WIDE2-1,qAR,YO4RDJ-10:!/8p,pU7P*O   /A=048726 LZ|(:M>XI94>v!"|
2016-12-12 14:34:57 GMT: M0SBU-13>APRS,WIDE2-1,qAR,LZ0DOE:!/8p.&U7xRO   /A=048657 LZ|(;M>ZP9@>v!"|
2016-12-12 14:35:59 GMT: M0SBU-13>APRS,WIDE2-1,qAR,YO4ISC-10:!/8p.&U7xRO   /A=048657 LZ|(;M>ZP9@>v!"|
2016-12-12 14:35:59 GMT: M0SBU-13>APRS,WIDE2-1,qAR,LZ2AB-4:!/8p/5U8EfO   /A=048549 LZ|(=MHZ.9A>s!"|
2016-12-12 14:37:01 GMT: M0SBU-13>APRS,WIDE2-1,qAR,LZ2AB-4:!/8p/AU8mJO   /A=048545 LZ|(>MBZ$9@>f!"|
2016-12-12 14:38:03 GMT: M0SBU-13>APRS,WIDE2-1,qAR,LZ0DOE:!/8p.nU99uO   /A=048654 LZ|(@M8Yh93>f!"|
2016-12-12 14:39:05 GMT: M0SBU-13>APRS,WIDE2-1,qAR,LZ2AB-4:!/8p-)U9aQO   /A=048719 LZ|(AM1T295>]!"|
2016-12-12 14:40:07 GMT: M0SBU-13>APRS,WIDE2-1,qAR,LZ0DOE:!/8p*\U:.IO   /A=048739 LZ|(CM:[@9<>P!"|
2016-12-12 14:41:09 GMT: M0SBU-13>APRS,WIDE2-1,qAR,YO4ISC-10:!/8p*\U:.IO   /A=048739 LZ|(CM:[@9<>P!"|
2016-12-12 14:41:09 GMT: M0SBU-13>APRS,WIDE2-1,qAR,YO4ISC-10:!/8p'yU:V1O   /A=048680 LZ|(DM@Wz9e>K!"|
2016-12-12 14:42:11 GMT: M0SBU-13>APRS,WIDE2-1,qAR,LZ0DAD:!/8p%WU;"4O   /A=048591 LZ|(FMBZN9;><!"|
2016-12-12 14:43:13 GMT: M0SBU-13>APRS,WIDE2-1,qAR,LZ0DOE:!/8p#kU;HZO   /A=048595 LZ|(GM<T590>3!"|
2016-12-12 14:44:15 GMT: M0SBU-13>APRS,WIDE2-1,qAR,LZ0DOE:!/8p"VU;o!O   /A=048647 LZ|(IM:S39#>(!"|
2016-12-12 14:45:17 GMT: M0SBU-13>APRS,WIDE2-1,qAR,YO4ISC-10:!/8p"VU;o!O   /A=048647 LZ|(IM:S39#>(!"|
2016-12-12 14:45:17 GMT: M0SBU-13>APRS,WIDE2-1,qAR,LZ0DOE:!/8p!9U<:7O   /A=048677 LZ|(JM8V38p=z!"|
2016-12-12 14:46:19 GMT: M0SBU-13>APRS,WIDE2-1,qAS,LZ1OI-4,T2CZECH:!/8oyzU<`AO   /A=048700 LZ|(LM8Yh8v=x!"|
2016-12-12 14:47:21 GMT: M0SBU-13>APRS,WIDE2-1,qAR,LZ0DOE:!/8ovgU=+CO   /A=048733 LZ|(MM@Wz8p=o!"|
2016-12-12 14:48:23 GMT: M0SBU-13>APRS,WIDE2-1,qAR,LZ0DOE:!/8orKU=QAO   /A=048778 LZ|(OM3Q*8j=_!"|
2016-12-12 14:49:25 GMT: M0SBU-13>APRS,WIDE2-1,qAR,LZ0DAD:!/8om>U=wSO   /A=048801 LZ|(PM8S%8c=G!"|
2016-12-12 14:50:27 GMT: M0SBU-13>APRS,WIDE2-1,qAR,LZ0BGM:!/8oh3U>B5O   /A=048723 LZ|(RLkKc8L=&!"|
2016-12-12 14:51:29 GMT: M0SBU-13>APRS,WIDE2-1,qAR,YO4ISC-10:!/8oh3U>B5O   /A=048723 LZ|(RLkKc8L=&!"|
2016-12-12 14:51:29 GMT: M0SBU-13>APRS,WIDE2-1,qAR,LZ0DOE:!/8ocBU>gNO   /A=048545 LZ|(SKaIu8A<T!"|
2016-12-12 14:52:31 GMT: M0SBU-13>APRS,WIDE2-1,qAR,LZ0DOE:!/8o^iU?2TO   /A=048424 LZ|(UJnHg86<(!"|
2016-12-12 14:53:33 GMT: M0SBU-13>APRS,WIDE2-1,qAR,LZ0DOE:!/8oZ#U?YsO   /A=048345 LZ|(VIuGw8A;_!"|
2016-12-12 14:54:35 GMT: M0SBU-13>APRS,WIDE2-1,qAR,LZ0DOE:!/8oW2U@&kO   /A=048401 LZ|(XH[FO8D;@!"|
2016-12-12 14:55:37 GMT: M0SBU-13>APRS,WIDE2-1,qAR,LZ2AB-4:!/8oTMU@NWO   /A=048582 LZ|(YG[EN8D;$!"|
2016-12-12 14:57:38 GMT: M0SBU-13>APRS,WIDE2-1,qAR,LZ0DAD:!/8oNYUAA9O   /A=048713 LZ|([FCCT8D:z!"|
2016-12-12 14:59:39 GMT: M0SBU-13>APRS,WIDE2-1,qAR,LZ0DAD:!/8oFkUB4cO   /A=048860 LZ|(\D@AU8?:T!"|
2016-12-13 05:15:46 GMT: M0SBU-13>APRS,WIDE2*,qAR,RW6HP-10:!/7wo9YliRO   /A=048280 RA|!QM1XE9f?5!"|
2016-12-13 05:42:38 GMT: M0SBU-13>APRS,WIDE2*,qAR,RW6HP-10:!/7qlVY{HZO   /A=048336 RA110718z4c6eN,PvS(KzJ3={>I!"|!xM:Wx:1?q!"|
2016-12-13 05:44:42 GMT: M0SBU-13>APRS,WIDE2*,qAR,UA6HJQ-10:!/7qDtZ!STO   /A=048276 RA111603z6,(FP1dO\LJrH_8E:N!/|!{M8Uo:L?z!"|
2016-12-13 05:48:50 GMT: M0SBU-13>APRS,WIDE2*,qAR,UA6HJQ-10:!/7pWpZ#kJO   /A=048506 RA110616z4SH7Mwr0L-LMJp>z?B!#|"&M:Xs:"@&!"|
2016-12-13 05:52:58 GMT: M0SBU-13>APRS,WIDE2*,qAR,UA6HJQ-10:!/7oh>Z&*JO   /A=048457 RA121118z8dhnTB"0\DM3U2:S@x!"|",M:V[:z@E!"|
2016-12-13 05:54:00 GMT: M0SBU-13>APRS,WIDE2*,qAR,UA6HJQ-10:!/7oV@Z&^VO   /A=048545 RA111317z5]w2OTzM\LM:WC:>@T!.|".M<S{:k@P!"|
2016-12-13 05:58:11 GMT: M0SBU-13>APRS,WIDE2*,qAR,UA6HJQ-10:!/7nehZ(vtO   /A=048391 RA101451z4LQ.Mm\p9YK"LwA"A@!(|"4M8S7:M@_!"|
2016-12-13 06:00:12 GMT: M0SBU-13>APRS,WIDE2*,qAR,UA6HJQ-10:!/7nApZ*(DO   /A=048529 RA110938z56%6NaH-ZQM@[E9==o!-|"7M<W$:X@m!"|
2016-12-13 06:02:16 GMT: M0SBU-13>APRS,WIDE2*,qAR,UA6HJQ-10:!/7mx$Z+5<O   /A=048493 RA121220z8i-DT[4-\DM:Xf:!@E!"|":M8W\:j@]!"|
2016-12-13 06:03:19 GMT: M0SBU-13>APRS,WIDE2*,qAR,UA6HJQ-10:!/7me+Z+i0O   /A=048526 RA111429z5p66OnL9\LM<To:3@&!.|";M>UX:j@_!"|
2016-12-13 06:08:28 GMT: M0SBU-13>APRS,WIDE2*,qAR,UA6HJQ-10:!/7l]2Z.\hO   /A=048316 RA121424z8p,hU3VP\BM:Tg9s?V!"|"CM8V>:;@B!"|
2016-12-13 06:11:36 GMT: M0SBU-13>APRS,WIDE2*,qAR,UA6HJQ-10:!/7l#>Z0@zO   /A=048545 RA120914z8cqtSs=I\FMBWX:N@a!"|"GM8V@:a@K!"|
2016-12-13 06:13:38 GMT: M0SBU-13>APRS,WIDE2*,qAR,UA6HJQ-10:!/7kYaZ1MnO   /A=048421 RA110616z4SH7Mwr0L-LMJp>z?B!#|"JM<TE:p@V!"|
2016-12-13 06:17:46 GMT: M0SBU-13>APRS,WIDE2*,qAR,UA6HJQ-10:!/7jk&Z3fQO   /A=048598 RA121118z8dhnTB"0\DM3U2:S@x!"|"PM>Us:9@@!"|
2016-12-13 06:18:48 GMT: M0SBU-13>APRS,WIDE2*,qAR,UA6HJQ-10:!/7jXCZ4@2O   /A=048552 RA111317z5]w2OTzM\LM:WC:>@T!.|"RM<T;9r@V!"|
2016-12-13 06:19:50 GMT: M0SBU-13>APRS,WIDE2*,qAR,UA6HJQ-10:!/7jDcZ4tjO   /A=048513 RA110825z4xO1NH-[W8M5Vp;W=q!'|"SM<X`:6@I!"|
2016-12-13 06:21:00 GMT: M0SBU-13>APRS,WIDE2*,qAR,UA6HJQ-10:!/7j1,Z5N;O   /A=048509 RA130532z7t1xYv0?\?M:Xd9s?q!"|"UM<YQ:/@N!"|
2016-12-13 06:23:04 GMT: M0SBU-13>APRS,WIDE2*,qAR,UA6HJQ-10:!/7ieAZ6\$O   /A=048585 RA101451z4LQ.Mm\p9YK"LwA"A@!(|"XM@V{:F@V!"|
2016-12-13 06:23:58 GMT: M0SBU-13>APRS,WIDE2*,qAR,UA6HJQ-10:!/7iQ[Z75`O   /A=048585 RA120812z8Z+/S`NQ\HM5U^:5@]!"|"YM:WT:5@R!"|
2016-12-13 06:26:02 GMT: M0SBU-13>APRS,WIDE2*,qAR,UA6HJQ-10:!/7i(NZ8D.O   /A=048582 RA101907z4LPwMm\h9HKiMn@vA7!%|"\M<T&;(@T!"|
2016-12-13 06:30:18 GMT: M0SBU-13>APRS,WIDE2*,qAR,UA6HJQ-10:!/7h2EZ:d0O   /A=048598 RA121016z8bzDT+\M\EM8S[:yA7!"|"bM>U+:-@f!"|
2016-12-13 06:31:13 GMT: M0SBU-13>APRS,WIDE2*,qAR,UA6HJQ-10:!/7gxDZ;>iO   /A=048608 RA111204z5NGYO9mS\MM<Wg:b@<!.|"dM>Wz:'@_!"|
2016-12-13 06:36:25 GMT: M0SBU-13>APRS,WIDE2*,qAR,UA6HJQ-10:!/7fotZ>>6O   /A=048542 RA120914z8cqtSs=I\FMBWX:N@a!"|"kM<XG:R@V!"|
2016-12-13 06:37:25 GMT: M0SBU-13>APRS,WIDE2*,qAR,UA6HJQ-10:!/7f]jZ>u-O   /A=048575 RA111052z5AHDNzOg\DM3WE:F@.!.|"mM:W2:e@a!"|
2016-12-13 06:38:29 GMT: M0SBU-13>APRS,WIDE2*,qAR,UA6HJQ-10:!/7fLKZ?Q<O   /A=048595 RA110616z4SH7Mwr0L-LMJp>z?B!#|"nM>UG:s@V!"|
2016-12-13 06:39:31 GMT: M0SBU-13>APRS,WIDE2*,qAR,UA6HJQ-10:!/7f;6Z@-gO   /A=048588 RA121322z8mhkTuA$\DM:W&:@@(!"|"pM8U';5@j!"|
2016-12-13 06:43:41 GMT: M0SBU-13>APRS,WIDE2*,qAR,UA6HJQ-10:!/7eS=ZBU=O   /A=048444 RA111317z5]w2OTzM\LM:WC:>@T!.|"vM<TC:qA(!"|
2016-12-13 06:44:38 GMT: M0SBU-13>APRS,WIDE2*,qAR,UA6HJQ-10:!/7eD4ZC1LO   /A=048545 RA110825z4xO1NH-[W8M5Vp;W=q!'|"wM3U):6A!!"|
2016-12-13 06:45:40 GMT: M0SBU-13>APRS,WIDE2*,qAR,UA6HJQ-10:!/7e4vZChSO   /A=048585 RA130532z7t1xYv0?\?M:Xd9s?q!"|"yM<YQ:0A#!"|
2016-12-13 06:46:42 GMT: M0SBU-13>APRS,WIDE2*,qAR,UA6HJQ-10:!/7e$NZDDFO   /A=048529 RA120710z8IjcSKJ:\HM:UK:"?x!"|"zM@V@:v@z!"|
2016-12-13 06:47:45 GMT: M0SBU-13>APRS,WIDE2*,qAR,UA6HJQ-10:!/7do"ZD{IO   /A=048516 RA101451z4LQ.Mm\p9YK"LwA"A@!(|#!M5S3:rA,!"|
2016-12-13 06:50:50 GMT: M0SBU-13>APRS,WIDE2*,qAR,UA6HJQ-10:!/7d@KZFjnO   /A=048490 RA130634z7g1+Z=G,\?M8US:;@f!"|#%M/VY:ZA*!"|
2016-12-13 06:53:57 GMT: M0SBU-13>APRS,WIDE2*,qAR,UA6HJQ-10:!/7ckaZHWmO   /A=048545 RA111429z5p66OnL9\LM<To:3@&!.|#*M@X0:V@x!"|
2016-12-13 06:59:06 GMT: M0SBU-13>APRS,WIDE2*,qAR,UA6HJQ-10:!/7btqZKSjO   /A=048483 RA121424z8p,hU3VP\BM:Tg9s?V!"|#1M8UG:_@x!"|
2016-12-13 07:03:14 GMT: M0SBU-13>APRS,WIDE2*,qAR,UA6HJQ-10:!/7b6+ZMspO   /A=048621 RA111052z5AHDNzOg\DM3WE:F@.!.|#7MFXm:R@x!"|
2016-12-13 07:06:21 GMT: M0SBU-13>APRS,WIDE2*,qAR,UA6HJQ-10:!/7a\NZO_VO   /A=048401 RA111542z6'#=P+=f\MM@Xs9K>N!.|#<M:VU:7A!!"|
2016-12-13 07:17:42 GMT: M0SBU-13>APRS,WIDE2*,qAR,UA6HJQ-10:!/7_D`ZV#CO   /A=048326 101907z4LPwMm\h9HKiMn@vA7!%|#LM>Vc:a@j!"|
2016-12-13 07:19:46 GMT: M0SBU-13>APRS,WIDE2*,qAR,UA6HJQ-10:!/7^z'ZW14O   /A=048503 111429z5p66OnL9\LM<To:3@&!.|#OM<WP:i@d!"|
2016-12-13 07:20:48 GMT: M0SBU-13>APRS,WIDE2*,qAR,UA6HJQ-10:!/7^gPZWfAO   /A=048536 101658z4LPJMm\t9HK=MOA"A:!$|#QM:X):9@o!"|
2016-12-13 07:21:57 GMT: M0SBU-13>APRS,WIDE2*,qAR,UA6HJQ-10:!/7^T1ZX@fO   /A=048447 121016z8bzDT+\M\EM8S[:yA7!"|#RM<V>:8@z!"|
2016-12-13 07:22:52 GMT: M0SBU-13>APRS,WIDE2*,qAR,UA6HJQ-10:!/7^?xZXusO   /A=048395 111204z5NGYO9mS\MM<Wg:b@<!.|#TM8UK:VA!!"|
2016-12-13 07:23:54 GMT: M0SBU-13>APRS,WIDE2*,qAR,UA6HJQ-10:!/7^+bZYOdO   /A=048434 110718z4c6eN,PvS(KzJ3={>I!"|#UM<VJ:n@s!"|
2016-12-13 07:27:00 GMT: M0SBU-13>APRS,WIDE2*,qAR,UA6HJQ-10:!/7]HtZ[9DO   /A=048342 RA101556z4LP$Mm\l9jK1M<A#A>!%|#ZMBWT:^@j!"|
2016-12-13 07:29:07 GMT: M0SBU-13>APRS,WIDE2*,qAR,UA6HJQ-10:!/7]!=Z\HnO   /A=048391 111052z5AHDNzOg\DM3WE:F@.!.|#]MHTR;!@z!"|
2016-12-13 07:39:26 GMT: M0SBU-13>APRS,WIDE2*,qAR,UA6HJQ-10:!/7ZvOZbAeO   /A=048450 101451z4LQ.Mm\p9YK"LwA"A@!(|#lM3WX:vAI!"|
2016-12-13 07:41:28 GMT: M0SBU-13>APRS,WIDE2*,qAR,UA6HJQ-10:!/7ZQTZcQ,O   /A=048293 110938z56%6NaH-ZQM@[E9==o!-|#oM3VL:AAN!"|
2016-12-13 07:42:30 GMT: M0SBU-13>APRS,WIDE2*,qAR,UA6HJQ-10:!/7Z>/Zd+)O   /A=048309 130634z7g1+Z=G,\?M8US:;@f!"|#pM5U@:JA7!"|
2016-12-13 07:44:37 GMT: M0SBU-13>APRS,WIDE2*,qAR,UA6HJQ-10:!/7Yr0Ze;PO   /A=048506 121220z8i-DT[4-\DM:Xf:!@E!"|#sM<Uh:dA5!"|
2016-12-13 07:46:40 GMT: M0SBU-13>APRS,WIDE2*,qAR,UA6HJQ-10:!/7YLZZfKSO   /A=048355 101658z4LPJMm\t9HK=MOA"A:!$|#vM:Wg:hA!!"|
2016-12-13 07:48:43 GMT: M0SBU-13>APRS,WIDE2*,qAR,UA6HJQ-10:!/7Y%WZg[ZO   /A=048444 111204z5NGYO9mS\MM<Wg:b@<!.|#yM8U<:{A,!"|
2016-12-13 07:50:52 GMT: M0SBU-13>APRS,WIDE2*,qAR,UA6HJQ-10:!/7XVaZhi_O   /A=048427 121424z8p,hU3VP\BM:Tg9s?V!"|$!M:Vh:2A1!"|
2016-12-13 07:51:49 GMT: M0SBU-13>APRS,WIDE2*,qAR,UA6HJQ-10:!/7XA"ZiBwO   /A=048372 111603z6,(FP1dO\LJrH_8E:N!/|$#M>Vr:GA,!"|
2016-12-13 07:52:51 GMT: M0SBU-13>APRS,WIDE2*,qAR,UA6HJQ-10:!/7X*gZiw<O   /A=048313 101556z4LP$Mm\l9jK1M<A#A>!%|$$M3Xd:F@u!"|
2016-12-13 07:53:53 GMT: M0SBU-13>APRS,WIDE2*,qAR,UA6HJQ-10:!/7WnlZjP4O   /A=048319 120914z8cqtSs=I\FMBWX:N@a!"|$&M8TR:VA(!"|
2016-12-13 07:55:00 GMT: M0SBU-13>APRS,WIDE2*,qAR,UA6HJQ-10:!/7WW]Zk(wO   /A=048391 111052z5AHDNzOg\DM3WE:F@.!.|$'M5UX:i@x!"|
2016-12-13 07:58:05 GMT: M0SBU-13>APRS,WIDE2*,qAR,UA6HJQ-10:!/7VmLZliOO   /A=048355 121322z8mhkTuA$\DM:W&:@@(!"|$,M8S%:eA1!"|
2016-12-13 08:25:56 GMT: M0SBU-13>APRS,WIDE2*,qAR,UA6HJQ-10:!/7Oe'Z{z=O   /A=048411 111542z6'#=P+=f\MM@Xs9K>N!.|$TM5VB:rA7!"|
2016-12-13 08:29:01 GMT: M0SBU-13>APRS,WIDE2*,qAR,UA6HJQ-10:!/7O#7["_0O   /A=048503 111317z5]w2OTzM\LM:WC:>@T!.|$YM>YH:DA(!"|
2016-12-13 08:36:15 GMT: M0SBU-13>APRS,WIDE2*,qAR,UA6HJQ-10:!/7M<z[&X%O   /A=048404 130634z7g1+Z=G,\?M8US:;@f!"|$cM5VW:p@o!"|
2016-12-13 08:48:41 GMT: M0SBU-13>APRS,WIDE2*,qAR,UA6HJQ-10:!/7J<;[-<rO   /A=048418 120914z8cqtSs=I\FMBWX:N@a!"|$uM<WX:N@u!"|
2016-12-13 08:49:41 GMT: M0SBU-13>APRS,WIDE2*,qAR,UA6HJQ-10:!/7J&1[-o]O   /A=048454 111052z5AHDNzOg\DM3WE:F@.!.|$wMBXE:U@x!"|
2016-12-13 08:52:49 GMT: M0SBU-13>APRS,WIDE2*,qAR,UA6HJQ-10:!/7I?'[/RfO   /A=048388 121322z8mhkTuA$\DM:W&:@@(!"|${M5TA:pA(!"|
2016-12-13 08:53:49 GMT: M0SBU-13>APRS,WIDE2*,qAR,UA6HJQ-10:!/7I)![0*aO   /A=048473 111542z6'#=P+=f\MM@Xs9K>N!.|%"M:U+:qA&!"|
2016-12-13 08:57:57 GMT: M0SBU-13>APRS,WIDE2*,qAR,UA6HJQ-10:!/7H+D[2@qO   /A=048336 110825z4xO1NH-[W8M5Vp;W=q!'|%(M:T";$A3!"|
2016-12-13 08:59:02 GMT: M0SBU-13>APRS,WIDE2*,qAR,UA6HJQ-10:!/7Gpx[2t)O   /A=048460 130532z7t1xYv0?\?M:Xd9s?q!"|%)M>XQ:WA!!"|
2016-12-14 03:41:14 GMT: M0SBU-13>APRS,WIDE2-1,qAR,UH9OAM:!/48#bc!pRO   /A=048408 RA111052z5AHDNzOg\DM3WE:F@.!.|![M5Uh9{?/!/|
2016-12-14 05:12:28 GMT: M0SBU-13>APRS,WIDE2-1,qAR,UH9OAM:!/42EgcZA:O   /A=048332 RA130532z7t1xYv0?\?M:Xd9s?q!"|"qM8Wv:U@B!"|
2016-12-14 05:27:58 GMT: M0SBU-13>APRS,WIDE2-1,qAR,UH9OAM:!/40{Zcc[+O   /A=048303 RA130838z7L_F[("-\?M:S+:]@o!"|#,M:U#:i@]!"|
2016-12-14 05:48:39 GMT: M0SBU-13>APRS,WIDE2-1,qAR,UH9OAM:!/4/6vcoaqO   /A=048503 RA140353z47nMc*?,\?M:XM:"?m!.|#JM>V':d@f!$|
2016-12-14 06:04:12 GMT: M0SBU-13>APRS,WIDE2-1,qAR,UH9OAM:!/4-G"cxJeO   /A=048391 RA121424z8p,hU3VP\BM:Tg9s?V!"|#aM>T;:S@K!'|
2016-12-14 06:14:46 GMT: M0SBU-13>APRS,WIDE2-1,qAR,UH9OAM:!/4+k{d#-:O   /A=048654 RA131144z6x2v\5_F\?MHY_9u?V!"|#pM5X{9n@<!(|
2016-12-14 07:01:16 GMT: M0SBU-13>APRS,WIDE2-1,qAR,UH9OAM:!/4%KFd=dOO   /A=048601 RA140506z42uDcW0(\?M@Vj:K@f!-|$WM<SD:W@P!&|
2016-12-14 08:57:39 GMT: M0SBU-13>APRS,WIDE2-1,qAR,SA6BSS:!/3u?(e.Z-O   /A=048762 RA101804z4LS:Mm]I8PKLM_A#A:!'|&0M>Yh9Y?>!.|
2016-12-14 09:06:03 GMT: M0SBU-13>APRS,ARISS,qAR,SA6BSS:!/3tvke4ktO   /A=048765 RA via ARISS|&;M<W"9w?E!.|
2016-12-14 09:15:39 GMT: M0SBU-13>APRS,WIDE2-1,qAR,SA6BSS:!/3tD<e;uOO   /A=048506 RA121220z8i-DT[4-\DM:Xf:!@E!"|&FMDXy9q>z!.|
2016-12-14 09:20:27 GMT: M0SBU-13>APRS,WIDE2-1,qAR,SA6BSS:!/3syke?JHO   /A=048404 RA140712z4#x4dEAl\AM@Ta:C@R!%|&LM<Vr:,>x!.|
2016-12-14 09:27:39 GMT: M0SBU-13>APRS,WIDE2-1,qAR,SA6BSS:!/3sL[eDMnO   /A=048611 RA111603z6,(FP1dO\LJrH_8E:N!/|&UM@ZC9`>m!.|
2016-12-14 09:33:39 GMT: M0SBU-13>APRS,WIDE2-1,qAR,SA6BSS:!/3s.oeH^#O   /A=048316 RA111052z5AHDNzOg\DM3WE:F@.!.|&]MDXO9Q>]!.|
2016-12-14 09:43:19 GMT: M0SBU-13>APRS,WIDE2-1,qAR,SA6BSS:!/3s!eeO'uO   /A=048083 RA121118z8dhnTB"0\DM3U2:S@x!"|&iMHX69T>>!B|
2016-12-14 09:45:44 GMT: M0SBU-13>APRS,WIDE2-1,qAR,SA6BSS:!/3rz[eP\1O   /A=048024 RA130940z7=4`[I^`\>M@S%:`@u!"|&lM8VH9S><!-|
2016-12-15 07:37:09 GMT: M0SBU-13>APRS,BG2UHK-3,WIDE2*,qAS,BG2UHK-10:!/8aZAl%e0O   /A=048024 BY121322z8mhkTuA$\DM:W&:@@(!"|'rM>X0;6@T!"|
2016-12-15 07:47:28 GMT: M0SBU-13>APRS,BG2UHK-3,WIDE2*,qAS,BG2UHK-10:!/8emXl)BQO   /A=048178 BY150318z7K*Djw('\<M:Y3;HA1!"|(&M5XE:_@7!"|
2016-12-15 07:52:38 GMT: M0SBU-13>APRS,BG2UHK-3,WIDE2*,qAS,BG2UHK-10:!/8h/=l+9NO   /A=047948 BY140506z42uDcW0(\?M@Vj:K@f!-|(.M:UG:b@#!"|
2016-12-15 08:02:57 GMT: M0SBU-13>APRS,WIDE2-1,qAS,BG3MUF-10:!/8lq;l.x&O   /A=048263 BY101658z4LPJMm\t9HK=MOA"A:!$|(=MFV7:>@>!"|
2016-12-15 08:08:09 GMT: M0SBU-13>APRS,BI3OGV-1,WIDE2*,qAS,BI3OVY-10:!/8oOZl1%XO   /A=048076 BY130838z7L_F[("-\?M:S+:]@o!"|(DM>Wg:@?f!"|
2016-12-15 08:18:28 GMT: M0SBU-13>APRS,BI3OGV-1,WIDE2*,qAS,BI3OVY-10:!/8t>vl5.1O   /A=048677 BY150522z8$4TkJ0u\=M8X%:hA(!"|(SM8YN9^?<!"|
2016-12-15 08:23:38 GMT: M0SBU-13>APRS,BG2UHK-3,WIDE2*,qAS,BG2UHK-10:!/8vnll7;dO   /A=048109 BY111542z6'#=P+=f\MM@Xs9K>N!.|([MDYB:.?#!"|
2016-12-15 08:33:57 GMT: M0SBU-13>APRS,WIDE2-1,qAS,BG3MUF-10:!/8{d-l;LeO   /A=048434 BY130532z7t1xYv0?\?M:Xd9s?q!"|(jM8W59l>o!"|
2016-12-15 08:39:08 GMT: M0SBU-13>APRS,BI3OGV-1,WIDE2*,qAS,BI3OVY-10:!/9#$Hl=\WO   /A=048001 BY120812z8Z+/S`NQ\HM5U^:5@]!"|(qM<Xo9_>:!"|
2016-12-15 08:49:27 GMT: M0SBU-13>APRS,WIDE2-1,qAS,BH1SCW-10:!/9(':lB?QO   /A=047971 BY101658z4LPJMm\t9HK=MOA"A:!$|)%M<SJ9>=C!"|
2016-12-15 08:54:37 GMT: M0SBU-13>APRS,WIDE2-1,qAS,BH1SCW-10:!/9*[@lDT0O   /A=048089 BY130838z7L_F[("-\?M:S+:]@o!"|)-M)N(93<Y!"|
