2016-08-29 09:45:45 GMT: M0SBU-10>APRS,WIDE2-1,qAR,G1UAF-10:!/5![lN^{wO   /A=040993 290806z4h>CN@*D[GSU@#!'!!|!3RKA<!(!!|
2016-08-29 09:46:41 GMT: M0SBU-10>APRS,WIDE2-1,qAR,M0BPQ-1:!/5!m]N_:UO   /A=041000 290913z4uu!NU@e[F[u@.!(!!|!4SBA(!(!!|
2016-08-29 09:47:09 GMT: M0SBU-10>APRS,WIDE2-1,qAR,MB7UMS:!/5!v6N_G*O   /A=041003 290845z4p2ZNLE3[GQZA#!+!!|!5SjA*!(!!|
2016-08-29 09:47:28 GMT: M0SBU-10>APRS,WIDE2-1,qAR,G1UAF-10:!/5!{UN_O6O   /A=040983 290759z4fr\N=W([GK]?N!%!!|!6T0A(!)!!|
2016-08-29 09:48:24 GMT: M0SBU-10>APRS,WIDE2-1,qAR,G4ZLZ-1:!/5"1iN_gvO   /A=040983 290940z4{^QN]Z{[FOM@o!(!!|!9U<A.!'!!|
2016-08-29 09:48:43 GMT: M0SBU-10>APRS,WIDE2-1,qAR,G1UAF-10:!/5"7^N_p?O   /A=040964 290820z4jorND?U[PO,@_!!!!|!:U%A*!&!!|
2016-08-29 09:49:58 GMT: M0SBU-10>APRS,WIDE2-1,qAR,MB7UMS:!/5"NrN`6HO   /A=041085 290852z4q\3NNYm[FV3@j!%!!|!<K1A.!(!!|
2016-08-29 09:50:28 GMT: M0SBU-10>APRS,WIDE2-1,qAR,F6DZR-3:!/5"NrN`6HO   /A=041085 281449z4LPiMm\89YTNC_!%!!|!=QCA*!(!!|
2016-08-29 09:52:27 GMT: M0SBU-10>APRS,WIDE2-1,qAR,MB7UMS:!/5"{1N`x"O   /A=041000 290857z4r\CNP7![FRG@d!&!!|!>Zg@h!(!!|
2016-08-29 09:52:45 GMT: M0SBU-10>APRS,WIDE2-1,qAR,G4ZLZ-1:!/5#%iNa%ZO   /A=040996 290826z4l.5NF=][GPH?o!'!!|!?Y[@h!%!!|
2016-08-29 09:53:04 GMT: M0SBU-10>APRS,WIDE2-1,qAR,G1UAF-10:!/5#+.Na-jO   /A=040990 290929z4y?jNZ>R[GJY@Y!(!!|!@YL@q!'!!|
2016-08-29 09:53:23 GMT: M0SBU-10>APRS,WIDE2-1,qAR,M0BPQ-1:!/5#/yNa5nO   /A=041118 290804z4gpTN?<O[GL6@&!&!!|!AY'@o!$!!|
2016-08-29 09:53:41 GMT: M0SBU-10>APRS,WIDE2-1,qAR,G1UAF-10:!/5#5RNa>gO   /A=041338 290912z4u\ZNTx&[FXm@,!&!!|!BW,@m!'!!|
2016-08-29 09:54:38 GMT: M0SBU-10>APRS,WIDE2-1,qAR,ON0LRG-2:!/5#G/NaX]O   /A=041036 290842z4oNuNK@[[GM:A*!%!!|!CN5A.!'!!|
2016-08-29 09:55:34 GMT: M0SBU-10>APRS,WIDE2-1,qAR,G1UAF-10:!/5#X4Nar7O   /A=040967 290947z5",BN_`3[FTkA.!%!!|!DIuA(!&!!|
2016-08-29 09:56:21 GMT: M0SBU-10>APRS,WIDE2-1,qAR,G4ZLZ-1:!/5#f%Nb,TO   /A=041026 290757z4fLKN<nX[FJ5?E!*!!|!EJrA!!&!!|
2016-08-29 09:56:40 GMT: M0SBU-10>APRS,WIDE2-1,qAR,F6DZR-3:!/5#k{Nb59O   /A=040977 290904z4szvNR?w[FM_@h!'!!|!FIIA!!%!!|
2016-08-29 09:56:55 GMT: M0SBU-10>APRS,WIDE2-1,qAR,M0BPQ-1:!/5#k{Nb59O   /A=040977 290831z4m7\NGw>[GSJ@T!(!!|!GKmA&!%!!|
2016-08-29 09:57:10 GMT: M0SBU-10>APRS,WIDE2-1,qAR,M0BPQ-1:!/5#k{Nb59O   /A=040977 290938z4{4PN]!"[GZ*@[!(!!|!HS@@u!%!!|
2016-08-29 09:58:47 GMT: M0SBU-10>APRS,WIDE2-1,qAR,M0BPQ-1:!/5$6JNbmYO   /A=040973 290817z4jHVNC^Q[GJJ@V!(!!|!IZsA.!!!!|
2016-08-29 09:59:06 GMT: M0SBU-10>APRS,WIDE2-1,qAR,ON0LRG-2:!/5$<sNbwCO   /A=040944 290920z4wB{NWCb[F[0@E!(!!|!JZgA.!(!!|
2016-08-29 09:59:24 GMT: M0SBU-10>APRS,WIDE2-1,qAR,F4GUK-10:!/5$BbNc%0O   /A=040960 290850z4q4cNMx)[GHvA1!&!!|!KZCA7!(!!|
2016-08-29 09:59:43 GMT: M0SBU-10>APRS,WIDE2-1,qAR,F4DBS-10:!/5$H8Nc-4O   /A=040947 290956z5#k{Nb59[FS@@u!%!!|!L\-A3!(!!|
2016-08-29 10:00:02 GMT: M0SBU-10>APRS,WIDE2-1,qAR,G1UAF-10:!/5$N#Nc5xO   /A=040872 290746z4db.N9A:[CL#>*!'!!|!M\hA3!%!!|
2016-08-29 10:00:20 GMT: M0SBU-10>APRS,WIDE2-1,qAR,F4DBS-10:!/5$S@Nc>AO   /A=040895 290901z4s@dNQ@A[FU4@.!!!!|!NZqA5!(!!|
2016-08-29 10:01:17 GMT: M0SBU-10>APRS,WIDE2-1,qAR,F4DBS-10:!/5$caNcW:O   /A=040950 290830z4lt<NGJm[GRM@*!*!!|!OSHAa!'!!|
2016-08-29 10:02:41 GMT: M0SBU-10>APRS,WIDE2-1,qAR,F6DZR-3:!/5%!&Nd!7O   /A=040964 290807z4hCTN@4*[FP%@B!%!!|!QQtAP!(!!|
2016-08-29 10:03:00 GMT: M0SBU-10>APRS,WIDE2-1,qAR,F4DBS-10:!/5%&CNd)KO   /A=040941 290914z4v2/NUcL[FWN@I!(!!|!RQAAT!'!!|
2016-08-29 10:03:19 GMT: M0SBU-10>APRS,WIDE2-1,qAR,ON0LRG-2:!/5%,FNd1OO   /A=040970 290846z4p>.NLW1[HM8A,!(!!|!SPfAV!'!!|
2016-08-29 10:03:37 GMT: M0SBU-10>APRS,WIDE2-1,qAR,ON0LRG-2:!/5%1XNd9_O   /A=040990 290952z5#+.Na-j[FYL@q!'!!|!TQEAT!)!!|
2016-08-29 10:03:56 GMT: M0SBU-10>APRS,WIDE2-1,qAR,PD2ATG-10:!/5%6dNdASO   /A=041262 290759z4fr\N=W([GNt?]!%!!|!URSAR!'!!|
2016-08-29 10:04:15 GMT: M0SBU-10>APRS,WIDE2-1,qAR,F6DZR-3:!/5%<PNdIwO   /A=041180 290909z4u"BNSzm[FKe@P!&!!|!VRyAR!'!!|
2016-08-29 10:04:33 GMT: M0SBU-10>APRS,WIDE2-1,qAR,G1UAF-10:!/5%B"NdQ{O   /A=041082 290838z4nW1NIzc[GN(@m!!!!|!WQLAV!(!!|
2016-08-29 10:05:30 GMT: M0SBU-10>APRS,WIDE2-1,qAR,M0BPQ-1:!/5%QVNdioO   /A=041003 290943z5!>;N^R:[G\h@m!'!!|!XP1Aq!)!!|
2016-08-29 10:06:26 GMT: M0SBU-10>APRS,WIDE2-1,qAR,M0BPQ-1:!/5%aFNe&sO   /A=041032 290820z4jw*NDMo[GQo@]!'!!|!YOSA]!(!!|
2016-08-29 10:07:22 GMT: M0SBU-10>APRS,WIDE2-1,qAR,G4ZLZ-1:!/5%qvNe?DO   /A=041144 290924z4xAANXka[GZ*@&!*!!|!ZR6AV!'!!|
