2017-07-01 10:17:40 GMT: M0SBU-5>APRS,WIDE2-1,qAR,F5PHW-3:!/6Nc]MI,lO   /A=042401 |!!LI:*=g!!Ay|
2017-07-01 10:19:40 GMT: M0SBU-5>APRS,WIDE2-1,qAR,F6DZR-3:!/6Oc[MHpWO   /A=042348 |!"LT1a=uSSAy|
2017-07-01 10:21:56 GMT: M0SBU-5>APRS,WIDE2-1,qAR,F1ZGE-3:!/6PqHMHWJO   /A=042473 |!!LK.A=s!!!!|
2017-07-01 10:23:57 GMT: M0SBU-5>APRS,WIDE2-1,qAR,F5LRQ-3:!/6Qu&MHA&O   /A=042368 |!"L\;h=S!!!!|
2017-07-01 10:25:58 GMT: M0SBU-5>APRS,WIDE2-1,qAR,F6DZR-3:!/6RyqMH)zO   /A=042371 |!#LC7I=T!!Ay|
2017-07-01 10:27:59 GMT: M0SBU-5>APRS,WIDE2-1,qAR,F6DZR-3:!/6T!iMGnvO   /A=042371 |!$LK9z=]!!Ay|
2017-07-01 10:34:16 GMT: M0SBU-5>APRS,WIDE2-1,qAR,F6DZR-3:!/6W2VMG'eO   /A=042391 |!!LK9[=P!!Ay|
2017-07-01 10:36:17 GMT: M0SBU-5>APRS,WIDE2-1,qAR,F1ZGE-3:!/6X5TMFk(O   /A=042433 |!"LM9L=\!!Ay|
2017-07-01 10:42:31 GMT: M0SBU-5>APRS,WIDE2-1,qAR,F6DZR-3:!/6[VWMEuaO   /A=042394 |!!LK8O=M!!Ay|
2017-07-01 10:44:32 GMT: M0SBU-5>APRS,WIDE2-1,qAR,F6DZR-3:!/6\^!ME[[O   /A=042378 |!"LO91=W!!Ay|
2017-07-01 10:46:33 GMT: M0SBU-5>APRS,WIDE2-1,qAR,F1ZGE-3:!/6]bJMEB2O   /A=042345 |!#LO:?=X!!Ay|
2017-07-01 10:48:34 GMT: M0SBU-5>APRS,WIDE2-1,qAR,F5LRQ-3:!/6^d8ME)%O   /A=042424 |!$LO:*=_!!Ay|
2017-07-01 10:50:35 GMT: M0SBU-5>APRS,WIDE2-1,qAR,F6DZR-3:!/6_ccMDk.O   /A=042384 |!%LO9W=\!!Ay|
2017-07-01 10:52:36 GMT: M0SBU-5>APRS,WIDE2-1,qAR,F1ZGE-3:!/6`cJMDR_O   /A=042381 |!&LZ9@=\!!Ay|
2017-07-01 10:54:37 GMT: M0SBU-5>APRS,WIDE2-1,qAR,F1ZGE-3:!/6abKMD:iO   /A=042404 |!'LQ:&=V!!Ay|
2017-07-01 10:59:18 GMT: M0SBU-5>APRS,WIDE2-1,qAR,F1ZGE-3:!/6d&,MC`*O   /A=042394 |!!LM7e=R!!Ay|
2017-07-01 11:01:19 GMT: M0SBU-5>APRS,WIDE2-1,qAR,F6DZR-3:!/6e'=MCJ8O   /A=042424 |!"LI8Y=\!!Ay|
2017-07-01 11:03:20 GMT: M0SBU-5>APRS,WIDE2-1,qAR,F1ZGE-3:!/6f(*MC5=O   /A=042378 |!#LO9l=_!!Ay|
2017-07-01 11:05:21 GMT: M0SBU-5>APRS,WIDE2-1,qAR,F1ZGE-3:!/6g'kMB{DO   /A=042460 |!$LT:X=[!!Ay|
2017-07-01 11:09:59 GMT: M0SBU-5>APRS,WIDE2-1,qAR,F6DZR-3:!/6iBPMBI4O   /A=042374 |!!LK:c=]!!Ay|
2017-07-01 11:12:00 GMT: M0SBU-5>APRS,WIDE2-1,qAR,F6DZR-3:!/6jA_MB5lO   /A=042433 |!"LZ8s=b!!Ay|
2017-07-01 11:14:02 GMT: M0SBU-5>APRS,WIDE2-1,qAR,F5PHW-3:!/6kC-MB"3O   /A=042378 |!#LV:2=\!!Ay|
2017-07-01 11:16:02 GMT: M0SBU-5>APRS,WIDE2-1,qAR,F5PHW-3:!/6lF#MAiYO   /A=042381 |!$LQ:c=_JfAy|
2017-07-01 11:18:03 GMT: M0SBU-5>APRS,WIDE2-1,qAR,F1ZGE-3:!/6mHRMAVpO   /A=042443 |!%LV8q=q!!Ay|
2017-07-01 11:22:43 GMT: M0SBU-5>APRS,WIDE2-1,qAR,F6DZR-3:!/6okNMA)QO   /A=042476 |!!LT8M=g!!Ay|
2017-07-01 11:24:55 GMT: M0SBU-5>APRS,WIDE2-1,qAR,F6DZR-3:!/6pxCM@lwO   /A=042424 |!!L\:`=h!!!!|
2017-07-01 11:32:36 GMT: M0SBU-5>APRS,WIDE2-1,qAR,F6DZR-3:!/6tq-M@"AO   /A=042417 |!!LO7G=g!!Ay|
2017-07-01 11:34:37 GMT: M0SBU-5>APRS,WIDE2-1,qAR,F5LRQ-3:!/6us9M?hHO   /A=042394 |!"LQ6l={!!Ay|
2017-07-01 11:36:38 GMT: M0SBU-5>APRS,WIDE2-1,qAR,F1ZGE-3:!/6vt;M?T(O   /A=042473 |!#LT9N=q!!Ay|
2017-07-01 11:41:18 GMT: M0SBU-5>APRS,WIDE2-1,qAR,F1ZGE-3:!/6y46M?%MO   /A=042404 |!!LO8K=u!!Ay|
2017-07-01 11:43:19 GMT: M0SBU-5>APRS,WIDE2-1,qAR,F6DZR-3:!/6z2+M>orO   /A=042463 |!"L^65=zP8Ay|
2017-07-01 11:45:21 GMT: M0SBU-5>APRS,F8KOP-4*,qAR,F6FDN-3:!/6{0LM>^qO   /A=042407 |!#L^9j=qRJAy|
2017-07-01 11:49:59 GMT: M0SBU-5>APRS,WIDE2-1,qAR,F5PHW-3:!/7"GeM>:sO   /A=042443 |!!LG:&=p!!Ay|
2017-07-01 11:52:00 GMT: M0SBU-5>APRS,WIDE2-1,qAR,ED1ZAR-3:!/7#FIM>+&O   /A=042450 |!"LO9j>&!!Ay|
2017-07-01 11:54:01 GMT: M0SBU-5>APRS,WIDE2-1,qAR,ED1ZAR-3:!/7$FdM=tTO   /A=042433 |!#LZ9->'RJAy|
2017-07-01 11:58:43 GMT: M0SBU-5>APRS,WIDE2-1,qAR,ED1ZAR-3:!/7&cSM=KOO   /A=042424 |!!LK:==o!!Ay|
2017-07-01 12:00:44 GMT: M0SBU-5>APRS,WIDE2-1,qAR,F5PHW-3:!/7'c@M=9kO   /A=042424 |!"LK8'>!!!Ay|
2017-07-01 12:02:45 GMT: M0SBU-5>APRS,WIDE2-1,qAR,F5PHW-3:!/7(c?M=*VO   /A=042456 |!#LM99=y!!Ay|
2017-07-01 12:04:46 GMT: M0SBU-5>APRS,WIDE2-1,qAR,F6DZR-3:!/7)c_M<x%O   /A=042486 |!$LX:R=u!!Ay|
2017-07-01 12:06:47 GMT: M0SBU-5>APRS,WIDE2-1,qAR,F6DZR-3:!/7*f&M<i\O   /A=042427 |!%LT9g=j!!Ay|
2017-07-01 12:08:48 GMT: M0SBU-5>APRS,WIDE2-1,qAR,F5PHW-3:!/7+iRM<[<O   /A=042407 |!&LV:&=t!!Ay|
2017-07-01 12:11:01 GMT: M0SBU-5>APRS,WIDE2-1,qAR,F5PHW-3:!/7,v9M<LKO   /A=042424 |!!L^9p=i!!!!|
2017-07-01 12:13:02 GMT: M0SBU-5>APRS,WIDE2-1,qAR,F5PHW-3:!/7-xpM<>kO   /A=042437 |!"LK8b=f!!Ay|
2017-07-01 12:15:03 GMT: M0SBU-5>APRS,WIDE2-1,qAR,F5PHW-3:!/7.{"M</pO   /A=042506 |!#LX:c=r!!Ay|
2017-07-01 12:17:04 GMT: M0SBU-5>APRS,WIDE2-1,qAR,F6DZR-3:!/70!5M;ztO   /A=042476 |!$LQ7G=j!!Ay|
2017-07-01 12:19:05 GMT: M0SBU-5>APRS,WIDE2-1,qAR,F6DZR-3:!/71!HM;j:O   /A=042519 |!%LO9H=m!!Ay|
2017-07-01 12:21:06 GMT: M0SBU-5>APRS,WIDE2-1,qAR,F6DZR-3:!/72!:M;X^O   /A=042450 |!&L\8`=c!!Ay|
2017-07-01 12:25:45 GMT: M0SBU-5>APRS,WIDE2-1,qAR,F6DZR-3:!/74:IM;/!O   /A=042417 |!!LO8d=M!!Ay|
2017-07-01 12:27:46 GMT: M0SBU-5>APRS,WIDE2-1,qAR,F6DZR-3:!/7572M:yDO   /A=042460 |!"LT6l=\KoAy|
2017-07-01 12:29:47 GMT: M0SBU-5>APRS,WIDE2-1,qAR,F6DZR-3:!/763OM:i&O   /A=042473 |!#LQ49=`!!Ay|
2017-07-01 12:31:48 GMT: M0SBU-5>APRS,WIDE2-1,qAR,F6DZR-3:!/770VM:Y<O   /A=042440 |!$LO7s=e!!Ay|
2017-07-01 12:38:04 GMT: M0SBU-5>APRS,WIDE2-1,qAR,F6DZR-3:!/7:8OM:)XO   /A=042476 |!!LA8-=T!!Ay|
2017-07-01 12:40:05 GMT: M0SBU-5>APRS,WIDE2-1,qAR,F5PHW-3:!/7;9eM9u1O   /A=042466 |!"LI9&=Z!!Ay|
2017-07-01 12:44:45 GMT: M0SBU-5>APRS,WIDE2-1,qAR,F5PHW-3:!/7=WcM9QQO   /A=042486 |!!LE95=T!!Ay|
2017-07-01 12:46:46 GMT: M0SBU-5>APRS,WIDE2-1,qAR,F5OPV-10:!/7>YBM9ACO   /A=042486 |!"LM93=g!!Ay|
2017-07-01 12:48:47 GMT: M0SBU-5>APRS,WIDE2-1,qAR,F5PHW-3:!/7?ZtM91GO   /A=042522 |!#LX9e=f!!Ay|
2017-07-01 12:50:48 GMT: M0SBU-5>APRS,WIDE2-1,qAR,F5PHW-3:!/7@^SM8z_O   /A=042430 |!$L\8@=f!!Ay|
2017-07-01 12:52:49 GMT: M0SBU-5>APRS,F5TXM-3,WIDE2*,qAR,F4FAP:!/7AaEM8ixO   /A=042443 |!%LI9a=^QAAy|
2017-07-01 12:57:30 GMT: M0SBU-5>APRS,WIDE2-1,qAR,F6DZR-3:!/7D+.M8EJO   /A=042489 |!!LC5d=WN&Ay|
2017-07-01 12:59:32 GMT: M0SBU-5>APRS,ED1YCB-3,WIDE2*,qAR,ED2ZAE-5:!/7E.0M847O   /A=042489 |!"LV8D=TN&Ay|
2017-07-01 13:01:33 GMT: M0SBU-5>APRS,F1AWT-3,WIDE2*,qAR,F4FAP:!/7F1LM8!6O   /A=042404 |!#L^8q=UO/Ay|
2017-07-01 13:13:31 GMT: M0SBU-5>APRS,WIDE2-1,qAR,EA1WS:!/7L<OM6qrO   /A=042522 |!!LT:2=f!!Ay|
2017-07-01 13:15:32 GMT: M0SBU-5>APRS,WIDE2-1,qAR,ED1ZAR-3:!/7M>4M6`3O   /A=042394 |!"L`8G=v!!Ay|
2017-07-01 13:20:12 GMT: M0SBU-5>APRS,ED1ZAE-3,WIDE2*,qAR,EB1TK-5:!/7OZvM6=<O   /A=042515 |!!LM93=n!!Ay|
2017-07-01 13:22:12 GMT: M0SBU-5>APRS,ED1YBD-3,WIDE2*,qAR,ED1YAP-3:!/7P\wM6,5O   /A=042538 |!"LI9c=pQAAy|
2017-07-01 13:28:33 GMT: M0SBU-5>APRS,ED1ZAD-3,WIDE2*,qAR,EB1TK-5:!/7SppM5RBO   /A=042515 |!!LT9"=q!!Ay|
2017-07-01 13:30:34 GMT: M0SBU-5>APRS,ED1ZAE-3,WIDE2*,qAR,EB1TK-5:!/7Tt'M5CoO   /A=042571 |!"LO:!=m!!Ay|
2017-07-01 13:35:14 GMT: M0SBU-5>APRS,WIDE2-1,qAR,F5OPV-10:!/7W>xM5!_O   /A=042512 |!!LX:g=^!!Ay|
2017-07-01 13:37:15 GMT: M0SBU-5>APRS,WIDE2-1,qAR,F5OPV-10:!/7XAvM4lSO   /A=042535 |!"LT9&=o!!Ay|
2017-07-01 13:39:17 GMT: M0SBU-5>APRS,F1AWT-3,WIDE2*,qAR,F5ZZC-4:!/7YD&M4]XO   /A=042542 |!#L\9W=j!!Ay|
2017-07-01 13:41:17 GMT: M0SBU-5>APRS,WIDE2-1,qAR,EA1WS:!/7ZFOM4NiO   /A=042519 |!$LX:^=q!!Ay|
2017-07-01 13:43:18 GMT: M0SBU-5>APRS,WIDE2-1,qAR,ED1ZAR-3:!/7[IIM4@SO   /A=042561 |!%LX8)=p!!Ay|
2017-07-01 13:45:19 GMT: M0SBU-5>APRS,WIDE2-1,qAR,F5OPV-10:!/7\L[M42MO   /A=042617 |!&LQ:$=`!!Ay|
2017-07-01 13:50:01 GMT: M0SBU-5>APRS,WIDE2-1,qAR,ED1ZAR-3:!/7^qjM3k'O   /A=042519 |!!LE9/=V!!Ay|
2017-07-01 13:52:02 GMT: M0SBU-5>APRS,WIDE2-1,qAR,ED1ZAR-3:!/7_t^M3^lO   /A=042561 |!"LV9+=f!!Ay|
2017-07-01 13:58:21 GMT: M0SBU-5>APRS,WIDE2-1,qAR,F5OPV-10:!/7c-;M39#O   /A=042614 |!!LQ8h=^!!Ay|
2017-07-01 14:00:22 GMT: M0SBU-5>APRS,ED1ZAD-3,WIDE2*,qAR,EB1TK-5:!/7d/bM3+GO   /A=042617 |!"LQ:4=\HTAy|
2017-07-01 14:07:10 GMT: M0SBU-5>APRS,WIDE2-1,qAR,F5OPV-10:!/7gYWM2_JO   /A=042561 |!!LM5Q=F!!Ay|
2017-07-01 14:09:12 GMT: M0SBU-5>APRS,ED1YCB-3,WIDE2*,qAR,ED2ZAE-5:!/7h[nM2SPO   /A=042578 |!"LO8{=Q!!Ay|
2017-07-01 14:11:12 GMT: M0SBU-5>APRS,WIDE2-1,qAR,F5OPV-10:!/7i_IM2H%O   /A=042650 |!#LI4x=M!!Ay|
2017-07-01 14:17:34 GMT: M0SBU-5>APRS,WIDE2-1,qAR,ED1ZAR-3:!/7lonM1xxO   /A=042676 |!!LI9/=C!!Ay|
2017-07-01 14:19:35 GMT: M0SBU-5>APRS,WIDE2-1,qAR,EA1WS:!/7mp*M1jjO   /A=042624 |!"LQ8f=B!!Ay|
2017-07-01 14:21:36 GMT: M0SBU-5>APRS,WIDE2-1,qAR,ED1ZAR-3:!/7npWM1[GO   /A=042673 |!#LO2s=H!!Ay|
2017-07-01 14:23:37 GMT: M0SBU-5>APRS,WIDE2-1,qAR,F5OPV-10:!/7oq;M1LbO   /A=042660 |!$LM0H=P!!Ay|
2017-07-01 14:28:17 GMT: M0SBU-5>APRS,WIDE2-1,qAR,F5OPV-10:!/7r5ZM1,FO   /A=042709 |!!LO8'=C!!Ay|
2017-07-01 14:30:19 GMT: M0SBU-5>APRS,ED1ZAE-3,WIDE2*,qAR,EB1TK-5:!/7s5UM0yLO   /A=042650 |!"LV8U=UJfAy|
2017-07-01 14:32:19 GMT: M0SBU-5>APRS,WIDE2-1,qAR,EB1TK-5:!/7t6uM0kVO   /A=042666 |!#LZ9z=V!!Ay|
2017-07-01 14:34:20 GMT: M0SBU-5>APRS,WIDE2-1,qAR,EB1TK-5:!/7u8DM0]bO   /A=042699 |!$LX9B=b!!Ay|
2017-07-01 14:36:21 GMT: M0SBU-5>APRS,WIDE2-1,qAR,F5OPV-10:!/7v:gM0P5O   /A=042696 |!%LO8f=Y!!Ay|
2017-07-01 14:41:03 GMT: M0SBU-5>APRS,ED1YCB-3,WIDE2*,qAR,ED2ZAE-5:!/7xaVM0,IO   /A=042591 |!!LV8M=V!!Ay|
2017-07-01 14:43:03 GMT: M0SBU-5>APRS,WIDE2-1,qAR,EB1TK-5:!/7yf&M/xhO   /A=042706 |!"LX97=^!!Ay|
2017-07-01 14:47:40 GMT: M0SBU-5>APRS,WIDE2-1,qAR,ED1ZAR-3:!/8!4?M/W5O   /A=042693 |!!LE86=[!!Ay|
2017-07-01 14:49:42 GMT: M0SBU-5>APRS,ED1YCB-3,WIDE2*,qAR,ED2ZAE-5:!/8":rM/IQO   /A=042712 |!"LO7?=_!!Ay|
2017-07-01 14:51:42 GMT: M0SBU-5>APRS,WIDE2-1,qAR,EB1TK-5:!/8#C"M/;]O   /A=042693 |!#LQ9;=[!!Ay|
2017-07-01 14:53:43 GMT: M0SBU-5>APRS,WIDE2-1,qAR,EB1TK-5:!/8$L@M/.:O   /A=042542 |!$LI9J=Z!!Ay|
2017-07-01 14:55:44 GMT: M0SBU-5>APRS,WIDE2-1,qAR,EB1TK-5:!/8%W2M.z=O   /A=042499 |!%LV9L=_!!Ay|
2017-07-01 14:57:57 GMT: M0SBU-5>APRS,WIDE2-1,qAR,EB1TK-5:!/8&k'M.j'O   /A=042604 |!!LQ;!=`!!!!|
2017-07-01 14:59:57 GMT: M0SBU-5>APRS,WIDE2-1,qAR,EA1WS:!/8'uZM.\]O   /A=042561 |!"LO8K=d!!Ay|
2017-07-01 15:06:13 GMT: M0SBU-5>APRS,WIDE2-1,qAR,F5OPV-10:!/8+KfM.50O   /A=042607 |!!LT:i=cKoAy|
2017-07-01 15:10:02 GMT: M0SBU-5>APRS,WIDE2-1,qAR,ED1ZAR-3:!/8-\mM-zZO   /A=042627 |!!LV;d=h!!!!|
2017-07-01 15:12:03 GMT: M0SBU-5>APRS,WIDE2-1,qAR,ED1ZAR-3:!/8.hhM-m]O   /A=042725 |!"LO8n=d!!Ay|
2017-07-01 15:14:04 GMT: M0SBU-5>APRS,WIDE2-1,qAR,ED1YAP-3:!/8/t+M-_uO   /A=042729 |!#LK6>=p!!Ay|
2017-07-01 15:18:46 GMT: M0SBU-5>APRS,WIDE2-1,qAR,F5OPV-10:!/82OcM->&O   /A=042686 |!!LT69=g!!Ay|
2017-07-01 15:20:47 GMT: M0SBU-5>APRS,WIDE2-1,qAR,F5OPV-10:!/83YXM-2>O   /A=042653 |!"LV84=e!!Ay|
2017-07-01 15:22:48 GMT: M0SBU-5>APRS,WIDE2-1,qAR,EA1WS:!/84cMM-'+O   /A=042643 |!#LT8W=a!!Ay|
2017-07-01 15:24:49 GMT: M0SBU-5>APRS,WIDE2-1,qAR,EA1WS:!/85mVM,wLO   /A=042676 |!$L^8K=k!!Ay|
2017-07-01 15:26:51 GMT: M0SBU-5>APRS,ED1YBD-3,WIDE2*,qAR,ED1YAP-3:!/86vdM,mVO   /A=042699 |!%LO8h=l!!Ay|
2017-07-01 15:31:29 GMT: M0SBU-5>APRS,WIDE2-1,qAR,EB1TK-5:!/89MDM,T5O   /A=042702 |!!LQ:`=e!!Ay|
2017-07-01 15:37:46 GMT: M0SBU-5>APRS,WIDE2-1,qAR,EB1TK-5:!/8<l6M,3(O   /A=042689 EA|!!LX8Y=]!!Ay|
2017-07-01 15:44:03 GMT: M0SBU-5>APRS,WIDE2-1,qAR,EB1TK-5:!/8@%#M+tfO   /A=042745 EA|!!LM7\=j!!Ay|
2017-07-01 15:46:04 GMT: M0SBU-5>APRS,WIDE2-1,qAR,EA1WS:!/8A)NM+p@O   /A=042775 EA|!"LT:V=f!!Ay|
2017-07-01 15:52:21 GMT: M0SBU-5>APRS,WIDE2-1,qAR,EB1TK-5:!/8DMWM+^.O   /A=042745 EA|!!LQ:C=U!!Ay|
2017-07-01 15:54:22 GMT: M0SBU-5>APRS,WIDE2-1,qAR,EB1TK-5:!/8EYLM+YMO   /A=042676 EA|!"LM7i=`!!Ay|
2017-07-01 15:56:22 GMT: M0SBU-5>APRS,WIDE2-1,qAR,EA1WS:!/8Fd2M+TvO   /A=042706 EA|!#LQ9j=qGKAy|
2017-07-01 15:58:24 GMT: M0SBU-5>APRS,WIDE2-1,qAR,F5OPV-10:!/8GpoM+RFO   /A=042732 EA|!$LO;>=j!!Ay|
2017-07-01 16:00:25 GMT: M0SBU-5>APRS,WIDE2-1,qAR,EA1WS:!/8H{[M+N*O   /A=042735 EA|!%LT:i=g!!Ay|
2017-07-01 16:02:26 GMT: M0SBU-5>APRS,WIDE2-1,qAR,EA1WS:!/8J*\M+IOO   /A=042673 EA|!&LX:k=f!!Ay|
2017-07-01 16:04:27 GMT: M0SBU-5>APRS,WIDE2-1,qAR,EA1WS:!/8K2uM+FlO   /A=042660 EA|!'LO:&=n!!Ay|
2017-07-01 16:06:28 GMT: M0SBU-5>APRS,WIDE2-1,qAR,EA1WS:!/8L;sM+F.O   /A=042693 EA|!(L\8M=t!!Ay|
2017-07-01 16:08:29 GMT: M0SBU-5>APRS,WIDE2-1,qAR,ED2ZAD-5:!/8MDwM+EeO   /A=042765 EA|!)LK7?=p!!Ay|
2017-07-01 16:10:30 GMT: M0SBU-5>APRS,WIDE2-1,qAR,EB1TK-5:!/8NM!M+D`O   /A=042745 EA|!*LO6l>"!!Ay|
2017-07-01 16:12:31 GMT: M0SBU-5>APRS,WIDE2-1,qAR,EA1WS:!/8OTeM+BRO   /A=042811 EA|!+LQ:0=n!!Ay|
2017-07-01 16:14:32 GMT: M0SBU-5>APRS,WIDE2-1,qAR,EB1TK-5:!/8PZ:M+?OO   /A=042752 EA|!,LV:g=r=UAy|
2017-07-01 16:16:33 GMT: M0SBU-5>APRS,WIDE2-1,qAR,EB1TK-5:!/8Qa.M+<XO   /A=042794 EA|!-LO:4>1!!Ay|
2017-07-01 16:18:34 GMT: M0SBU-5>APRS,WIDE2-1,qAR,ED1ZAR-3:!/8RiQM+;-O   /A=042775 EA|!/L`:?>-!!Ay|
2017-07-01 16:24:50 GMT: M0SBU-5>APRS,WIDE2-1,qAR,ED2ZAD-5:!/8V1;M+2"O   /A=042794 EA|!!LK:C>2!!Ay|
2017-07-01 16:26:51 GMT: M0SBU-5>APRS,WIDE2-1,qAR,ED2ZAD-5:!/8W:)M+,pO   /A=042821 EA|!"LZ99>K=UAy|
2017-07-01 16:28:52 GMT: M0SBU-5>APRS,WIDE2-1,qAR,ED2ZAD-5:!/8XC=M+'%O   /A=042791 EA|!#LV5h>YLxAy|
2017-07-01 16:30:53 GMT: M0SBU-5>APRS,WIDE2-1,qAR,EB1TK-5:!/8YMRM+!=O   /A=042771 EA|!$LQ8Q>OQAAy|
2017-07-01 16:32:54 GMT: M0SBU-5>APRS,WIDE2-1,qAR,EA1WS:!/8ZXHM*wxO   /A=042807 EA|!%LQ9L>N!!Ay|
2017-07-01 16:34:55 GMT: M0SBU-5>APRS,WIDE2-1,qAR,EB1TK-5:!/8[cnM*rQO   /A=042791 EA|!&LO7i>Q!!Ay|
2017-07-01 16:36:56 GMT: M0SBU-5>APRS,WIDE2-1,qAR,EA1WS:!/8\o%M*l_O   /A=042794 EA|!'LG84>Y!!Ay|
2017-07-01 16:41:34 GMT: M0SBU-5>APRS,ED1YCB-3,WIDE2*,qAR,ED2ZAE-5:!/8_H)M*_@O   /A=042755 EA|!!LX9&>GO/Ay|
2017-07-01 16:43:35 GMT: M0SBU-5>APRS,EA2TZ-3,WIDE2*,qAR,ED2ZAD-5:!/8`U)M*YDO   /A=042771 EA|!"LM:&>T!!Ay|
2017-07-01 16:45:35 GMT: M0SBU-5>APRS,WIDE2-1,qAR,EB1TK-5:!/8aaTM*T!O   /A=042742 EA|!#LV8h>SQAAy|
2017-07-01 16:47:37 GMT: M0SBU-5>APRS,ED1YCB-3,WIDE2*,qAR,ED2ZAE-5:!/8bqyM*P)O   /A=042775 EA|!$LO9J>O!!Ay|
2017-07-01 16:49:37 GMT: M0SBU-5>APRS,WIDE2-1,qAR,EB1TK-5:!/8d%yM*MdO   /A=042781 EA|!%LO8{>RO/Ay|
2017-07-01 16:51:38 GMT: M0SBU-5>APRS,WIDE2-1,qAR,EB1TK-5:!/8e7`M*KLO   /A=042693 EA|!&L^9p>JP8Ay|
2017-07-01 16:53:39 GMT: M0SBU-5>APRS,WIDE2-1,qAR,EB1TK-5:!/8fM{M*KTO   /A=042689 EA|!'LV9[>D!!Ay|
2017-07-01 16:55:40 GMT: M0SBU-5>APRS,WIDE2-1,qAR,EB1TK-5:!/8getM*L?O   /A=042732 EA|!(LV8s>H!!Ay|
2017-07-01 16:57:41 GMT: M0SBU-5>APRS,WIDE2-1,qAR,EB1TK-5:!/8i#BM*M&O   /A=042761 EA|!)L\8q>F!!Ay|
2017-07-01 16:59:42 GMT: M0SBU-5>APRS,WIDE2-1,qAR,ED2ZAD-5:!/8j;yM*L{O   /A=042725 EA|!*LO:$>HLxAy|
2017-07-01 17:04:18 GMT: M0SBU-5>APRS,WIDE2-1,qAR,EA1WS:!/8m:UM*JSO   /A=042716 EA|!!LM8U>B!!Ay|
2017-07-01 17:06:19 GMT: M0SBU-5>APRS,WIDE2-1,qAR,ED2ZAD-5:!/8nTnM*HiO   /A=042735 EA|!"LZ9c>C!!Ay|
2017-07-01 17:08:33 GMT: M0SBU-5>APRS,WIDE2-1,qAR,EA1FAQ-3:!/8otUM*EfO   /A=042794 EA|!!L^;+>>!!!!|
2017-07-01 17:10:34 GMT: M0SBU-5>APRS,WIDE2-1,qAR,EA1WS:!/8q-&M*AXO   /A=042840 EA|!"LC8h>@!!Ay|
2017-07-01 17:12:36 GMT: M0SBU-5>APRS,ED4ZAA-3,WIDE2*,qAR,ED4ZAF-3:!/8r?)M*=JO   /A=042794 EA|!#L\8G>S!!Ay|
2017-07-01 17:14:36 GMT: M0SBU-5>APRS,ED1YCB-3,WIDE2*,qAR,ED2ZAE-5:!/8sR-M*:cO   /A=042784 EA|!$LV8b>a!!Ay|
2017-07-01 17:16:37 GMT: M0SBU-5>APRS,WIDE2-1,qAR,EA1WS:!/8teAM*;.O   /A=042745 EA|!%L`9r>Q!!Ay|
2017-07-01 17:18:38 GMT: M0SBU-5>APRS,WIDE2-1,qAR,EA1WS:!/8uxiM*=>O   /A=042860 EA|!&Lb:N>;!!Ay|
2017-07-01 17:20:39 GMT: M0SBU-5>APRS,WIDE2-1,qAR,EA1WS:!/8w.aM*=JO   /A=042843 EA|!'L\:0>?!!Ay|
2017-07-01 17:22:40 GMT: M0SBU-5>APRS,WIDE2-1,qAR,EA1FAQ-3:!/8x?'M*=0O   /A=042886 EA|!(LM9e>S!!Ay|
2017-07-01 17:24:41 GMT: M0SBU-5>APRS,WIDE2-1,qAR,EA1WS:!/8yMxM*<!O   /A=042880 EA|!)LV:u>E!!Ay|
2017-07-01 17:26:42 GMT: M0SBU-5>APRS,WIDE2-1,qAR,ED2ZAD-5:!/8z]cM*9XO   /A=042866 EA|!*LV8^>S!!Ay|
2017-07-01 17:28:43 GMT: M0SBU-5>APRS,WIDE2-1,qAR,ED2ZAD-5:!/8{mPM*7JO   /A=042857 EA|!+LZ:2>=!!Ay|
2017-07-01 17:30:43 GMT: M0SBU-5>APRS,WIDE2-1,qAR,EA1WS:!/9!{gM*5NO   /A=042886 EA|!,LX9v>;JfAy|
2017-07-01 17:37:03 GMT: M0SBU-5>APRS,WIDE2-1,qAR,EA1FAQ-3:!/9%Q_M*.kO   /A=042853 EA|!!LO8j>9!!Ay|
2017-07-01 17:39:04 GMT: M0SBU-5>APRS,WIDE2-1,qAR,EA1FAQ-3:!/9&\cM**UO   /A=042932 EA|!"LX:A>J!!Ay|
2017-07-01 17:42:56 GMT: M0SBU-5>APRS,WIDE2-1,qAR,EA1WS:!/9(lGM)scO   /A=042919 EA|!!LT;\>B!!!!|
2017-07-01 17:44:57 GMT: M0SBU-5>APRS,WIDE2-1,qAR,EA1WS:!/9){)M)f<O   /A=042880 EA|!"LK9(>G!!Ay|
2017-07-01 17:46:57 GMT: M0SBU-5>APRS,WIDE2-1,qAR,EA1FAQ-3:!/9+.0M)X@O   /A=042909 EA|!#LZ8h>kRJAy|
2017-07-01 17:53:19 GMT: M0SBU-5>APRS,WIDE2-1,qAR,EA1WS:!/9.gVM)-KO   /A=042873 EA|!!LQ72>]VnAy|
2017-07-01 17:55:20 GMT: M0SBU-5>APRS,WIDE2-1,qAR,EA1FAQ-3:!/9/qkM)!AO   /A=042883 EA|!"LX:I>^!!Ay|
2017-07-01 18:01:43 GMT: M0SBU-5>APRS,ED1YCB-3,WIDE2*,qAR,ED2ZAE-5:!/93GKM(V5O   /A=042896 EA|!!LO7i>E!!Ay|
2017-07-01 18:03:43 GMT: M0SBU-5>APRS,WIDE2-1,qAR,EA1WS:!/94WJM(GNO   /A=042863 EA|!"L\7V>W!!Ay|
2017-07-01 18:05:43 GMT: M0SBU-5>APRS,WIDE2-1,qAR,EA1WS:!/95jDM(:)O   /A=042935 EA|!#L^:4>OQAAy|
2017-07-01 18:07:44 GMT: M0SBU-5>APRS,WIDE2-1,qAR,EA1WS:!/97%iM(-$O   /A=042761 EA|!$LM8U>GN&Ay|
2017-07-01 18:09:46 GMT: M0SBU-5>APRS,ED1YCB-3,WIDE2*,qAR,ED2ZAE-5:!/98;XM("sO   /A=042824 EA|!%LM:z>MI]Ay|
2017-07-01 18:11:47 GMT: M0SBU-5>APRS,WIDE2-1,qAR,EA1WS:!/99ScM'u)O   /A=042804 EA|!&LO9j>I!!Ay|
2017-07-01 18:14:02 GMT: M0SBU-5>APRS,WIDE2-1,qAR,EA1WS:!/9:u*M'k]O   /A=042834 EA|!!LV:P>R!!!!|
2017-07-01 18:16:02 GMT: M0SBU-5>APRS,WIDE2-1,qAR,EA1WS:!/9<,#M'eOO   /A=042837 EA|!"LT9e>;!!Ay|
2017-07-01 18:18:03 GMT: M0SBU-5>APRS,WIDE2-1,qAR,EA1WS:!/9==QM'`TO   /A=042880 EA|!#LT8s>9!!Ay|
2017-07-01 18:22:00 GMT: M0SBU-5>APRS,WIDE2-1,qAR,EA1WS:!/9?P(M'VJO   /A=042916 EA|!!LV:o>6!!!!|
2017-07-01 18:24:01 GMT: M0SBU-5>APRS,WIDE2-1,qAR,EA1FAQ-3:!/9@XkM'PbO   /A=042860 EA|!"LG5E>H!!Ay|
2017-07-01 18:26:04 GMT: M0SBU-5>APRS,ED2YAL-15*,WIDE2,qAR,EA5AHQ-15:!/9A`nM'JJO   /A=042919 EA|!#LQ9D>C!!Ay|
2017-07-01 18:28:04 GMT: M0SBU-5>APRS,ED4ZAB-3,WIDE2*,qAR,ED4ZAC-3:!/9Bg2M'CgO   /A=042906 EA|!$LQ:V>-!!Ay|
2017-07-01 18:30:05 GMT: M0SBU-5>APRS,ED4ZAB-3,WIDE2*,qAR,ED4ZAC-3:!/9Cn6M'=?O   /A=042761 EA|!%LT;!>F!!Ay|
2017-07-01 18:33:55 GMT: M0SBU-5>APRS,ED1YCB-3,WIDE2*,qAR,ED2ZAE-5:!/9F#pM'5IO   /A=042630 EA|!!LT;4>>!!!!|
2017-07-01 18:35:56 GMT: M0SBU-5>APRS,ED4ZAB-3,WIDE2*,qAR,ED4ZAC-3:!/9G4PM'0DO   /A=042784 EA|!"LC9v>@!!Ay|
2017-07-01 18:37:57 GMT: M0SBU-5>APRS,ED4ZAB-3,WIDE2*,qAR,ED4ZAC-3:!/9HDGM'*FO   /A=042778 EA|!#LQ54>bP8Ay|
2017-07-01 18:44:16 GMT: M0SBU-5>APRS,ED4ZAA-3,WIDE2*,qAR,ED4ZAF-3:!/9Kx6M&v/O   /A=042840 EA|!!LV9B>:SSAy|
2017-07-01 18:46:17 GMT: M0SBU-5>APRS,ED1YCB-3,WIDE2*,qAR,ED2ZAE-5:!/9M)cM&qdO   /A=042725 EA|!"LQ:0><!!Ay|
2017-07-01 18:48:17 GMT: M0SBU-5>APRS,WIDE2-1,qAR,EA1FAQ-3:!/9N5XM&kBO   /A=042906 EA|!#LM5u>@!!Ay|
2017-07-01 18:50:18 GMT: M0SBU-5>APRS,WIDE2-1,qAR,EA1FAQ-3:!/9O?SM&fqO   /A=042830 EA|!$LK:4>*QAAy|
2017-07-01 18:52:19 GMT: M0SBU-5>APRS,WIDE2-1,qAR,EA1FAQ-3:!/9PIZM&c(O   /A=042732 EA|!%LT8>>0O/Ay|
2017-07-01 18:54:21 GMT: M0SBU-5>APRS,WIDE2-1,qAR,EA1FAQ-3:!/9QT\M&[0O   /A=042542 EA|!&L\91>%!!Ay|
2017-07-01 18:59:02 GMT: M0SBU-5>APRS,WIDE2-1,qAR,EA1FAQ-3:!/9T7RM&C(O   /A=042686 EA|!!LK6U=l!!Ay|
2017-07-01 19:01:03 GMT: M0SBU-5>APRS,ED4ZAB-3,WIDE2*,qAR,ED4ZAC-3:!/9ULzM&;rO   /A=042479 EA|!"LT:C=q!!Ay|
2017-07-01 19:03:04 GMT: M0SBU-5>APRS,ED4ZAB-3,WIDE2*,qAR,ED4ZAC-3:!/9V_ZM&0oO   /A=042683 EA|!#LK7i=u!!Ay|
2017-07-01 19:05:05 GMT: M0SBU-5>APRS,ED1YCB-3,WIDE2*,qAR,ED2ZAE-5:!/9Wp8M&$YO   /A=042791 EA|!$LQ7C=v!!Ay|
2017-07-01 19:07:06 GMT: M0SBU-5>APRS,ED4ZAE-3,WIDE2*,qAR,ED4ZAF-3:!/9Y&nM%r<O   /A=042840 EA|!%L^:;={!!Ay|
2017-07-01 19:09:08 GMT: M0SBU-5>APRS,ED4ZAA-3,WIDE2*,qAR,ED4ZAF-3:!/9Z9TM%eKO   /A=042804 EA272128z4LPwMm\h7`GwJrAU!!Ay|!&LZ7m=p!!Ay|
2017-07-01 19:11:09 GMT: M0SBU-5>APRS,ED1YCB-3,WIDE2*,qAR,ED2ZAE-5:!/9[P2M%Z4O   /A=042722 EA011526z86vdM,mV[ZLO8h=l!!Ay|!'LZ8-=n!!Ay|
2017-07-01 19:13:10 GMT: M0SBU-5>APRS,ED4ZAB-3,WIDE2*,qAR,ED4ZAC-3:!/9\g.M%LbO   /A=042811 EA011002z6G.UMK'w[WLV:k>6LxAy|!(L`9]=m!!Ay|
2017-07-01 19:17:47 GMT: M0SBU-5>APRS,qAR,CT1ENI-8:!/9_WIM%,^O   /A=042686 EA272128z4LPwMm\h7`GwJrAU!!Ay|!!LT7\=X!!Ay|
2017-07-01 19:19:49 GMT: M0SBU-5>APRS,ED1YCB-3,WIDE2*,qAR,ED2ZAE-5:!/9`i*M$xOO   /A=042860 EA011526z86vdM,mV[ZLO8h=l!!Ay|!"LI;'=\!!Ay|
2017-07-01 19:21:49 GMT: M0SBU-5>APRS,qAR,CT1ENI-8:!/9b$EM$mZO   /A=042768 EA011002z6G.UMK'w[WLV:k>6LxAy|!#LM:E=Z!!Ay|
2017-07-01 19:28:09 GMT: M0SBU-5>APRS,ED1YCB-3,WIDE2*,qAR,ED2ZAE-5:!/9f&7M$LQO   /A=042791 EA272128z4LPwMm\h7`GwJrAU!!Ay|!!LQ8S=M!!Ay|
2017-07-01 19:32:01 GMT: M0SBU-5>APRS,ED1YCB-3,WIDE2*,qAR,ED2ZAE-5:!/9hL9M$8OO   /A=042624 EA272128z4LPwMm\h7`GwJrAU!!Ay|!!LO:!=T!!!!|
2017-07-01 19:34:02 GMT: M0SBU-5>APRS,ED1YCB-3,WIDE2*,qAR,ED2ZAE-5:!/9i]oM$+2O   /A=042821 EA011526z86vdM,mV[ZLO8h=l!!Ay|!"LV:m=A!!Ay|
2017-07-01 19:37:55 GMT: M0SBU-5>APRS,WIDE2-1,qAR,EA1FAQ-3:!/9l"oM#o3O   /A=042761 EA272128z4LPwMm\h7`GwJrAU!!Ay|!!L\;S=C!!!!|
2017-07-01 19:39:55 GMT: M0SBU-5>APRS,WIDE2-1,qAR,EA1FAQ-3:!/9m8LM#cWO   /A=042722 EA011526z86vdM,mV[ZLO8h=l!!Ay|!"LI9+=B!!Ay|
2017-07-01 19:41:56 GMT: M0SBU-5>APRS,WIDE2-1,qAR,EA1FAQ-3:!/9nNGM#XvO   /A=042555 EA011002z6G.UMK'w[WLV:k>6LxAy|!#LO93=G!!Ay|
2017-07-01 19:48:15 GMT: M0SBU-5>APRS,WIDE2-1,qAR,EA1FAQ-3:!/9r=bM#2RO   /A=042624 EA272128z4LPwMm\h7`GwJrAU!!Ay|!!LT9N<y!!Ay|
2017-07-01 19:50:16 GMT: M0SBU-5>APRS,WIDE2-1,qAR,EA1FAQ-3:!/9sQkM#$LO   /A=042676 EA011526z86vdM,mV[ZLO8h=l!!Ay|!"LQ:4=(!!Ay|
2017-07-01 19:52:17 GMT: M0SBU-5>APRS,WIDE2-1,qAR,EA1FAQ-3:!/9teHM"qlO   /A=042489 EA011002z6G.UMK'w[WLV:k>6LxAy|!#LI42=$!!Ay|
2017-07-01 19:54:19 GMT: M0SBU-5>APRS,WIDE2-1,qAR,EA1FAQ-3:!/9uwqM"dcO   /A=042660 EA010725z5R72McEo[TLQ8<>tJfAy|!$LO9@<{!!Ay|
2017-07-01 20:00:37 GMT: M0SBU-5>APRS,WIDE2-1,qAR,EA1FAQ-3:!/9yP>M"B7O   /A=042738 EA272128z4LPwMm\h7`GwJrAU!!Ay|!!LM2'<Y!!Ay|
2017-07-01 20:02:38 GMT: M0SBU-5>APRS,WIDE2-1,qAR,EA1FAQ-3:!/9zY8M";,O   /A=042584 EA011526z86vdM,mV[ZLO8h=l!!Ay|!"GW(9<U!!Ay|
2017-07-01 20:04:39 GMT: M0SBU-5>APRS,WIDE2-1,qAR,EA1FAQ-3:!/9{`rM"4WO   /A=042663 EA011002z6G.UMK'w[WLV:k>6LxAy|!#LX+&<3!!!!|
2017-07-01 20:06:42 GMT: M0SBU-5>APRS,ED4ZAA-3,WIDE2*,qAR,ED4ZAF-3:!/:!iDM".gO   /A=042670 EA010725z5R72McEo[TLQ8<>tJfAy|!$LX5#;l!!!"|
2017-07-01 20:08:43 GMT: M0SBU-5>APRS,WIDE2-1,qAR,EA1FAQ-3:!/:"u%M"*GO   /A=042604 EA011720z8w.aM*=J[\L\:0>?!!Ay|!%M+:!;O!!!$|
2017-07-01 20:10:32 GMT: M0SBU-5>APRS,WIDE2-1,qAR,EA1FAQ-3:!/:#u>M"&KO   /A=042574 EA272128z4LPwMm\h7`GwJrAU!!Ay|!!L^4\;H!!!!|
2017-07-01 20:12:33 GMT: M0SBU-5>APRS,WIDE2-1,qAR,ED4ZAC-3:!/:%%VM"!4O   /A=042506 EA011526z86vdM,mV[ZLO8h=l!!Ay|!"L\5M;3!!!!|
2017-07-01 20:14:34 GMT: M0SBU-5>APRS,WIDE2-1,qAR,EA1FAQ-3:!/:&0nM!vbO   /A=042548 EA011002z6G.UMK'w[WLV:k>6LxAy|!#LZ9$:w!!!"|
2017-07-01 20:16:37 GMT: M0SBU-5>APRS,WIDE2-1,qAR,EA1FAQ-3:!/:'>)M!pnO   /A=042584 EA012008z:"u%M"*G[ZM+:!;O!!!!|!$M5:$:c!!!"|
2017-07-01 20:18:28 GMT: M0SBU-5>APRS,WIDE2-1,qAR,CT1AKV:!/:(?wM!kmO   /A=042532 EA272128z4LPwMm\h7`GwJrAU!!Ay|!!G%&y:`!!!!|
2017-07-01 20:20:29 GMT: M0SBU-5>APRS,WIDE2-1,qAR,EA1FAQ-3:!/:)H1M!fBO   /A=042417 EA011526z86vdM,mV[ZLO8h=l!!Ay|!"F=(,:V!!!!|
2017-07-01 20:22:31 GMT: M0SBU-5>APRS,ED4ZAB-3,WIDE2*,qAR,ED4ZAC-3:!/:*N>M!aYO   /A=042456 EA011002z6G.UMK'w[WLV:k>6LxAy|!#EN(A:C!!!"|
2017-07-01 20:24:35 GMT: M0SBU-5>APRS,WIDE2-1,qAR,ED4ZAC-3:!/:+S$M!]7O   /A=042515 EA012008z:"u%M"*G[ZM+:!;O!!!!|!$FV(H:1!!!"|
2017-07-01 20:26:36 GMT: M0SBU-5>APRS,WIDE2-1,qAR,EA1FAQ-3:!/:,S=M!XpO   /A=042404 EA010725z5R72McEo[TLQ8<>tJfAy|!%E_(P:%!!!"|
2017-07-01 20:28:37 GMT: M0SBU-5>APRS,WIDE2-1,qAR,ED4ZAC-3:!/:-SbM!S[O   /A=042437 EA011720z8w.aM*=J[\L\:0>?!!Ay|!&E*(R9u!!!"|
2017-07-01 20:30:38 GMT: M0SBU-5>APRS,WIDE2-1,qAR,EA1FAQ-3:!/:.V0M!N(O   /A=042551 EA011252z7AaEM8ix[XLI9a=^QAAy|!'Dj(L9o!!!"|
2017-07-01 20:32:39 GMT: M0SBU-5>APRS,WIDE2-1,qAR,ED4ZAC-3:!/:/XgM!HXO   /A=042502 EA282137z4LPqMm\h8dLsLVAk!!+{|!(DS(R9^!!!"|
2017-07-01 20:34:40 GMT: M0SBU-5>APRS,WIDE2-1,qAR,EA1FAQ-3:!/:0ZjM!DBO   /A=042483 EA011632z8ZXHM*wx[\LQ9L>N!!Ay|!)D+(N9`!!!"|
2017-07-01 20:36:41 GMT: M0SBU-5>APRS,WIDE2-1,qAR,EA1FAQ-3:!/:1YlM!AqO   /A=042512 EA011117z6mHRMAVp[WLV8q=q!!Ay|!*C,(P9[!!!"|
2017-07-01 20:38:42 GMT: M0SBU-5>APRS,WIDE2-1,qAR,ED4ZAC-3:!/:2X"M!?CO   /A=042630 EA010752z5`BXM^ql[UL^8h?$!!Ay|!+Bg(A9W!!!"|
2017-07-01 20:40:41 GMT: M0SBU-5>APRS,WIDE2-1,qAR,EA1FAQ-3:!/:3VkM!?'O   /A=042617 EA011851z9PIZM&c([\LT8>>0O/Ay|!,Bx(E9R!!!"|
2017-07-01 20:42:42 GMT: M0SBU-5>APRS,WIDE2-1,qAR,EA1FAQ-3:!/:4ZFM!>pO   /A=042522 EA011435z7v:gM0P5[[LO8f=Y!!Ay|!-BW(C9L!!!"|
2017-07-01 20:44:44 GMT: M0SBU-5>APRS,WIDE2-1,qAR,EA1FAQ-3:!/:5bYM!<:O   /A=042637 EA282036z4LPwMm]):4L8MJAR!!+{|!.Aw(A9M!!!"|
2017-07-01 20:46:44 GMT: M0SBU-5>APRS,WIDE2-1,qAR,CT1AKV:!/:6l8M!9[O   /A=042597 EA011600z8H{[M+N*[[LT:i=g!!Ay|!/Ab(59I!!!"|
2017-07-01 20:48:45 GMT: M0SBU-5>APRS,WIDE2-1,qAR,CT1AKV:!/:7v?M!80O   /A=042555 EA011050z6_ccMDk.[WLO9W=\!!Ay|!0AU(59F!!!"|
2017-07-01 20:50:47 GMT: M0SBU-5>APRS,WIDE2-1,qAR,EA1FAQ-3:!/:9&!M!5]O   /A=042597 EA012030z:.V0M!N([XDj(L9o!!!!|!1A@(,9J!!!"|
2017-07-01 20:52:49 GMT: M0SBU-5>APRS,WIDE2-1,qAR,EA1FAQ-3:!/::.@M!46O   /A=042594 EA010739z5YXHM`w\[TLQ91>wVnAy|!2A@((9@!!!"|
2017-07-01 20:54:50 GMT: M0SBU-5>APRS,WIDE2-1,qAR,EA1FAQ-3:!/:;4QM!4PO   /A=042584 EA011809z98;XM("s[]LM:z>MI]Ay|!3@b(*9H!!!"|
2017-07-01 20:56:50 GMT: M0SBU-5>APRS,WIDE2-1,qAR,ED4ZAC-3:!/:<8RM!6"O   /A=042666 EA011342z7[IIM4@S[YLX8)=p!!Ay|!4@m'j9L!!!"|
2017-07-01 20:58:51 GMT: M0SBU-5>APRS,WIDE2-1,qAR,ED4ZAC-3:!/:=<-M!8>O   /A=042607 EA010509z4X`3MoC5SEJU'U@0!!Ay|!5@A'n9F!!!"|
2017-07-01 21:00:52 GMT: M0SBU-5>APRS,WIDE2-1,qAR,ED4ZAC-3:!/:>@dM!:pO   /A=042650 EA011649z8d%yM*Md[\LO8{>RO/Ay|!6?l'r9E!!!"|
2017-07-01 21:02:53 GMT: M0SBU-5>APRS,WIDE2-1,qAR,EA1FAQ-3:!/:?DOM!=)O   /A=042633 EA011206z7*f&M<i\[XLT9g=j!!Ay|!7@k']9H!!!"|
2017-07-01 21:04:53 GMT: M0SBU-5>APRS,WIDE2-1,qAR,EA1FAQ-3:!/:@IoM!A%O   /A=042633 EA010910z6.0JMRi$[ULX:E?%SSAy|!8@2'd9B!!!"|
2017-07-01 21:07:11 GMT: M0SBU-5>APRS,WIDE2-1,qAR,EA1FAQ-3:!/:AZCM!D*O   /A=042597 EA011906z9Y&nM%r<[[L^:;={!!Ay|!9?F'[9I!!!4|
2017-07-01 21:08:55 GMT: M0SBU-5>APRS,WIDE2-1,qAR,ED4ZAC-3:!/:BM/M!EoO   /A=042545 EA011455z8%W2M.z=[ZLV9L=_!!Ay|!:?t'Q9C!!!"|
2017-07-01 21:10:56 GMT: M0SBU-5>APRS,WIDE2-1,qAR,ED4ZAC-3:!/:CH7M!H,O   /A=042509 EA272128z4LPwMm\h7`GwJrAU!!Ay|!;@C'J9B!!!"|
2017-07-01 21:12:57 GMT: M0SBU-5>APRS,WIDE2-1,qAR,EA1FAQ-3:!/:DCkM!JtO   /A=042696 EA011526z86vdM,mV[ZLO8h=l!!Ay|!<@('Q9B!!!"|
2017-07-01 21:14:58 GMT: M0SBU-5>APRS,WIDE2-1,qAR,ED4ZAC-3:!/:E@UM!LRO   /A=042712 EA011002z6G.UMK'w[WLV:k>6LxAy|!=?_'D9@!!!"|
2017-07-01 21:16:59 GMT: M0SBU-5>APRS,WIDE2-1,qAR,ED4ZAC-3:!/:FAqM!NrO   /A=042689 EA012008z:"u%M"*G[ZM+:!;O!!!!|!>?c'D9?!!!"|
2017-07-01 21:19:00 GMT: M0SBU-5>APRS,WIDE2-1,qAR,EA1FAQ-3:!/:GDsM!R2O   /A=042693 EA010725z5R72McEo[TLQ8<>tJfAy|!?>M'79=!!!"|
2017-07-01 21:21:01 GMT: M0SBU-5>APRS,WIDE2-1,qAR,ED4ZAC-3:!/:HI#M!TBO   /A=042679 EA011720z8w.aM*=J[\L\:0>?!!Ay|!@??'>9<!!!"|
2017-07-01 21:25:15 GMT: M0SBU-5>APRS,ED4ZAB-3,WIDE2*,qAR,ED4ZAC-3:!/:JUGM!Y#O   /A=042699 EA272128z4LPwMm\h7`GwJrAU!!Ay|!!;O'"9K!!!!|
2017-07-01 21:27:15 GMT: M0SBU-5>APRS,WIDE2-1,qAR,EA1FAQ-3:!/:KV#M![UO   /A=042702 EA011526z86vdM,mV[ZLO8h=l!!Ay|!";@'+9J!!!"|
2017-07-01 21:29:18 GMT: M0SBU-5>APRS,WIDE2-1,qAR,EA1FAQ-3:!/:LWiM!]sO   /A=042666 EA011002z6G.UMK'w[WLV:k>6LxAy|!#>b&y9I!!!"|
2017-07-01 21:31:20 GMT: M0SBU-5>APRS,WIDE2-1,qAR,ED4ZAC-3:!/:MVkM!_IO   /A=042738 EA012008z:"u%M"*G[ZM+:!;O!!!!|!$=w''9F!!!"|
2017-07-01 21:33:20 GMT: M0SBU-5>APRS,WIDE2-1,qAR,ED4ZAC-3:!/:NUuM!_OO   /A=042689 EA010725z5R72McEo[TLQ8<>tJfAy|!%>4&s9D!!!"|
2017-07-01 21:35:21 GMT: M0SBU-5>APRS,WIDE2-1,qAR,ED4ZAC-3:!/:OTqM!_=O   /A=042706 EA011720z8w.aM*=J[\L\:0>?!!Ay|!&>B&s9D!!!"|
2017-07-01 21:37:23 GMT: M0SBU-5>APRS,WIDE2-1,qAR,EA1FAQ-3:!/:PSEM!`"O   /A=042699 EA011252z7AaEM8ix[XLI9a=^QAAy|!'>4&m9B!!!"|
2017-07-01 21:39:24 GMT: M0SBU-5>APRS,WIDE2-1,qAR,ED4ZAC-3:!/:QS2M!`lO   /A=042775 EA282137z4LPqMm\h8dLsLVAk!!+{|!(>!&m9D!!!"|
2017-07-01 21:41:26 GMT: M0SBU-5>APRS,ED1YCB-3,WIDE2*,qAR,ED2ZAE-5:!/:RQAM!a;O   /A=042752 EA011632z8ZXHM*wx[\LQ9L>N!!Ay|!)>6&b9?!!!"|
2017-07-01 21:43:25 GMT: M0SBU-5>APRS,WIDE2-1,qAR,EA1FAQ-3:!/:SMlM!`nO   /A=042656 EA011117z6mHRMAVp[WLV8q=q!!Ay|!*><&^9>!!!$|
2017-07-01 21:45:26 GMT: M0SBU-5>APRS,WIDE2-1,qAR,EA1FAQ-3:!/:TIQM!`vO   /A=042807 EA012132z:NUuM!_O[[>4&s9D!!!!|!+=q&V9@!!!"|
2017-07-01 21:47:27 GMT: M0SBU-5>APRS,WIDE2-1,qAR,ED4ZAC-3:!/:UC8M!aYO   /A=042824 EA010752z5`BXM^ql[UL^8h?$!!Ay|!,=R&T9@!!!"|
2017-07-01 21:49:28 GMT: M0SBU-5>APRS,WIDE2-1,qAR,ED4ZAC-3:!/:V<RM!dPO   /A=042706 EA011851z9PIZM&c([\LT8>>0O/Ay|!->-&V9H!!!"|
2017-07-01 21:51:29 GMT: M0SBU-5>APRS,WIDE2-1,qAR,EA1FAQ-3:!/:W6cM!ggO   /A=042758 EA011435z7v:gM0P5[[LO8f=Y!!Ay|!.>l&G9I!!!"|
2017-07-01 21:53:30 GMT: M0SBU-5>APRS,WIDE2-1,qAR,EA1FAQ-3:!/:X/=M!kAO   /A=042755 EA282036z4LPwMm]):4L8MJAR!!+{|!/>d&K9H!!!"|
2017-07-01 21:55:32 GMT: M0SBU-5>APRS,WIDE2-1,qAR,ED4ZAC-3:!/:Y(aM!ogO   /A=042811 EA011600z8H{[M+N*[[LT:i=g!!Ay|!0?7&C9J!!!"|
2017-07-01 21:57:32 GMT: M0SBU-5>APRS,WIDE2-1,qAR,ED4ZAC-3:!/:Z#3M!t^O   /A=042781 EA011050z6_ccMDk.[WLO9W=\!!Ay|!1>U&69E!!!"|
2017-07-01 21:59:33 GMT: M0SBU-5>APRS,WIDE2-1,qAR,ED4ZAC-3:!/:ZyyM!yQO   /A=042801 EA012030z:.V0M!N([XDj(L9o!!!!|!2><&09I!!!"|
2017-07-01 22:01:34 GMT: M0SBU-5>APRS,WIDE2-1,qAR,EA1FAQ-3:!/:[v!M"#4O   /A=042843 EA010739z5YXHM`w\[TLQ91>wVnAy|!3?&&*9D!!!"|
2017-07-01 22:03:35 GMT: M0SBU-5>APRS,WIDE2-1,qAR,ED4ZAC-3:!/:\s)M")0O   /A=042673 EA011809z98;XM("s[]LM:z>MI]Ay|!4>l&%9J!!!"|
2017-07-01 22:05:36 GMT: M0SBU-5>APRS,WIDE2-1,qAR,EA1FAQ-3:!/:]qlM"0AO   /A=042742 EA011342z7[IIM4@S[YLX8)=p!!Ay|!5>j%p9J!!!"|
2017-07-01 22:07:37 GMT: M0SBU-5>APRS,WIDE2-1,qAR,EA1FAQ-3:!/:^p@M"7&O   /A=042837 EA010509z4X`3MoC5SEJU'U@0!!Ay|!6>B%c9L!!!"|
2017-07-01 22:09:39 GMT: M0SBU-5>APRS,WIDE2-1,qAR,EA1FAQ-3:!/:_nqM">AO   /A=042788 EA011649z8d%yM*Md[\LO8{>RO/Ay|!7>f%V9F!!!$|
2017-07-01 22:11:52 GMT: M0SBU-5>APRS,WIDE2-1,qAR,EA4RKU:!/:`qUM"ETO   /A=042443 EA011206z7*f&M<i\[XLT9g=j!!Ay|!8>[%;9G!!!1|
2017-07-01 22:13:40 GMT: M0SBU-5>APRS,WIDE2-1,qAR,EA1FAQ-3:!/:acpM"LwO   /A=042893 EA010910z6.0JMRi$[ULX:E?%SSAy|!9>+${9?!!!"|
2017-07-01 22:15:41 GMT: M0SBU-5>APRS,WIDE2-1,qAR,EA1FAQ-3:!/:b\RM"RIO   /A=042837 EA011906z9Y&nM%r<[[L^:;={!!Ay|!:=u$b9@!!!"|
2017-07-01 22:17:42 GMT: M0SBU-5>APRS,WIDE2-1,qAR,ED4ZAC-3:!/:cTiM"WFO   /A=042903 EA011455z8%W2M.z=[ZLV9L=_!!Ay|!;=Z$O9>!!!$|
2017-07-01 22:19:43 GMT: M0SBU-5>APRS,WIDE2-1,qAR,ED4ZAC-3:!/:dMMM"[`O   /A=042919 EA272128z4LPwMm\h7`GwJrAU!!Ay|!<<r$19:!!!"|
2017-07-01 22:29:06 GMT: M0SBU-5>APRS,WIDE2-1,qAR,EA4RKU:!/:hsQM"x1O   /A=042896 EA272128z4LPwMm\h7`GwJrAU!!Ay|!!:;$59O!!!!|
2017-07-01 22:31:07 GMT: M0SBU-5>APRS,WIDE2-1,qAR,EA4RKU:!/:ijsM##WO   /A=042807 EA011526z86vdM,mV[ZLO8h=l!!Ay|!":;$@9M!!!"|
2017-07-01 22:33:09 GMT: M0SBU-5>APRS,WIDE2-1,qAR,CT1AKV:!/:jd,M#)UO   /A=042784 EA011002z6G.UMK'w[WLV:k>6LxAy|!#>!$59G!!!"|
2017-07-01 22:35:11 GMT: M0SBU-5>APRS,WIDE2-1,qAR,ED4ZAC-3:!/:k^kM#0TO   /A=042827 EA012008z:"u%M"*G[ZM+:!;O!!!!|!$=Z$+9G!!!"|
2017-07-01 22:37:12 GMT: M0SBU-5>APRS,ED2YAL-15*,WIDE2,qAR,EA5URV-10:!/:lZBM#8PO   /A=042830 EA010725z5R72McEo[TLQ8<>tJfAy|!%=X$)9D!!!"|
2017-07-01 22:39:13 GMT: M0SBU-5>APRS,WIDE2-1,qAR,EB7GYR-1:!/:mV/M#A3O   /A=042804 EA011720z8w.aM*=J[\L\:0>?!!Ay|!&=X$)9D!!!"|
2017-07-01 22:41:13 GMT: M0SBU-5>APRS,WIDE2-1,qAR,EA4RKU:!/:nPfM#IOO   /A=042853 EA011252z7AaEM8ix[XLI9a=^QAAy|!'>K#q9<!!!"|
2017-07-01 22:43:16 GMT: M0SBU-5>APRS,ED4ZAB-3,WIDE2*,qAR,ED4ZAC-3:!/:oInM#QqO   /A=042870 EA282137z4LPqMm\h8dLsLVAk!!+{|!(=E#s9@!!!"|
2017-07-01 22:45:15 GMT: M0SBU-5>APRS,WIDE2-1,qAR,EA4RKU:!/:p>nM#YcO   /A=042811 EA011632z8ZXHM*wx[\LQ9L>N!!Ay|!)=K#f9:!!!"|
2017-07-01 22:47:16 GMT: M0SBU-5>APRS,WIDE2-1,qAR,EA1FAQ-3:!/:q45M#b"O   /A=042945 EA011117z6mHRMAVp[WLV8q=q!!Ay|!*=T#`9@!!!"|
2017-07-01 22:49:17 GMT: M0SBU-5>APRS,WIDE2-1,qAR,EA1FAQ-3:!/:r(JM#jtO   /A=042873 EA012132z:NUuM!_O[[>4&s9D!!!!|!+=9#V98!!!"|
2017-07-01 22:51:18 GMT: M0SBU-5>APRS,qAR,CT1ENI-8:!/:rwsM#r<O   /A=042860 EA010752z5`BXM^ql[UL^8h?$!!Ay|!,=0#K9<!!!"|
2017-07-01 22:53:21 GMT: M0SBU-5>APRS,ED2YAL-15*,WIDE2,qAR,EA5AHQ-15:!/:sl-M#yoO   /A=042873 EA011851z9PIZM&c([\LT8>>0O/Ay|!-=(#X98!!!"|
2017-07-01 22:55:20 GMT: M0SBU-5>APRS,WIDE2-1,qAR,EA1FAQ-3:!/:t_QM$&#O   /A=042807 EA011435z7v:gM0P5[[LO8f=Y!!Ay|!.>%#G9/!!!"|
2017-07-01 22:59:22 GMT: M0SBU-5>APRS,WIDE2-1,qAR,EA1FAQ-3:!/:v@lM$4/O   /A=042903 EA011600z8H{[M+N*[[LT:i=g!!Ay|!0<[#:95!!!"|
2017-07-01 23:01:25 GMT: M0SBU-5>APRS,ED4ZAA-3,WIDE2*,qAR,ED4ZAF-3:!/:w.kM$:7O   /A=042916 EA011050z6_ccMDk.[WLO9W=\!!Ay|!1<x#G90!!!"|
2017-07-01 23:03:24 GMT: M0SBU-5>APRS,WIDE2-1,qAR,EA4RKU:!/:wwDM$@=O   /A=042840 EA012030z:.V0M!N([XDj(L9o!!!!|!2=s#?9;!!!"|
2017-07-01 23:05:25 GMT: M0SBU-5>APRS,WIDE2-1,qAR,EB7GYR-1:!/:xdjM$F+O   /A=042939 EA010739z5YXHM`w\[TLQ91>wVnAy|!3<j#:99!!!"|
2017-07-01 23:07:26 GMT: M0SBU-5>APRS,WIDE2-1,qAR,EA1FAQ-3:!/:yQxM$KjO   /A=042893 EA011809z98;XM("s[]LM:z>MI]Ay|!4<v#697!!!"|
2017-07-01 23:09:27 GMT: M0SBU-5>APRS,WIDE2-1,qAR,EA1FAQ-3:!/:z?5M$QDO   /A=042912 EA011342z7[IIM4@S[YLX8)=p!!Ay|!5<j#096!!!"|
2017-07-01 23:11:28 GMT: M0SBU-5>APRS,WIDE2-1,qAR,EA1FAQ-3:!/:{,;M$W(O   /A=042952 EA010509z4X`3MoC5SEJU'U@0!!Ay|!6=e#,9:!!!"|
2017-07-01 23:13:29 GMT: M0SBU-5>APRS,WIDE2-1,qAR,EA1FAQ-3:!/:{v5M$[dO   /A=042932 EA011649z8d%yM*Md[\LO8{>RO/Ay|!7;s#.98!!!"|
2017-07-01 23:15:31 GMT: M0SBU-5>APRS,ED4ZAB-3,WIDE2*,qAR,ED4ZAC-3:!/;!f.M$`7O   /A=042912 EA011206z7*f&M<i\[XLT9g=j!!Ay|!8;W#498!!!"|
2017-07-01 23:17:33 GMT: M0SBU-5>APRS,ED2YAL-15*,WIDE2,qAR,EA5URV-10:!/;"W.M$ejO   /A=042899 EA012236z:lZBM#8P[\=X$)9D!!!!|!9;{#697!!!"|
2017-07-01 23:19:32 GMT: M0SBU-5>APRS,WIDE2-1,qAR,EB7GYR-1:!/;#H6M$l)O   /A=042889 EA010910z6.0JMRi$[ULX:E?%SSAy|!:<P#499!!!"|
2017-07-01 23:21:33 GMT: M0SBU-5>APRS,WIDE2-1,qAR,EA4RKU:!/;$8GM$t%O   /A=042880 EA011906z9Y&nM%r<[[L^:;={!!Ay|!;<Y#,98!!!"|
2017-07-01 23:23:34 GMT: M0SBU-5>APRS,WIDE2-1,qAR,EA1FAQ-3:!/;%'[M%!OO   /A=042909 EA011455z8%W2M.z=[ZLV9L=_!!Ay|!<;u#,9<!!!"|
2017-07-01 23:25:35 GMT: M0SBU-5>APRS,WIDE2-1,qAR,EA1FAQ-3:!/;%qOM%)oO   /A=042889 EA272128z4LPwMm\h7`GwJrAU!!Ay|!=<+#.9;!!!"|
2017-07-01 23:27:36 GMT: M0SBU-5>APRS,WIDE2-1,qAR,EA1FAQ-3:!/;&_tM%2BO   /A=042863 EA011526z86vdM,mV[ZLO8h=l!!Ay|!><v#.9:!!!"|
2017-07-01 23:33:51 GMT: M0SBU-5>APRS,WIDE2-1,qAR,EA1FAQ-3:!/;)2.M%MiO   /A=042935 EA272128z4LPwMm\h7`GwJrAU!!Ay|!!9c#89I!!!!|
2017-07-01 23:35:55 GMT: M0SBU-5>APRS,ED2YAL-15*,WIDE2,qAR,EA5URV-10:!/;){QM%VBO   /A=042919 EA011526z86vdM,mV[ZLO8h=l!!Ay|!"9N#C9J!!!"|
2017-07-01 23:37:56 GMT: M0SBU-5>APRS,ED4ZAA-3,WIDE2*,qAR,ED4ZAF-3:!/;*kRM%^NO   /A=042798 EA011002z6G.UMK'w[WLV:k>6LxAy|!#=R#A9C!!!"|
2017-07-01 23:39:56 GMT: M0SBU-5>APRS,WIDE2-1,qAR,EA4RKU:!/;+[EM%gUO   /A=042843 EA012008z:"u%M"*G[ZM+:!;O!!!!|!$=R#49@!!!"|
2017-07-01 23:41:57 GMT: M0SBU-5>APRS,WIDE2-1,qAR,EA4RKU:!/;,KdM%r6O   /A=042912 EA010725z5R72McEo[TLQ8<>tJfAy|!%=g#<9D!!!"|
2017-07-01 23:43:58 GMT: M0SBU-5>APRS,WIDE2-1,qAR,EB7GYR-1:!/;-;SM&"MO   /A=042857 EA011720z8w.aM*=J[\L\:0>?!!Ay|!&=E#*9?!!!"|
2017-07-01 23:45:59 GMT: M0SBU-5>APRS,WIDE2-1,qAR,EA4RKU:!/;.*[M&-<O   /A=042840 EA011252z7AaEM8ix[XLI9a=^QAAy|!'=T#.9A!!!"|
2017-07-01 23:48:00 GMT: M0SBU-5>APRS,WIDE2-1,qAR,ED4YAG-3:!/;.ufM&8?O   /A=042840 EA012341z;,KdM%r6[]=g#<9D!!!!|!(<v#%90!!!"|
2017-07-01 23:52:02 GMT: M0SBU-5>APRS,WIDE2-1,qAR,EA4RKU:!/;0VIM&LcO   /A=042840 EA011632z8ZXHM*wx[\LQ9L>N!!Ay|!*=?#!9<!!!"|
2017-07-01 23:54:03 GMT: M0SBU-5>APRS,WIDE2-1,qAR,EA4RKU:!/;1G3M&W4O   /A=042935 EA011117z6mHRMAVp[WLV8q=q!!Ay|!+=9#%9<!!!"|
2017-07-01 23:56:04 GMT: M0SBU-5>APRS,WIDE2-1,qAR,EA4RKU:!/;289M&a<O   /A=042824 EA012132z:NUuM!_O[[>4&s9D!!!!|!,<Y"x9@!!!"|
2017-07-01 23:58:08 GMT: M0SBU-5>APRS,WIDE2-1,qAR,EA4RKU:!/;3,DM&kbO   /A=042860 EA010752z5`BXM^ql[UL^8h?$!!Ay|!-<p##9>!!!'|
2017-07-02 00:00:06 GMT: M0SBU-5>APRS,WIDE2-1,qAR,EA4RKU:!/;3u/M&uPO   /A=042893 EA011851z9PIZM&c([\LT8>>0O/Ay|!.<F"v99!!!"|
2017-07-02 00:02:07 GMT: M0SBU-5>APRS,WIDE2-1,qAR,EA4RKU:!/;4d/M'#kO   /A=042873 EA011435z7v:gM0P5[[LO8f=Y!!Ay|!/=*#!9=!!!"|
2017-07-02 00:06:11 GMT: M0SBU-5>APRS,ED1YBY-3,WIDE2*,qAR,ED1ZAR-3:!/;6AhM'6tO   /A=042850 EA011600z8H{[M+N*[[LT:i=g!!Ay|!1=&"x9<!!!"|
2017-07-02 00:08:12 GMT: M0SBU-5>APRS,ED1YBY-3,WIDE2*,qAR,ED1ZAR-3:!/;75QM'@XO   /A=042912 EA011050z6_ccMDk.[WLO9W=\!!Ay|!2<l"v9A!!!"|
2017-07-02 00:10:11 GMT: M0SBU-5>APRS,WIDE2-1,qAR,CT2IAG:!/;8+2M'JbO   /A=042860 EA012030z:.V0M!N([XDj(L9o!!!!|!3<a"t97!!!"|
2017-07-02 00:14:13 GMT: M0SBU-5>APRS,WIDE2-1,qAR,EB7GYR-1:!/;9pbM'`\O   /A=042899 EA011809z98;XM("s[]LM:z>MI]Ay|!5<R"r9:!!!"|
2017-07-02 00:22:17 GMT: M0SBU-5>APRS,WIDE2-1,qAR,CT2IAG:!/;=:NM(4YO   /A=042798 EA011206z7*f&M<i\[XLT9g=j!!Ay|!9<z"t9=!!!"|
2017-07-02 00:28:21 GMT: M0SBU-5>APRS,ED1YBY-3,WIDE2*,qAR,ED1ZAR-3:!/;?fLM(W8O   /A=042873 EA011906z9Y&nM%r<[[L^:;={!!Ay|!<<U"m9B!!!"|
2017-07-02 00:30:22 GMT: M0SBU-5>APRS,WIDE2-1,qAR,ED7ZAD-3:!/;@WhM(b{O   /A=042935 EA011455z8%W2M.z=[ZLV9L=_!!Ay|!=<g"t9=!!!%|
2017-07-02 00:34:24 GMT: M0SBU-5>APRS,ED1YBY-3,WIDE2*,qAR,ED1ZAX-3:!/;B7BM(ypO   /A=042840 EA011526z86vdM,mV[ZLO8h=l!!Ay|!?<Y"k9:!!!"|
2017-07-02 00:42:41 GMT: M0SBU-5>APRS,WIDE2-1,qAR,CT2IAG:!/;E_KM)LHO   /A=042866 EA011002z6G.UMK'w[WLV:k>6LxAy|!#<r#%9G!!!"|
2017-07-02 00:44:42 GMT: M0SBU-5>APRS,WIDE2-1,qAR,EB7GYR-1:!/;FQLM)WEO   /A=042922 EA012008z:"u%M"*G[ZM+:!;O!!!!|!$=6"r9I!!!"|
2017-07-02 00:46:43 GMT: M0SBU-5>APRS,WIDE2-1,qAR,ED7ZAD-3:!/;GD0M)cCO   /A=042843 EA010725z5R72McEo[TLQ8<>tJfAy|!%=0#!9F!!!"|
2017-07-02 00:50:45 GMT: M0SBU-5>APRS,WIDE2-1,qAR,EB7GYR-1:!/;I*,M){!O   /A=042735 EA011252z7AaEM8ix[XLI9a=^QAAy|!'<]"m9C!!!"|
2017-07-02 00:54:47 GMT: M0SBU-5>APRS,WIDE2-1,qAR,EB7GYR-1:!/;JhmM*7,O   /A=042876 EA282137z4LPqMm\h8dLsLVAk!!+{|!)<j"i9@!!!"|
2017-07-02 00:56:48 GMT: M0SBU-5>APRS,WIDE2-1,qAR,EB7GYR-1:!/;K[OM*CXO   /A=042883 EA011632z8ZXHM*wx[\LQ9L>N!!Ay|!*<("c9?!!!"|
2017-07-02 00:58:49 GMT: M0SBU-5>APRS,WIDE2-1,qAR,EB7GYR-1:!/;LLuM*P3O   /A=042837 EA011117z6mHRMAVp[WLV8q=q!!Ay|!+<J"X98!!!$|
2017-07-02 01:00:50 GMT: M0SBU-5>APRS,WIDE2-1,qAR,EB7GYR-1:!/;M<vM*]VO   /A=042814 EA012132z:NUuM!_O[[>4&s9D!!!!|!,<3"e9A!!!$|
2017-07-02 01:04:53 GMT: M0SBU-5>APRS,ED4ZAA-3,WIDE2*,qAR,ED4ZAF-3:!/;Nx?M*veO   /A=042716 EA011851z9PIZM&c([\LT8>>0O/Ay|!.<&"V9;!!!"|
2017-07-02 01:06:53 GMT: M0SBU-5>APRS,WIDE2-1,qAR,EB7GYR-1:!/;Oj$M+'YO   /A=042771 EA011435z7v:gM0P5[[LO8f=Y!!Ay|!/;s"]9?!!!$|
2017-07-02 01:08:54 GMT: M0SBU-5>APRS,WIDE2-1,qAR,EB7GYR-1:!/;PWZM+3#O   /A=042768 EA282036z4LPwMm]):4L8MJAR!!+{|!0<9"T9;!!!"|
2017-07-02 01:10:55 GMT: M0SBU-5>APRS,WIDE2-1,qAR,EB7GYR-1:!/;QF:M+=KO   /A=042834 EA011600z8H{[M+N*[[LT:i=g!!Ay|!1<-"T9<!!!"|
2017-07-02 01:12:56 GMT: M0SBU-5>APRS,WIDE2-1,qAR,EB7GYR-1:!/;R2KM+HDO   /A=042794 EA011050z6_ccMDk.[WLO9W=\!!Ay|!2<U"a9:!!!"|
2017-07-02 01:14:57 GMT: M0SBU-5>APRS,WIDE2-1,qAR,EB7GYR-1:!/;R{nM+R0O   /A=042683 EA012030z:.V0M!N([XDj(L9o!!!!|!3<="X94!!!"|
2017-07-02 01:16:58 GMT: M0SBU-5>APRS,WIDE2-1,qAR,EB7GYR-1:!/;ScOM+]=O   /A=042699 EA010739z5YXHM`w\[TLQ91>wVnAy|!4<&"R9;!!!"|
2017-07-02 01:18:59 GMT: M0SBU-5>APRS,WIDE2-1,qAR,EB7GYR-1:!/;TQ@M+flO   /A=042807 EA011809z98;XM("s[]LM:z>MI]Ay|!5;{"P9<!!!"|
2017-07-02 01:21:00 GMT: M0SBU-5>APRS,WIDE2-1,qAR,EB7GYR-1:!/;U<lM+p4O   /A=042565 EA011342z7[IIM4@S[YLX8)=p!!Ay|!6;l"X9<!!!"|
2017-07-02 01:25:02 GMT: M0SBU-5>APRS,WIDE2-1,qAR,EB7GYR-1:!/;Vp_M,$oO   /A=042696 EA010509z4X`3MoC5SEJU'U@0!!Ay|!8<;"c9>!!!"|
2017-07-02 01:29:04 GMT: M0SBU-5>APRS,qAR,CT1ENI-8:!/;XDQM,7fO   /A=042594 EA011206z7*f&M<i\[XLT9g=j!!Ay|!:<l"[9A!!!"|
2017-07-02 01:37:08 GMT: M0SBU-5>APRS,WIDE2-1,qAR,EB7GYR-1:!/;[51M,\iO   /A=042660 EA011455z8%W2M.z=[ZLV9L=_!!Ay|!><N"_9@!!!$|
2017-07-02 04:57:44 GMT: M0SBU-5>APRS,WIDE2-1,qAR,EB7GYR-1:!/;sN<MK2"O   /A=042561 EA272128z4LPwMm\h7`GwJrAU!!Ay|!!(e;Q:A!!!!|
2017-07-02 04:59:47 GMT: M0SBU-5>APRS,ED7YAF-3,WIDE2*,qAR,ED7ZAD-3:!/;sSCMK`<O   /A=042663 EA011526z86vdM,mV[ZLO8h=l!!Ay|!"(a<L:L!!!"|
2017-07-02 05:01:49 GMT: M0SBU-5>APRS,WIDE2-1,qAR,EB7GYR-1:!/;sXrML4cO   /A=042591 EA011002z6G.UMK'w[WLV:k>6LxAy|!#)8<_:[!!!$|
2017-07-02 05:05:51 GMT: M0SBU-5>APRS,WIDE2-1,qAR,EB7GYR-1:!/;si%MM6nO   /A=042647 EA010725z5R72McEo[TLQ8<>tJfAy|!%)C=,:o!!!"|
2017-07-02 05:07:51 GMT: M0SBU-5>APRS,WIDE2-1,qAR,EB7GYR-1:!/;splMMd$O   /A=042679 EA011720z8w.aM*=J[\L\:0>?!!Ay|!&5O<v:z!!!"|
2017-07-02 05:12:16 GMT: M0SBU-5>APRS,WIDE2-1,qAR,EB7GYR-1:!/;t(yMNp{O   /A=042686 EA272128z4LPwMm\h7`GwJrAU!!Ay|!!Ei<_;K!!!!|
2017-07-02 05:22:43 GMT: M0SBU-5>APRS,WIDE2-1,qAR,EB7GYR-1:!/;t]$MQ^JO   /A=042729 EA011526z86vdM,mV[ZLO8h=l!!Ay|!"Ht<t<3!!!"|
2017-07-02 05:24:46 GMT: M0SBU-5>APRS,WIDE2-1,qAR,EB7GYR-1:!/;tiHMR3zO   /A=042535 EA011002z6G.UMK'w[WLV:k>6LxAy|!#IZ<[<5!!!"|
2017-07-02 05:29:01 GMT: M0SBU-5>APRS,WIDE2-1,qAR,EB7GYR-1:!/;u)eMSC-O   /A=042607 EA272128z4LPwMm\h7`GwJrAU!!Ay|!!I.;n<E!!!!|
2017-07-02 05:31:02 GMT: M0SBU-5>APRS,WIDE2-1,qAR,ED7ZAD-3:!/;u5iMSxNO   /A=042676 EA011526z86vdM,mV[ZLO8h=l!!Ay|!"IG<3<L!!!"|
2017-07-02 05:33:07 GMT: M0SBU-5>APRS,ED7YAF-3,WIDE2*,qAR,ED7ZAD-3:!/;uAiMTS<O   /A=042699 EA011002z6G.UMK'w[WLV:k>6LxAy|!#Iy<-<M!!!"|
2017-07-02 05:40:46 GMT: M0SBU-5>APRS,ED7YAF-3,WIDE2*,qAR,ED7ZAD-3:!/;v&WMVaTO   /A=042676 EA272128z4LPwMm\h7`GwJrAU!!Ay|!!I`<(<L!!!!|
2017-07-02 05:42:45 GMT: M0SBU-5>APRS,WIDE2-1,qAR,EB7GYR-1:!/;v<cMW8fO   /A=042735 EA011526z86vdM,mV[ZLO8h=l!!Ay|!"If;S<T!!!"|
2017-07-02 05:44:48 GMT: M0SBU-5>APRS,WIDE2-1,qAR,ED7ZAD-3:!/;vOlMWl*O   /A=042663 EA011002z6G.UMK'w[WLV:k>6LxAy|!#J:<U<aVn!"|
2017-07-02 05:47:22 GMT: M0SBU-5>APRS,WIDE2-1,qAR,EB7GYR-1:!/;vcdMXS@O   /A=042742 EA012008z:"u%M"*G[ZM+:!;O!!!!|!$J8<9<h!!!E|
2017-07-02 05:51:45 GMT: M0SBU-5>APRS,ED7YAF-3,WIDE2*,qAR,ED7ZAD-3:!/;w&6MYi-O   /A=042745 EA272128z4LPwMm\h7`GwJrAU!!Ay|!!Iy;h=*!!!!|
2017-07-02 05:53:44 GMT: M0SBU-5>APRS,WIDE2-1,qAR,ED7ZAD-3:!/;w3gMZApO   /A=042745 EA011526z86vdM,mV[ZLO8h=l!!Ay|!"Iq;w=.!!!"|
2017-07-02 05:55:49 GMT: M0SBU-5>APRS,ED7YAF-3,WIDE2*,qAR,ED7ZAD-3:!/;wB"MZvaO   /A=042738 EA011002z6G.UMK'w[WLV:k>6LxAy|!#J><3="!!!"|
2017-07-02 05:57:48 GMT: M0SBU-5>APRS,WIDE2-1,qAR,EB7GYR-1:!/;wOGM[OQO   /A=042755 EA012008z:"u%M"*G[ZM+:!;O!!!!|!$JD<7=5!!!"|
2017-07-02 06:06:01 GMT: M0SBU-5>APRS,WIDE2-1,qAR,ED7ZAD-3:!/;x4MM]fnO   /A=042725 EA272128z4LPwMm\h7`GwJrAU!!Ay|!!J#;%=5!!!!|
2017-07-02 06:08:03 GMT: M0SBU-5>APRS,ED7YAF-3,WIDE2*,qAR,ED7ZAD-3:!/;xD!M^>)O   /A=042706 EA011526z86vdM,mV[ZLO8h=l!!Ay|!"I{;S=8RJ!!|
2017-07-02 06:12:08 GMT: M0SBU-5>APRS,WIDE2-1,qAR,ED7ZAD-3:!/;xjMM_HrO   /A=042716 EA012008z:"u%M"*G[ZM+:!;O!!!!|!$JD=&<p!!!"|
2017-07-02 06:14:10 GMT: M0SBU-5>APRS,ED2YAL-15*,WIDE2,qAR,EA5AHQ-15:!/;y"HM_{MO   /A=042732 EA010725z5R72McEo[TLQ8<>tJfAy|!%JW=&<a!!!"|
2017-07-02 06:16:09 GMT: M0SBU-5>APRS,WIDE2-1,qAR,ED7ZAD-3:!/;y7'M`QVO   /A=042689 EA011720z8w.aM*=J[\L\:0>?!!Ay|!&JM=$<a!!!"|
2017-07-02 06:20:27 GMT: M0SBU-5>APRS,WIDE2-1,qAR,EB7GYR-1:!/;yb>Ma`dO   /A=042788 EA272128z4LPwMm\h7`GwJrAU!!Ay|!!J#;O<f!!!"|
2017-07-02 06:22:33 GMT: M0SBU-5>APRS,ED2YAL-15*,WIDE2,qAR,EA5AHQ-15:!/;yw=Mb9`O   /A=042761 EA011526z86vdM,mV[ZLO8h=l!!Ay|!"JQ<e<u!!!"|
2017-07-02 06:33:07 GMT: M0SBU-5>APRS,WIDE2-1,qAR,EB7GYR-1:!/;{*"Me4\O   /A=042686 EA272128z4LPwMm\h7`GwJrAU!!Ay|!!J+<1<z!!!!|
2017-07-02 06:33:47 GMT: M0SBU-5>APRS,ED2YAL-15*,WIDE2,qAR,EA5URV-10:!/;{*"Me4\O   /A=042686 EA272128z4LPwMm\h7`GwJrAU!!Ay|!!J+<1<z!!!!|
2017-07-02 06:35:08 GMT: M0SBU-5>APRS,WIDE2-1,qAR,EB7GYR-1:!/;{<BMefRO   /A=042761 EA011526z86vdM,mV[ZLO8h=l!!Ay|!"J)<"<y!!!"|
2017-07-02 06:43:13 GMT: M0SBU-5>APRS,WIDE2-1,qAR,EB7GYR-1:!/<!")Mh&SO   /A=042778 EA272128z4LPwMm\h7`GwJrAU!!Ay|!!J%;W=>!!!!|
2017-07-02 06:45:15 GMT: M0SBU-5>APRS,ED7YAF-3,WIDE2*,qAR,ED7ZAD-3:!/<!,oMh\IO   /A=042817 EA011526z86vdM,mV[ZLO8h=l!!Ay|!"J)<3=D!!!"|
2017-07-02 06:47:19 GMT: M0SBU-5>APRS,ED7ZAC-3,WIDE2*,qAR,EA7CRT:!/<!5pMi8PO   /A=042765 EA011002z6G.UMK'w[WLV:k>6LxAy|!#JB;l=K!!!"|
2017-07-02 06:55:37 GMT: M0SBU-5>APRS,WIDE2-1,qAR,ED7ZAD-3:!/<!edMkd^O   /A=042660 EA011526z86vdM,mV[ZLO8h=l!!Ay|!"J%;O=aQA!"|
2017-07-02 07:04:09 GMT: M0SBU-5>APRS,ED7YAF-3,WIDE2*,qAR,ED7ZAD-3:!/<"FNMn;fO   /A=042446 EA011526z86vdM,mV[ZLO8h=l!!Ay|!"J%<L=`!!!"|
2017-07-02 07:06:13 GMT: M0SBU-5>APRS,ED7YAF-3,WIDE2*,qAR,ED7ZAD-3:!/<"V\MnrmO   /A=042551 EA011002z6G.UMK'w[WLV:k>6LxAy|!#JF;q=W!!!"|
2017-07-02 07:08:14 GMT: M0SBU-5>APRS,ED7YAF-3,WIDE2*,qAR,ED7ZAD-3:!/<"h$MoMOO   /A=042791 EA012008z:"u%M"*G[ZM+:!;O!!!!|!$JS;f=_!!!"|
2017-07-02 07:22:19 GMT: M0SBU-5>APRS,WIDE2-1,qAR,EB7GYR-1:!/<$0HMs_!O   /A=042696 EA272128z4LPwMm\h7`GwJrAU!!Ay|!!J3;d=W!!!!|
2017-07-02 07:24:20 GMT: M0SBU-5>APRS,WIDE2-1,qAR,EB7GYR-1:!/<$E;Mt:gO   /A=042768 EA011526z86vdM,mV[ZLO8h=l!!Ay|!"J-;u=E!!!"|
2017-07-02 07:26:23 GMT: M0SBU-5>APRS,WIDE2-1,qAR,EB7GYR-1:!/<$Z2MtrCO   /A=042814 EA011002z6G.UMK'w[WLV:k>6LxAy|!#JU<R=J!!!"|
2017-07-02 07:30:36 GMT: M0SBU-5>APRS,ED7YAF-3,WIDE2*,qAR,ED7ZAD-3:!/<%#xMv.iO   /A=042729 EA272128z4LPwMm\h7`GwJrAU!!Ay|!!J-;M=E!!!!|
2017-07-02 07:34:43 GMT: M0SBU-5>APRS,ED7YAF-3,WIDE2*,qAR,EB7GYR-1:!/<%NMMwAsO   /A=042771 EA011002z6G.UMK'w[WLV:k>6LxAy|!#JH<9=F!!!$|
2017-07-02 07:36:41 GMT: M0SBU-5>APRS,ED7YAF-3,WIDE2*,qAR,ED7ZAD-3:!/<%eJMwvDO   /A=042834 EA012008z:"u%M"*G[ZM+:!;O!!!!|!$JO<D=?!!!"|
2017-07-02 07:40:51 GMT: M0SBU-5>APRS,ED7YAF-3,WIDE2*,qAR,EB7GYR-1:!/<&+iMy22O   /A=042834 EA272128z4LPwMm\h7`GwJrAU!!Ay|!!J3;f=2!!!!|
2017-07-02 07:42:53 GMT: M0SBU-5>APRS,ED7YAF-3,WIDE2*,qAR,ED7ZAD-3:!/<&8JMyi5O   /A=042847 011526z86vdM,mV[ZLO8h=l!!Ay|!"J5;B=?!!!"|
2017-07-02 07:44:56 GMT: M0SBU-5>APRS,ED7YAF-3,WIDE2*,qAR,ED7ZAD-3:!/<&G;MzFYO   /A=042745 011002z6G.UMK'w[WLV:k>6LxAy|!#JS<@=6!!!"|
2017-07-02 07:57:14 GMT: M0SBU-5>APRS,ED7YAF-3,WIDE2*,qAR,ED7ZAD-3:!/<'BgN#1XO   /A=042870 012008z:"u%M"*G[ZM+:!;O!!!!|!$JY<Y=J!!!"|
2017-07-02 08:07:02 GMT: M0SBU-5>APRS,ED7YAF-3,WIDE2*,qAR,EB7GYR-1:!/<(&VN&/oO   /A=042765 272128z4LPwMm\h7`GwJrAU!!Ay|!!J5<L=7!!!!|
2017-07-02 08:09:04 GMT: M0SBU-5>APRS,ED7YAF-3,WIDE2*,qAR,ED7ZAD-3:!/<(5'N&fzO   /A=042817 011526z86vdM,mV[ZLO8h=l!!Ay|!"J8<$=5!!!"|
2017-07-02 08:11:07 GMT: M0SBU-5>APRS,ED7YAF-3,WIDE2*,qAR,ED7ZAD-3:!/<(BhN'C:O   /A=042886 011002z6G.UMK'w[WLV:k>6LxAy|!#J[<J=,!!!"|
2017-07-02 08:17:24 GMT: M0SBU-5>APRS,ED7YAF-3,WIDE2*,qAR,EB7GYR-1:!/<(k1N)>GO   /A=042896 011526z86vdM,mV[ZLO8h=l!!Ay|!"J<;>=4!!!"|
2017-07-02 08:25:42 GMT: M0SBU-5>APRS,ED2YAL-15*,WIDE2,qAR,EA5AHQ-15:!/<)U6N+uxO   /A=042781 011526z86vdM,mV[ZLO8h=l!!Ay|!"J8;W=5!!!"|
2017-07-02 08:34:34 GMT: M0SBU-5>APRS,WIDE2-1,qAR,EA5URJ-10:!/<*S-N.dDO   /A=042889 272128z4LPwMm\h7`GwJrAU!!Ay|!!J8;l=4!!!!|
2017-07-02 08:36:35 GMT: M0SBU-5>APRS,WIDE2-1,qAR,EA5URJ-10:!/<*kON/C2O   /A=042866 011526z86vdM,mV[ZLO8h=l!!Ay|!"J8;Y=<!!!"|
2017-07-02 08:40:28 GMT: M0SBU-5>APRS,ED7YAF-3,WIDE2*,qAR,ED7ZAD-3:!/<+@9N0W)O   /A=042912 272128z4LPwMm\h7`GwJrAU!!Ay|!!J8;@=>!!!!|
2017-07-02 08:44:28 GMT: M0SBU-5>APRS,WIDE2-1,qAR,EA5AHQ-10:!/<+v=N1qBO   /A=042834 011002z6G.UMK'w[WLV:k>6LxAy|!#J<;{=&!!!"|
2017-07-02 08:46:32 GMT: M0SBU-5>APRS,WIDE2-1,qAR,EA5AHQ-10:!/<,82N2R*O   /A=042857 012008z:"u%M"*G[ZM+:!;O!!!!|!$Jd<p<{!!!"|
2017-07-02 08:48:33 GMT: M0SBU-5>APRS,WIDE2-1,qAR,EA5AHQ-10:!/<,UUN30cO   /A=042912 010725z5R72McEo[TLQ8<>tJfAy|!%J]<D<v!!!"|
2017-07-02 08:52:48 GMT: M0SBU-5>APRS,WIDE2-1,qAR,EA5AHQ-10:!/<-;nN4Q+O   /A=042909 272128z4LPwMm\h7`GwJrAU!!Ay|!!J3;M=7!!!!|
2017-07-02 08:56:53 GMT: M0SBU-5>APRS,WIDE2-1,qAR,EA5URJ-10:!/<.#)N5m^O   /A=042801 011002z6G.UMK'w[WLV:k>6LxAy|!#JW;s=<!!!"|
2017-07-02 08:58:54 GMT: M0SBU-5>APRS,WIDE2-1,qAR,EA5URJ-10:!/<.D`N6OSO   /A=042837 012008z:"u%M"*G[ZM+:!;O!!!!|!$Jf;j=?!!!"|
2017-07-02 09:03:10 GMT: M0SBU-5>APRS,WIDE2-1,qAR,EA5AHQ-10:!/</0IN7r)O   /A=042909 272128z4LPwMm\h7`GwJrAU!!Ay|!!J<;U=:!!!!|
2017-07-02 09:05:11 GMT: M0SBU-5>APRS,WIDE2-1,qAR,EA5URJ-10:!/</P]N8R(O   /A=042843 011526z86vdM,mV[ZLO8h=l!!Ay|!"J@<P=7!!!"|
2017-07-02 09:07:14 GMT: M0SBU-5>APRS,WIDE2-1,qAR,EA5URJ-10:!/</qRN93pO   /A=042886 011002z6G.UMK'w[WLV:k>6LxAy|!#J[<R=0!!!"|
2017-07-02 09:13:51 GMT: M0SBU-5>APRS,ED7YAF-3,WIDE2*,qAR,EB7GYR-1:!/<1%rN;BMO   /A=042778 272128z4LPwMm\h7`GwJrAU!!Ay|!!J3<U=6!!!!|
2017-07-02 09:15:55 GMT: M0SBU-5>APRS,ED2YAL-15*,WIDE2,qAR,EA5AHQ-15:!/<1G8N<#uO   /A=042889 011526z86vdM,mV[ZLO8h=l!!Ay|!"J></=6!!!"|
2017-07-02 09:31:43 GMT: M0SBU-5>APRS,WIDE2-1,qAR,EA5AHQ-10:!/<4%CNA0UO   /A=042912 272128z4LPwMm\h7`GwJrAU!!Ay|!!J<;w<n!!!!|
2017-07-02 09:33:44 GMT: M0SBU-5>APRS,WIDE2-1,qAR,EA5AHQ-10:!/<4B6NAl5O   /A=042683 011526z86vdM,mV[ZLO8h=l!!Ay|!"J:<N<hHT!"|
2017-07-02 10:06:29 GMT: M0SBU-5>APRS,ED2YAL-15*,WIDE2,qAR,EA5URV-10:!/<7F)NKw6O   /A=042706 7X011526z86vdM,mV[ZLO8h=l!!Ay|!"J8<+<g!!!!|
2017-07-02 10:08:27 GMT: M0SBU-5>APRS,ED7YAF-3,WIDE2*,qAR,ED7ZAD-3:!/<7JwNLOiO   /A=042732 7X011002z6G.UMK'w[WLV:k>6LxAy|!#J><(<rAy!"|
2017-07-02 11:54:13 GMT: M0SBU-5>APRS,WIDE2-1,qAR,EA5URJ-10:!/<1CxNl{uO   /A=042752 7X011002z6G.UMK'w[WLV:k>6LxAy|!#Jp;q;wGK!"|
2017-07-02 15:35:36 GMT: M0SBU-5>APRS,WIDE2-1,qAR,EA6VQ-15:!/;koSO`r!O   /A=042673 7X011526z86vdM,mV[ZLO8h=l!!Ay|!"J:;-=v!!!"|
2017-07-02 15:37:39 GMT: M0SBU-5>APRS,WIDE2-1,qAR,EA6VQ-15:!/;kNNOafxO   /A=042735 7X011002z6G.UMK'w[WLV:k>6LxAy|!#Jb;{>%O/!"|
2017-07-02 15:39:41 GMT: M0SBU-5>APRS,WIDE2-1,qAR,EA6VQ-15:!/;k-[Ob[,O   /A=042748 7X012008z:"u%M"*G[ZM+:!;O!!!!|!$Jd;n=qN&!"|
2017-07-02 15:57:47 GMT: M0SBU-5>APRS,WIDE2-1,qAR,EA6VQ-15:!/;h>1OjX5O   /A=042706 011526z86vdM,mV[ZLO8h=l!!Ay|!"JJ<(=Z!!!"|
2017-07-02 17:22:54 GMT: M0SBU-5>APRS,WIDE2-1,qAR,IS0CAP:!/;YV4P9wFO   /A=042525 012008z:"u%M"*G[ZM+:!;O!!!!|!$Jn;`=O!!!"|
2017-07-02 17:27:06 GMT: M0SBU-5>APRS,WIDE2-1,qAR,IS0CAP:!/;Xp_P<5YO   /A=042581 272128z4LPwMm\h7`GwJrAU!!Ay|!!JF;`=fO/!!|
2017-07-02 17:29:07 GMT: M0SBU-5>APRS,WIDE2-1,qAR,IS0CAP:!/;XP-P=>=O   /A=042604 011526z86vdM,mV[ZLO8h=l!!Ay|!"JJ:m=sVn!"|
2017-07-02 17:32:57 GMT: M0SBU-5>APRS,WIDE2-1,qAR,IS0CAP:!/;WoiP?FgO   /A=042506 272128z4LPwMm\h7`GwJrAU!!Ay|!!JJ;4=z!!!!|
2017-07-02 17:34:58 GMT: M0SBU-5>APRS,WIDE2-1,qAR,IS0CAP:!/;WQ'P@Q]O   /A=042496 011526z86vdM,mV[ZLO8h=l!!Ay|!"JM;S=y!!!!|
2017-07-02 17:36:59 GMT: M0SBU-5>APRS,WIDE2-1,qAR,IS0CAP:!/;W1[PA]LO   /A=042512 011002z6G.UMK'w[WLV:k>6LxAy|!#JF;K=r!!!"|
2017-07-02 17:41:06 GMT: M0SBU-5>APRS,WIDE2-1,qAR,IS0CAP:!/;VKPPCy*O   /A=042512 010725z5R72McEo[TLQ8<>tJfAy|!%Jn<-=]!!!"|
2017-07-02 17:45:19 GMT: M0SBU-5>APRS,WIDE2-1,qAR,IS0CAP:!/;UcCPFE#O   /A=042496 272128z4LPwMm\h7`GwJrAU!!Ay|!!JH:o=u!!!!|
2017-07-02 17:47:19 GMT: M0SBU-5>APRS,WIDE2-1,qAR,IS0CAP:!/;UD(PGU>O   /A=042499 011526z86vdM,mV[ZLO8h=l!!Ay|!"J5;W=rVn!"|
2017-07-02 17:52:33 GMT: M0SBU-5>APRS,WIDE2-1,qAR,IS0AML-12:!/;TWlPJ]3O   /A=042427 272128z4LPwMm\h7`GwJrAU!!Ay|!!J@;u=g!!!!|
2017-07-02 17:54:34 GMT: M0SBU-5>APRS,WIDE2-1,qAR,IS0AML-12:!/;T>%PKpAO   /A=042427 011526z86vdM,mV[ZLO8h=l!!Ay|!"JF;%=a!!!!|
2017-07-02 17:56:34 GMT: M0SBU-5>APRS,WIDE2-1,qAR,IS0CAP:!/;T$sPM)<O   /A=042548 011002z6G.UMK'w[WLV:k>6LxAy|!#JH;M=^P8!"|
2017-07-02 17:58:38 GMT: M0SBU-5>APRS,WIDE2-1,qAR,IS0AML-12:!/;Sf8PN?5O   /A=042525 012008z:"u%M"*G[ZM+:!;O!!!!|!$J]<F=^!!!"|
2017-07-02 18:00:52 GMT: M0SBU-5>APRS,WIDE2-1,qAR,IS0CAP:!/;SIIPO_TO   /A=042427 010725z5R72McEo[TLQ8<>tJfAy|!%J_<B=b!!!0|
2017-07-02 18:04:56 GMT: M0SBU-5>APRS,WIDE2-1,qAR,IS0AML-12:!/;Rv/PR/yO   /A=042450 272128z4LPwMm\h7`GwJrAU!!Ay|!!JD:?=j!!!!|
2017-07-02 18:06:56 GMT: M0SBU-5>APRS,WIDE2-1,qAR,IS0CAP:!/;Re2PSD)O   /A=042538 011526z86vdM,mV[ZLO8h=l!!Ay|!"JB;+=hI]!!|
2017-07-02 18:08:57 GMT: M0SBU-5>APRS,WIDE2-1,qAR,IS0CAP:!/;RS:PTX`O   /A=042460 011002z6G.UMK'w[WLV:k>6LxAy|!#JO</=]FB!"|
2017-07-02 18:28:27 GMT: M0SBU-5>APRS,WIDE2-1,qAR,IS0AML-12:!/;Q.\P`UuO   /A=042463 272128z4LPwMm\h7`GwJrAU!!Ay|!!JM;h=5!!!!|
2017-07-02 18:30:28 GMT: M0SBU-5>APRS,WIDE2-1,qAR,IS0AML-12:!/;Q%9Pal[O   /A=042342 011526z86vdM,mV[ZLO8h=l!!Ay|!"JM;D=6!!!!|
2017-07-02 18:32:29 GMT: M0SBU-5>APRS,WIDE2-1,qAR,IS0AML-12:!/;Pw@Pc'PO   /A=042338 011002z6G.UMK'w[WLV:k>6LxAy|!#J>;K=$!!!"|
2017-07-02 18:34:32 GMT: M0SBU-5>APRS,WIDE2-1,qAR,IS0AML-12:!/;Pl'Pd>&O   /A=042417 012008z:"u%M"*G[ZM+:!;O!!!!|!$Jw;y<{!!!"|
2017-07-02 18:38:51 GMT: M0SBU-5>APRS,WIDE2,qAR,IZ0DCK:!/;PT#PfwaO   /A=042414 272128z4LPwMm\h7`GwJrAU!!Ay|!!JM<L<z!!!!|
2017-07-02 18:42:54 GMT: M0SBU-5>APRS,WIDE2-1,qAR,IS0CAP:!/;P=ZPiHKO   /A=042565 011002z6G.UMK'w[WLV:k>6LxAy|!#Jj<e<j!!!"|
2017-07-02 18:47:06 GMT: M0SBU-5>APRS,WIDE2-1,qAR,IH9PFY:!/;OzVPl"JO   /A=042161 272128z4LPwMm\h7`GwJrAU!!Ay|!!JO<B<M!!!!|
2017-07-02 18:49:07 GMT: M0SBU-5>APRS,WIDE2-1,qAR,IS0CAP:!/;OlLPm87O   /A=042191 011526z86vdM,mV[ZLO8h=l!!Ay|!"JJ;{<<!!!"|
2017-07-02 18:51:23 GMT: M0SBU-5>APRS,WIDE2-1,qAR,IS0CAP:!/;OYYPn\"O   /A=042335 011002z6G.UMK'w[WLV:k>6LxAy|!#Jy<l<+!!!1|
2017-07-02 18:55:41 GMT: M0SBU-5>APRS,WIDE2-1,qAR,IS0CAP-7:!/;O71Pq9$O   /A=042410 272128z4LPwMm\h7`GwJrAU!!Ay|!!JF<L;{!!!!|
2017-07-02 18:57:42 GMT: M0SBU-5>APRS,WIDE2-1,qAR,IS0CAP-7:!/;O&tPrOUO   /A=042355 3V011526z86vdM,mV[ZLO8h=l!!Ay|!"JJ<=;g!!!"|
2017-07-02 18:59:45 GMT: M0SBU-5>APRS,WIDE2-1,qAR,IS0CAP-7:!/;NopPsh-O   /A=042289 3V011002z6G.UMK'w[WLV:k>6LxAy|!#K(<L;U!!!"|
2017-07-02 19:06:00 GMT: M0SBU-5>APRS,WIDE2-1,qAR,IS0AML-12:!/;NAXPw^CO   /A=042302 3V011526z86vdM,mV[ZLO8h=l!!Ay|!"JM12;*!!!"|
2017-07-02 19:08:03 GMT: M0SBU-5>APRS,WIDE2-1,qAR,IW9GTD-11:!/;N4?PxtdO   /A=042420 011002z6G.UMK'w[WLV:k>6LxAy|!#Jt0c:l!!!"|
2017-07-02 19:10:04 GMT: M0SBU-5>APRS,WIDE2-1,qAR,IW9GTD-11:!/;M{#Pz.dO   /A=042250 012008z:"u%M"*G[ZM+:!;O!!!!|!$Jw/h:X!!!"|
2017-07-02 19:12:05 GMT: M0SBU-5>APRS,WIDE2-1,qAR,IW9GTD-11:!/;MeqP{DuO   /A=042086 010725z5R72McEo[TLQ8<>tJfAy|!%K&.k:I!!!"|
2017-07-02 19:14:06 GMT: M0SBU-5>APRS,WIDE2-1,qAR,IS0CAP:!/;MT"Q!YqO   /A=042168 011720z8w.aM*=J[\L\:0>?!!Ay|!&Jy-p::!!!"|
2017-07-02 19:16:08 GMT: M0SBU-5>APRS,WIDE2-1,qAR,IW9GTD-11:!/;MC9Q"onO   /A=042115 011252z7AaEM8ix[XLI9a=^QAAy|!'Jn,b:2!!!%|
2017-07-02 19:20:09 GMT: M0SBU-5>APRS,WIDE2-1,qAR,IS0CAP:!/;M#oQ%;+O   /A=042191 282137z4LPqMm\h8dLsLVAk!!+{|!)Jf)o:(!!!"|
2017-07-02 19:22:10 GMT: M0SBU-5>APRS,WIDE2-1,qAR,IW9GTD-11:!/;LliQ&N)O   /A=042204 011632z8ZXHM*wx[\LQ9L>N!!Ay|!*Jw'y:"!!!"|
2017-07-02 19:30:11 GMT: M0SBU-5>APRS,WIDE2-1,qAR,IW9GTD-11:!/;KrLQ+@>O   /A=042305 272128z4LPwMm\h7`GwJrAU!!Ay|!!@q&#9{!!!!|
2017-07-02 19:32:12 GMT: M0SBU-5>APRS,WIDE2-1,qAR,IW9GTD-11:!/;K\dQ,S8O   /A=042315 021911z;MeqP{Du[UK&.k:I!!!!|!"@M%x9{!!!"|
2017-07-02 19:34:15 GMT: M0SBU-5>APRS,WIDE2-1,qAR,IW9GTD-11:!/;KE_Q-gcO   /A=042135 011526z86vdM,mV[ZLO8h=l!!Ay|!#BR&%9w!!!"|
2017-07-02 19:38:32 GMT: M0SBU-5>APRS,WIDE2-1,qAR,IW9GTD-11:!/;Jr5Q0<%O   /A=042374 011002z6G.UMK'w[WLV:k>6LxAy|!$>Y&#9{!!!!|
2017-07-02 19:42:42 GMT: M0SBU-5>APRS,WIDE2-1,qAR,IW9GTD-11:!/;JC@Q2i(O   /A=042250 272128z4LPwMm\h7`GwJrAU!!Ay|!!?5%p9w!!!!|
2017-07-02 19:44:42 GMT: M0SBU-5>APRS,WIDE2-1,qAR,IH9PFY:!/;J*[Q4"KO   /A=042397 021911z;MeqP{Du[UK&.k:I!!!!|!">[%t:#!!!"|
2017-07-02 19:46:47 GMT: M0SBU-5>APRS,WIDE2-1,qAR,IW9GTD-11:!/;IlbQ5=%O   /A=042371 011526z86vdM,mV[ZLO8h=l!!Ay|!#A-%i9r!!!"|
2017-07-02 19:48:48 GMT: M0SBU-5>APRS,WIDE2-1,qAR,IH9PFY:!/;IVbQ6U4O   /A=042191 011002z6G.UMK'w[WLV:k>6LxAy|!$@w%x9q!!!"|
2017-07-02 19:50:49 GMT: M0SBU-5>APRS,WIDE2-1,qAR,IH9PFY:!/;I>"Q7l&O   /A=042164 012008z:"u%M"*G[ZM+:!;O!!!!|!%@`%r9p!!!"|
2017-07-02 19:52:50 GMT: M0SBU-5>APRS,WIDE2-1,qAR,IW9GTD-11:!/;I&JQ9(@O   /A=042250 010725z5R72McEo[TLQ8<>tJfAy|!&@z%k9r!!!"|
2017-07-02 19:54:51 GMT: M0SBU-5>APRS,WIDE2-1,qAR,IW9GTD-11:!/;HjMQ:@SO   /A=042322 011720z8w.aM*=J[\L\:0>?!!Ay|!'@X%_9s!!!"|
2017-07-02 19:56:52 GMT: M0SBU-5>APRS,WIDE2-1,qAR,IW9GTD-11:!/;HRCQ;ZDO   /A=042286 011252z7AaEM8ix[XLI9a=^QAAy|!(@u%a9p!!!$|
2017-07-02 20:01:08 GMT: M0SBU-5>APRS,WIDE2-1,qAR,IW9GTD-11:!/;GuqQ>>MO   /A=042089 012341z;,KdM%r6[]=g#<9D!!!!|!);s%c9r!!!!|
2017-07-02 20:05:17 GMT: M0SBU-5>APRS,WIDE2-1,qAR,IW9GTD-11:!/;G<.Q@sHO   /A=042289 272128z4LPwMm\h7`GwJrAU!!Ay|!!;u%]:"!!!!|
2017-07-02 20:07:18 GMT: M0SBU-5>APRS,WIDE2-1,qAR,IH9PFY:!/;G"JQB/bO   /A=042305 021911z;MeqP{Du[UK&.k:I!!!!|!";:%N:%!!!"|
2017-07-02 20:09:21 GMT: M0SBU-5>APRS,WIDE2-1,qAR,IH9PFY:!/;FdQQCIWO   /A=042276 011526z86vdM,mV[ZLO8h=l!!Ay|!#>p%V9{!!!"|
2017-07-02 20:11:22 GMT: M0SBU-5>APRS,WIDE2-1,qAR,IW9GTD-11:!/;FO$QDb_O   /A=042319 011002z6G.UMK'w[WLV:k>6LxAy|!$?v%J9p!!!"|
2017-07-02 20:15:24 GMT: M0SBU-5>APRS,WIDE2-1,qAR,IW9GTD-11:!/;F2sQGA_O   /A=042259 010725z5R72McEo[TLQ8<>tJfAy|!&?=%P9t!!!$|
2017-07-02 20:17:25 GMT: M0SBU-5>APRS,WIDE2-1,qAR,IW9GTD-11:!/;F%bQH\QO   /A=042066 011720z8w.aM*=J[\L\:0>?!!Ay|!'?1%N9r!!!"|
